[ 2016-07-22T16:02:06+08:00 ] ::1 /zwj/
INFO: [ app_init ] --START--
INFO: Run Behavior\BuildLiteBehavior [ RunTime:0.000012s ]
INFO: Run Common\Behavior\InitHookBehavior [ RunTime:0.001922s ]
INFO: [ app_init ] --END-- [ RunTime:0.002302s ]
INFO: [ app_begin ] --START--
INFO: Run Behavior\ReadHtmlCacheBehavior [ RunTime:0.000578s ]
INFO: [ app_begin ] --END-- [ RunTime:0.000634s ]
SQL: SHOW COLUMNS FROM `lyh_user` [ RunTime:0.0029s ]
SQL: SHOW COLUMNS FROM `lyh_table` [ RunTime:0.0020s ]
SQL: SELECT * FROM `lyh_table` WHERE `table` = 'User' ORDER BY sort asc  [ RunTime:0.0005s ]
SQL: SELECT * FROM `lyh_user` WHERE ( id = 3 ) LIMIT 1   [ RunTime:0.0003s ]
SQL: SHOW COLUMNS FROM `lyh_cart` [ RunTime:0.0021s ]
SQL: SELECT * FROM `lyh_table` WHERE `table` = 'Cart' ORDER BY sort asc  [ RunTime:0.0004s ]
NOTIC: [8] Undefined variable: _auto E:\xampp\htdocs\zwj\App\Common\Model\PublicModel.class.php 第 70 行.
ERR: SQLSTATE[42S22]: Column not found: 1054 Unknown column 'user_id' in 'where clause'

[ 2016-07-22T16:02:48+08:00 ] ::1 /zwj/
INFO: [ app_init ] --START--
INFO: Run Behavior\BuildLiteBehavior [ RunTime:0.000013s ]
INFO: Run Common\Behavior\InitHookBehavior [ RunTime:0.001355s ]
INFO: [ app_init ] --END-- [ RunTime:0.001738s ]
INFO: [ app_begin ] --START--
INFO: Run Behavior\ReadHtmlCacheBehavior [ RunTime:0.000448s ]
INFO: [ app_begin ] --END-- [ RunTime:0.000494s ]
SQL: SHOW COLUMNS FROM `lyh_user` [ RunTime:0.0020s ]
SQL: SHOW COLUMNS FROM `lyh_table` [ RunTime:0.0017s ]
SQL: SELECT * FROM `lyh_table` WHERE `table` = 'User' ORDER BY sort asc  [ RunTime:0.0006s ]
SQL: SELECT * FROM `lyh_user` WHERE ( id = 3 ) LIMIT 1   [ RunTime:0.0002s ]

[ 2016-07-22T16:05:20+08:00 ] ::1 /zwj/
INFO: [ app_init ] --START--
INFO: Run Behavior\BuildLiteBehavior [ RunTime:0.000012s ]
INFO: Run Common\Behavior\InitHookBehavior [ RunTime:0.002350s ]
INFO: [ app_init ] --END-- [ RunTime:0.002748s ]
INFO: [ app_begin ] --START--
INFO: Run Behavior\ReadHtmlCacheBehavior [ RunTime:0.000545s ]
INFO: [ app_begin ] --END-- [ RunTime:0.000592s ]
SQL: SHOW COLUMNS FROM `lyh_user` [ RunTime:0.0019s ]
SQL: SHOW COLUMNS FROM `lyh_table` [ RunTime:0.0017s ]
SQL: SELECT * FROM `lyh_table` WHERE `table` = 'User' ORDER BY sort asc  [ RunTime:0.0006s ]
SQL: SELECT * FROM `lyh_user` WHERE ( id = 3 ) LIMIT 1   [ RunTime:0.0002s ]
SQL: SHOW COLUMNS FROM `lyh_cart` [ RunTime:0.0016s ]
SQL: SELECT * FROM `lyh_table` WHERE `table` = 'Cart' ORDER BY sort asc  [ RunTime:0.0004s ]
NOTIC: [8] Undefined variable: _auto E:\xampp\htdocs\zwj\App\Common\Model\PublicModel.class.php 第 70 行.

[ 2016-07-22T16:08:08+08:00 ] ::1 /zwj/
INFO: [ app_init ] --START--
INFO: Run Behavior\BuildLiteBehavior [ RunTime:0.000012s ]
INFO: Run Common\Behavior\InitHookBehavior [ RunTime:0.002053s ]
INFO: [ app_init ] --END-- [ RunTime:0.002420s ]
INFO: [ app_begin ] --START--
INFO: Run Behavior\ReadHtmlCacheBehavior [ RunTime:0.000564s ]
INFO: [ app_begin ] --END-- [ RunTime:0.000621s ]
SQL: SHOW COLUMNS FROM `lyh_user` [ RunTime:0.0029s ]
SQL: SHOW COLUMNS FROM `lyh_table` [ RunTime:0.0017s ]
SQL: SELECT * FROM `lyh_table` WHERE `table` = 'User' ORDER BY sort asc  [ RunTime:0.0006s ]
SQL: SELECT * FROM `lyh_user` WHERE ( id = 3 ) LIMIT 1   [ RunTime:0.0003s ]
SQL: SHOW COLUMNS FROM `lyh_cart` [ RunTime:0.0015s ]
SQL: SELECT * FROM `lyh_table` WHERE `table` = 'Cart' ORDER BY sort asc  [ RunTime:0.0004s ]
NOTIC: [8] Undefined variable: _auto E:\xampp\htdocs\zwj\App\Common\Model\PublicModel.class.php 第 70 行.

[ 2016-07-22T16:10:21+08:00 ] ::1 /zwj/
INFO: [ app_init ] --START--
INFO: Run Behavior\BuildLiteBehavior [ RunTime:0.000012s ]
INFO: Run Common\Behavior\InitHookBehavior [ RunTime:0.002171s ]
INFO: [ app_init ] --END-- [ RunTime:0.002543s ]
INFO: [ app_begin ] --START--
INFO: Run Behavior\ReadHtmlCacheBehavior [ RunTime:0.000566s ]
INFO: [ app_begin ] --END-- [ RunTime:0.000616s ]
SQL: SHOW COLUMNS FROM `lyh_user` [ RunTime:0.0020s ]
SQL: SHOW COLUMNS FROM `lyh_table` [ RunTime:0.0018s ]
SQL: SELECT * FROM `lyh_table` WHERE `table` = 'User' ORDER BY sort asc  [ RunTime:0.0006s ]
SQL: SELECT * FROM `lyh_user` WHERE ( id = 3 ) LIMIT 1   [ RunTime:0.0003s ]
SQL: SHOW COLUMNS FROM `lyh_cart` [ RunTime:0.0014s ]
SQL: SELECT * FROM `lyh_table` WHERE `table` = 'Cart' ORDER BY sort asc  [ RunTime:0.0003s ]
NOTIC: [8] Undefined variable: _auto E:\xampp\htdocs\zwj\App\Common\Model\PublicModel.class.php 第 70 行.
ERR: SQLSTATE[42S22]: Column not found: 1054 Unknown column 'user_id' in 'where clause'

[ 2016-07-22T16:10:42+08:00 ] ::1 /zwj/
INFO: [ app_init ] --START--
INFO: Run Behavior\BuildLiteBehavior [ RunTime:0.000012s ]
INFO: Run Common\Behavior\InitHookBehavior [ RunTime:0.001325s ]
INFO: [ app_init ] --END-- [ RunTime:0.001649s ]
INFO: [ app_begin ] --START--
INFO: Run Behavior\ReadHtmlCacheBehavior [ RunTime:0.000461s ]
INFO: [ app_begin ] --END-- [ RunTime:0.000510s ]
SQL: SHOW COLUMNS FROM `lyh_user` [ RunTime:0.0019s ]
SQL: SHOW COLUMNS FROM `lyh_table` [ RunTime:0.0017s ]
SQL: SELECT * FROM `lyh_table` WHERE `table` = 'User' ORDER BY sort asc  [ RunTime:0.0004s ]
SQL: SELECT * FROM `lyh_user` WHERE ( id = 3 ) LIMIT 1   [ RunTime:0.0002s ]
SQL: SHOW COLUMNS FROM `lyh_cart` [ RunTime:0.0015s ]
SQL: SELECT * FROM `lyh_table` WHERE `table` = 'Cart' ORDER BY sort asc  [ RunTime:0.0003s ]
NOTIC: [8] Undefined variable: _auto E:\xampp\htdocs\zwj\App\Common\Model\PublicModel.class.php 第 70 行.

[ 2016-07-22T16:13:36+08:00 ] ::1 /zwj/
INFO: [ app_init ] --START--
INFO: Run Behavior\BuildLiteBehavior [ RunTime:0.000012s ]
INFO: Run Common\Behavior\InitHookBehavior [ RunTime:0.001904s ]
INFO: [ app_init ] --END-- [ RunTime:0.002273s ]
INFO: [ app_begin ] --START--
INFO: Run Behavior\ReadHtmlCacheBehavior [ RunTime:0.000560s ]
INFO: [ app_begin ] --END-- [ RunTime:0.000607s ]
SQL: SHOW COLUMNS FROM `lyh_user` [ RunTime:0.0020s ]
SQL: SHOW COLUMNS FROM `lyh_table` [ RunTime:0.0018s ]
SQL: SELECT * FROM `lyh_table` WHERE `table` = 'User' ORDER BY sort asc  [ RunTime:0.0005s ]
SQL: SELECT * FROM `lyh_user` WHERE ( id = 3 ) LIMIT 1   [ RunTime:0.0003s ]
SQL: SHOW COLUMNS FROM `lyh_cart` [ RunTime:0.0022s ]
SQL: SELECT * FROM `lyh_table` WHERE `table` = 'Cart' ORDER BY sort asc  [ RunTime:0.0004s ]
NOTIC: [8] Undefined variable: _auto E:\xampp\htdocs\zwj\App\Common\Model\PublicModel.class.php 第 70 行.
SQL: SELECT * FROM `lyh_cart`  [ RunTime:0.0001s ]

[ 2016-07-22T16:15:55+08:00 ] ::1 /zwj/
INFO: [ app_init ] --START--
INFO: Run Behavior\BuildLiteBehavior [ RunTime:0.000012s ]
INFO: Run Common\Behavior\InitHookBehavior [ RunTime:0.001919s ]
INFO: [ app_init ] --END-- [ RunTime:0.002297s ]
INFO: [ app_begin ] --START--
INFO: Run Behavior\ReadHtmlCacheBehavior [ RunTime:0.000850s ]
INFO: [ app_begin ] --END-- [ RunTime:0.000902s ]
SQL: SHOW COLUMNS FROM `lyh_user` [ RunTime:0.0020s ]
SQL: SHOW COLUMNS FROM `lyh_table` [ RunTime:0.0041s ]
SQL: SELECT * FROM `lyh_table` WHERE `table` = 'User' ORDER BY sort asc  [ RunTime:0.0005s ]
SQL: SELECT * FROM `lyh_user` WHERE ( id = 3 ) LIMIT 1   [ RunTime:0.0002s ]
SQL: SHOW COLUMNS FROM `lyh_cart` [ RunTime:0.0014s ]
SQL: SELECT * FROM `lyh_table` WHERE `table` = 'Cart' ORDER BY sort asc  [ RunTime:0.0003s ]
NOTIC: [8] Undefined variable: _auto E:\xampp\htdocs\zwj\App\Common\Model\PublicModel.class.php 第 70 行.
ERR: SQLSTATE[42S22]: Column not found: 1054 Unknown column 'user_id' in 'where clause'

[ 2016-07-22T16:20:14+08:00 ] ::1 /zwj/
INFO: [ app_init ] --START--
INFO: Run Behavior\BuildLiteBehavior [ RunTime:0.000012s ]
INFO: Run Common\Behavior\InitHookBehavior [ RunTime:0.001355s ]
INFO: [ app_init ] --END-- [ RunTime:0.001685s ]
INFO: [ app_begin ] --START--
INFO: Run Behavior\ReadHtmlCacheBehavior [ RunTime:0.000468s ]
INFO: [ app_begin ] --END-- [ RunTime:0.000517s ]
SQL: SHOW COLUMNS FROM `lyh_user` [ RunTime:0.0038s ]
SQL: SHOW COLUMNS FROM `lyh_table` [ RunTime:0.0039s ]
SQL: SELECT * FROM `lyh_table` WHERE `table` = 'User' ORDER BY sort asc  [ RunTime:0.0010s ]
SQL: SELECT * FROM `lyh_user` WHERE ( id = 3 ) LIMIT 1   [ RunTime:0.0005s ]
SQL: SHOW COLUMNS FROM `lyh_cart` [ RunTime:0.0034s ]
SQL: SELECT * FROM `lyh_table` WHERE `table` = 'Cart' ORDER BY sort asc  [ RunTime:0.0007s ]
NOTIC: [8] Undefined variable: _auto E:\xampp\htdocs\zwj\App\Common\Model\PublicModel.class.php 第 70 行.
SQL: SELECT * FROM `lyh_cart` WHERE ( user_id  = 3 )  [ RunTime:0.0004s ]

[ 2016-07-22T16:21:59+08:00 ] ::1 /zwj/
INFO: [ app_init ] --START--
INFO: Run Behavior\BuildLiteBehavior [ RunTime:0.000012s ]
INFO: Run Common\Behavior\InitHookBehavior [ RunTime:0.001933s ]
INFO: [ app_init ] --END-- [ RunTime:0.002301s ]
INFO: [ app_begin ] --START--
INFO: Run Behavior\ReadHtmlCacheBehavior [ RunTime:0.000568s ]
INFO: [ app_begin ] --END-- [ RunTime:0.000620s ]
SQL: SHOW COLUMNS FROM `lyh_user` [ RunTime:0.0029s ]
SQL: SHOW COLUMNS FROM `lyh_table` [ RunTime:0.0033s ]
SQL: SELECT * FROM `lyh_table` WHERE `table` = 'User' ORDER BY sort asc  [ RunTime:0.0008s ]
SQL: SELECT * FROM `lyh_user` WHERE ( id = 3 ) LIMIT 1   [ RunTime:0.0004s ]
SQL: SHOW COLUMNS FROM `lyh_cart` [ RunTime:0.0024s ]
SQL: SELECT * FROM `lyh_table` WHERE `table` = 'Cart' ORDER BY sort asc  [ RunTime:0.0005s ]
NOTIC: [8] Undefined variable: _auto E:\xampp\htdocs\zwj\App\Common\Model\PublicModel.class.php 第 70 行.
SQL: SELECT * FROM `lyh_cart` WHERE ( user_id  = 3 )  [ RunTime:0.0003s ]
NOTIC: [2] Invalid argument supplied for foreach() E:\xampp\htdocs\zwj\App\Home\Model\CartModel.class.php 第 14 行.
NOTIC: [8] Undefined variable: goodsname E:\xampp\htdocs\zwj\App\Home\Model\CartModel.class.php 第 36 行.
ERR: SQLSTATE[42S02]: Base table or view not found: 1146 Table 'zwjlyh.lyh_' doesn't exist

[ 2016-07-22T16:22:34+08:00 ] ::1 /zwj/
INFO: [ app_init ] --START--
INFO: Run Behavior\BuildLiteBehavior [ RunTime:0.000013s ]
INFO: Run Common\Behavior\InitHookBehavior [ RunTime:0.003669s ]
INFO: [ app_init ] --END-- [ RunTime:0.004055s ]
INFO: [ app_begin ] --START--
INFO: Run Behavior\ReadHtmlCacheBehavior [ RunTime:0.000454s ]
INFO: [ app_begin ] --END-- [ RunTime:0.000503s ]
SQL: SHOW COLUMNS FROM `lyh_user` [ RunTime:0.0019s ]
SQL: SHOW COLUMNS FROM `lyh_table` [ RunTime:0.0023s ]
SQL: SELECT * FROM `lyh_table` WHERE `table` = 'User' ORDER BY sort asc  [ RunTime:0.0007s ]
SQL: SELECT * FROM `lyh_user` WHERE ( id = 3 ) LIMIT 1   [ RunTime:0.0003s ]
SQL: SHOW COLUMNS FROM `lyh_cart` [ RunTime:0.0016s ]
SQL: SELECT * FROM `lyh_table` WHERE `table` = 'Cart' ORDER BY sort asc  [ RunTime:0.0004s ]
NOTIC: [8] Undefined variable: _auto E:\xampp\htdocs\zwj\App\Common\Model\PublicModel.class.php 第 70 行.
SQL: SELECT * FROM `lyh_cart` WHERE ( user_id  = 3 )  [ RunTime:0.0002s ]
NOTIC: [2] Invalid argument supplied for foreach() E:\xampp\htdocs\zwj\App\Home\Model\CartModel.class.php 第 14 行.
NOTIC: [8] Undefined variable: goodsname E:\xampp\htdocs\zwj\App\Home\Model\CartModel.class.php 第 33 行.
ERR: SQLSTATE[42S02]: Base table or view not found: 1146 Table 'zwjlyh.lyh_' doesn't exist

[ 2016-07-22T16:22:46+08:00 ] ::1 /zwj/
INFO: [ app_init ] --START--
INFO: Run Behavior\BuildLiteBehavior [ RunTime:0.000013s ]
INFO: Run Common\Behavior\InitHookBehavior [ RunTime:0.001318s ]
INFO: [ app_init ] --END-- [ RunTime:0.001651s ]
INFO: [ app_begin ] --START--
INFO: Run Behavior\ReadHtmlCacheBehavior [ RunTime:0.000538s ]
INFO: [ app_begin ] --END-- [ RunTime:0.000594s ]
SQL: SHOW COLUMNS FROM `lyh_user` [ RunTime:0.0068s ]
SQL: SHOW COLUMNS FROM `lyh_table` [ RunTime:0.0057s ]
SQL: SELECT * FROM `lyh_table` WHERE `table` = 'User' ORDER BY sort asc  [ RunTime:0.0016s ]
SQL: SELECT * FROM `lyh_user` WHERE ( id = 3 ) LIMIT 1   [ RunTime:0.0008s ]
SQL: SHOW COLUMNS FROM `lyh_cart` [ RunTime:0.0026s ]
SQL: SELECT * FROM `lyh_table` WHERE `table` = 'Cart' ORDER BY sort asc  [ RunTime:0.0005s ]
NOTIC: [8] Undefined variable: _auto E:\xampp\htdocs\zwj\App\Common\Model\PublicModel.class.php 第 70 行.
SQL: SELECT * FROM `lyh_cart` WHERE ( user_id  = 3 )  [ RunTime:0.0005s ]
NOTIC: [2] Invalid argument supplied for foreach() E:\xampp\htdocs\zwj\App\Home\Model\CartModel.class.php 第 14 行.
SQL: SHOW COLUMNS FROM `lyh_goods` [ RunTime:0.0035s ]
SQL: SELECT `price` FROM `lyh_goods` WHERE ( id = 1 ) LIMIT 1   [ RunTime:0.0003s ]

[ 2016-07-22T16:23:18+08:00 ] ::1 /zwj/
INFO: [ app_init ] --START--
INFO: Run Behavior\BuildLiteBehavior [ RunTime:0.000012s ]
INFO: Run Common\Behavior\InitHookBehavior [ RunTime:0.001324s ]
INFO: [ app_init ] --END-- [ RunTime:0.001676s ]
INFO: [ app_begin ] --START--
INFO: Run Behavior\ReadHtmlCacheBehavior [ RunTime:0.000449s ]
INFO: [ app_begin ] --END-- [ RunTime:0.000497s ]
SQL: SHOW COLUMNS FROM `lyh_user` [ RunTime:0.0018s ]
SQL: SHOW COLUMNS FROM `lyh_table` [ RunTime:0.0019s ]
SQL: SELECT * FROM `lyh_table` WHERE `table` = 'User' ORDER BY sort asc  [ RunTime:0.0006s ]
SQL: SELECT * FROM `lyh_user` WHERE ( id = 3 ) LIMIT 1   [ RunTime:0.0005s ]
SQL: SHOW COLUMNS FROM `lyh_cart` [ RunTime:0.0024s ]
SQL: SELECT * FROM `lyh_table` WHERE `table` = 'Cart' ORDER BY sort asc  [ RunTime:0.0004s ]
NOTIC: [8] Undefined variable: _auto E:\xampp\htdocs\zwj\App\Common\Model\PublicModel.class.php 第 70 行.
SQL: SELECT * FROM `lyh_cart` WHERE ( user_id  = 3 )  [ RunTime:0.0003s ]
NOTIC: [2] Invalid argument supplied for foreach() E:\xampp\htdocs\zwj\App\Home\Model\CartModel.class.php 第 14 行.

[ 2016-07-22T16:23:37+08:00 ] ::1 /zwj/
INFO: [ app_init ] --START--
INFO: Run Behavior\BuildLiteBehavior [ RunTime:0.000012s ]
INFO: Run Common\Behavior\InitHookBehavior [ RunTime:0.001313s ]
INFO: [ app_init ] --END-- [ RunTime:0.001645s ]
INFO: [ app_begin ] --START--
INFO: Run Behavior\ReadHtmlCacheBehavior [ RunTime:0.000444s ]
INFO: [ app_begin ] --END-- [ RunTime:0.000490s ]
SQL: SHOW COLUMNS FROM `lyh_user` [ RunTime:0.0027s ]
SQL: SHOW COLUMNS FROM `lyh_table` [ RunTime:0.0025s ]
SQL: SELECT * FROM `lyh_table` WHERE `table` = 'User' ORDER BY sort asc  [ RunTime:0.0007s ]
SQL: SELECT * FROM `lyh_user` WHERE ( id = 3 ) LIMIT 1   [ RunTime:0.0004s ]
SQL: SHOW COLUMNS FROM `lyh_cart` [ RunTime:0.0024s ]
SQL: SELECT * FROM `lyh_table` WHERE `table` = 'Cart' ORDER BY sort asc  [ RunTime:0.0009s ]
NOTIC: [8] Undefined variable: _auto E:\xampp\htdocs\zwj\App\Common\Model\PublicModel.class.php 第 70 行.
SQL: SELECT * FROM `lyh_cart` WHERE ( user_id  = 3 )  [ RunTime:0.0003s ]
NOTIC: [2] Invalid argument supplied for foreach() E:\xampp\htdocs\zwj\App\Home\Model\CartModel.class.php 第 14 行.
SQL: SHOW COLUMNS FROM `lyh_goods` [ RunTime:0.0027s ]
SQL: SELECT `price` FROM `lyh_goods` WHERE ( id = 1 ) LIMIT 1   [ RunTime:0.0003s ]
SQL: INSERT INTO `lyh_cart` (`id`,`user_id`,`price`,`num`) VALUES ('1','3','100','1') [ RunTime:0.0317s ]
INFO: [ view_parse ] --START--
INFO: [ template_filter ] --START--
INFO: Run Behavior\ContentReplaceBehavior [ RunTime:0.000088s ]
INFO: [ template_filter ] --END-- [ RunTime:0.000149s ]
INFO: [ FirstHook ] --START--
SQL: SHOW COLUMNS FROM `lyh_block` [ RunTime:0.0143s ]
SQL: SELECT `config` FROM `lyh_block` WHERE `name` = 'CeshiBlock' AND `status` = 1 LIMIT 1   [ RunTime:0.0004s ]
SQL: SELECT `username` FROM `lyh_user` WHERE ( `create_time` > 1464763526 AND `create_time` < 1468046742  ) ORDER BY create_time desc LIMIT 10   [ RunTime:0.0004s ]
SQL: SELECT * FROM `lyh_table` WHERE `table` = 'User' ORDER BY sort asc  [ RunTime:0.0005s ]
NOTIC: [8] Undefined variable: username E:\xampp\htdocs\zwj\App\Common\Model\PublicModel.class.php 第 110 行.
INFO: [ view_parse ] --START--
INFO: [ template_filter ] --START--
INFO: Run Behavior\ContentReplaceBehavior [ RunTime:0.000047s ]
INFO: [ template_filter ] --END-- [ RunTime:-0.036055s ]
INFO: Run Behavior\ParseTemplateBehavior [ RunTime:0.015517s ]
INFO: [ view_parse ] --END-- [ RunTime:0.015594s ]
INFO: [ view_filter ] --START--
INFO: Run Behavior\WriteHtmlCacheBehavior [ RunTime:0.000485s ]
INFO: [ view_filter ] --END-- [ RunTime:0.000533s ]
INFO: Run Block\CeshiBlock\CeshiBlockBlock [ RunTime:0.042441s ]
INFO: [ FirstHook ] --END-- [ RunTime:0.042495s ]
INFO: Run Behavior\ParseTemplateBehavior [ RunTime:0.016200s ]
INFO: [ view_parse ] --END-- [ RunTime:0.015594s ]
INFO: [ view_filter ] --START--
INFO: Run Behavior\WriteHtmlCacheBehavior [ RunTime:0.000011s ]
INFO: [ view_filter ] --END-- [ RunTime:-0.000114s ]
INFO: [ app_end ] --START--
INFO: Run Behavior\ShowPageTraceBehavior [ RunTime:0.000921s ]
INFO: [ app_end ] --END-- [ RunTime:0.000971s ]

[ 2016-07-22T16:24:23+08:00 ] ::1 /zwj/
INFO: [ app_init ] --START--
INFO: Run Behavior\BuildLiteBehavior [ RunTime:0.000017s ]
INFO: Run Common\Behavior\InitHookBehavior [ RunTime:0.003067s ]
INFO: [ app_init ] --END-- [ RunTime:0.003789s ]
INFO: [ app_begin ] --START--
INFO: Run Behavior\ReadHtmlCacheBehavior [ RunTime:0.000733s ]
INFO: [ app_begin ] --END-- [ RunTime:0.000787s ]
SQL: SHOW COLUMNS FROM `lyh_user` [ RunTime:0.0037s ]
SQL: SHOW COLUMNS FROM `lyh_table` [ RunTime:0.0020s ]
SQL: SELECT * FROM `lyh_table` WHERE `table` = 'User' ORDER BY sort asc  [ RunTime:0.0006s ]
SQL: SELECT * FROM `lyh_user` WHERE ( id = 3 ) LIMIT 1   [ RunTime:0.0003s ]
SQL: SHOW COLUMNS FROM `lyh_cart` [ RunTime:0.0017s ]
SQL: SELECT * FROM `lyh_table` WHERE `table` = 'Cart' ORDER BY sort asc  [ RunTime:0.0004s ]
NOTIC: [8] Undefined variable: _auto E:\xampp\htdocs\zwj\App\Common\Model\PublicModel.class.php 第 70 行.
SQL: UPDATE `lyh_cart` SET `num`=num+1 WHERE ( id = 1 ) [ RunTime:0.0275s ]
INFO: [ view_parse ] --START--
INFO: [ template_filter ] --START--
INFO: Run Behavior\ContentReplaceBehavior [ RunTime:0.000061s ]
INFO: [ template_filter ] --END-- [ RunTime:0.000112s ]
INFO: [ FirstHook ] --START--
SQL: SHOW COLUMNS FROM `lyh_block` [ RunTime:0.0019s ]
SQL: SELECT `config` FROM `lyh_block` WHERE `name` = 'CeshiBlock' AND `status` = 1 LIMIT 1   [ RunTime:0.0002s ]
SQL: SELECT `username` FROM `lyh_user` WHERE ( `create_time` > 1464763526 AND `create_time` < 1468046742  ) ORDER BY create_time desc LIMIT 10   [ RunTime:0.0002s ]
SQL: SELECT * FROM `lyh_table` WHERE `table` = 'User' ORDER BY sort asc  [ RunTime:0.0003s ]
NOTIC: [8] Undefined variable: username E:\xampp\htdocs\zwj\App\Common\Model\PublicModel.class.php 第 110 行.
INFO: [ view_parse ] --START--
INFO: [ template_filter ] --START--
INFO: Run Behavior\ContentReplaceBehavior [ RunTime:0.000038s ]
INFO: [ template_filter ] --END-- [ RunTime:-0.009140s ]
INFO: Run Behavior\ParseTemplateBehavior [ RunTime:0.002131s ]
INFO: [ view_parse ] --END-- [ RunTime:0.002186s ]
INFO: [ view_filter ] --START--
INFO: Run Behavior\WriteHtmlCacheBehavior [ RunTime:0.000461s ]
INFO: [ view_filter ] --END-- [ RunTime:0.000497s ]
INFO: Run Block\CeshiBlock\CeshiBlockBlock [ RunTime:0.008381s ]
INFO: [ FirstHook ] --END-- [ RunTime:0.008418s ]
INFO: Run Behavior\ParseTemplateBehavior [ RunTime:0.002732s ]
INFO: [ view_parse ] --END-- [ RunTime:0.002186s ]
INFO: [ view_filter ] --START--
INFO: Run Behavior\WriteHtmlCacheBehavior [ RunTime:0.000008s ]
INFO: [ view_filter ] --END-- [ RunTime:-0.000076s ]
INFO: [ app_end ] --START--
INFO: Run Behavior\ShowPageTraceBehavior [ RunTime:0.000679s ]
INFO: [ app_end ] --END-- [ RunTime:0.000712s ]

[ 2016-07-22T16:25:18+08:00 ] ::1 /zwj/
INFO: [ app_init ] --START--
INFO: Run Behavior\BuildLiteBehavior [ RunTime:0.000012s ]
INFO: Run Common\Behavior\InitHookBehavior [ RunTime:0.003076s ]
INFO: [ app_init ] --END-- [ RunTime:0.003477s ]
INFO: [ app_begin ] --START--
INFO: Run Behavior\ReadHtmlCacheBehavior [ RunTime:0.000667s ]
INFO: [ app_begin ] --END-- [ RunTime:0.000724s ]
SQL: SHOW COLUMNS FROM `lyh_user` [ RunTime:0.0019s ]
SQL: SHOW COLUMNS FROM `lyh_table` [ RunTime:0.0023s ]
SQL: SELECT * FROM `lyh_table` WHERE `table` = 'User' ORDER BY sort asc  [ RunTime:0.0005s ]
SQL: SELECT * FROM `lyh_user` WHERE ( id = 3 ) LIMIT 1   [ RunTime:0.0003s ]
SQL: SHOW COLUMNS FROM `lyh_cart` [ RunTime:0.0018s ]
SQL: SELECT * FROM `lyh_table` WHERE `table` = 'Cart' ORDER BY sort asc  [ RunTime:0.0004s ]
NOTIC: [8] Undefined variable: _auto E:\xampp\htdocs\zwj\App\Common\Model\PublicModel.class.php 第 70 行.
SQL: DELETE FROM `lyh_cart` WHERE ( id = 1 ) [ RunTime:0.0297s ]
SQL: SELECT * FROM `lyh_table` WHERE `data` LIKE 'Cart|%'  [ RunTime:0.0004s ]
NOTIC: [2] Invalid argument supplied for foreach() E:\xampp\htdocs\zwj\App\Common\Model\PublicModel.class.php 第 133 行.
INFO: [ view_parse ] --START--
INFO: [ template_filter ] --START--
INFO: Run Behavior\ContentReplaceBehavior [ RunTime:0.000063s ]
INFO: [ template_filter ] --END-- [ RunTime:0.000109s ]
INFO: [ FirstHook ] --START--
SQL: SHOW COLUMNS FROM `lyh_block` [ RunTime:0.0017s ]
SQL: SELECT `config` FROM `lyh_block` WHERE `name` = 'CeshiBlock' AND `status` = 1 LIMIT 1   [ RunTime:0.0002s ]
SQL: SELECT `username` FROM `lyh_user` WHERE ( `create_time` > 1464763526 AND `create_time` < 1468046742  ) ORDER BY create_time desc LIMIT 10   [ RunTime:0.0002s ]
SQL: SELECT * FROM `lyh_table` WHERE `table` = 'User' ORDER BY sort asc  [ RunTime:0.0004s ]
NOTIC: [8] Undefined variable: username E:\xampp\htdocs\zwj\App\Common\Model\PublicModel.class.php 第 110 行.
INFO: [ view_parse ] --START--
INFO: [ template_filter ] --START--
INFO: Run Behavior\ContentReplaceBehavior [ RunTime:0.000036s ]
INFO: [ template_filter ] --END-- [ RunTime:-0.008500s ]
INFO: Run Behavior\ParseTemplateBehavior [ RunTime:0.002094s ]
INFO: [ view_parse ] --END-- [ RunTime:0.002149s ]
INFO: [ view_filter ] --START--
INFO: Run Behavior\WriteHtmlCacheBehavior [ RunTime:0.000349s ]
INFO: [ view_filter ] --END-- [ RunTime:0.000382s ]
INFO: Run Block\CeshiBlock\CeshiBlockBlock [ RunTime:0.008015s ]
INFO: [ FirstHook ] --END-- [ RunTime:0.008051s ]
INFO: Run Behavior\ParseTemplateBehavior [ RunTime:0.002582s ]
INFO: [ view_parse ] --END-- [ RunTime:0.002149s ]
INFO: [ view_filter ] --START--
INFO: Run Behavior\WriteHtmlCacheBehavior [ RunTime:0.000007s ]
INFO: [ view_filter ] --END-- [ RunTime:-0.000076s ]
INFO: [ app_end ] --START--
INFO: Run Behavior\ShowPageTraceBehavior [ RunTime:0.000621s ]
INFO: [ app_end ] --END-- [ RunTime:0.000654s ]

