[ 2016-08-15T16:50:10+08:00 ] ::1 /zwj/
INFO: [ app_init ] --START--
INFO: Run Behavior\BuildLiteBehavior [ RunTime:0.000012s ]
INFO: Run Common\Behavior\InitHookBehavior [ RunTime:0.001866s ]
INFO: [ app_init ] --END-- [ RunTime:0.002246s ]
INFO: [ app_begin ] --START--
NOTIC: [8] Undefined index: id E:\xampp\htdocs\zwj\ThinkPHP\Library\Behavior\ReadHtmlCacheBehavior.class.php 第 67 行.
INFO: Run Behavior\ReadHtmlCacheBehavior [ RunTime:0.014917s ]
INFO: [ app_begin ] --END-- [ RunTime:0.014981s ]
SQL: SHOW COLUMNS FROM `lyh_goods_attr` [ RunTime:0.0038s ]
ERR: SQLSTATE[42S02]: Base table or view not found: 1146 Table 'zwjlyh.lyh_attr_tpye' doesn't exist

[ 2016-08-15T16:55:46+08:00 ] ::1 /zwj/
INFO: [ app_init ] --START--
INFO: Run Behavior\BuildLiteBehavior [ RunTime:0.000012s ]
INFO: Run Common\Behavior\InitHookBehavior [ RunTime:0.001842s ]
INFO: [ app_init ] --END-- [ RunTime:0.002197s ]
INFO: [ app_begin ] --START--
NOTIC: [8] Undefined index: id E:\xampp\htdocs\zwj\ThinkPHP\Library\Behavior\ReadHtmlCacheBehavior.class.php 第 67 行.
INFO: Run Behavior\ReadHtmlCacheBehavior [ RunTime:0.001173s ]
INFO: [ app_begin ] --END-- [ RunTime:0.001224s ]
SQL: SHOW COLUMNS FROM `lyh_goods_attr` [ RunTime:0.0019s ]
ERR: SQLSTATE[42S02]: Base table or view not found: 1146 Table 'zwjlyh.lyh_attr_tpye' doesn't exist

[ 2016-08-15T16:58:39+08:00 ] ::1 /zwj/
INFO: [ app_init ] --START--
INFO: Run Behavior\BuildLiteBehavior [ RunTime:0.000013s ]
INFO: Run Common\Behavior\InitHookBehavior [ RunTime:0.002182s ]
INFO: [ app_init ] --END-- [ RunTime:0.002571s ]
INFO: [ app_begin ] --START--
NOTIC: [8] Undefined index: id E:\xampp\htdocs\zwj\ThinkPHP\Library\Behavior\ReadHtmlCacheBehavior.class.php 第 67 行.
INFO: Run Behavior\ReadHtmlCacheBehavior [ RunTime:0.001254s ]
INFO: [ app_begin ] --END-- [ RunTime:0.001394s ]
SQL: SHOW COLUMNS FROM `lyh_goods_attr` [ RunTime:0.0017s ]
ERR: SQLSTATE[42S02]: Base table or view not found: 1146 Table 'zwjlyh.lyh_attr_tpye' doesn't exist

[ 2016-08-15T17:00:22+08:00 ] ::1 /zwj/
INFO: [ app_init ] --START--
INFO: Run Behavior\BuildLiteBehavior [ RunTime:0.000011s ]
INFO: Run Common\Behavior\InitHookBehavior [ RunTime:0.001732s ]
INFO: [ app_init ] --END-- [ RunTime:0.002089s ]
INFO: [ app_begin ] --START--
NOTIC: [8] Undefined index: id E:\xampp\htdocs\zwj\ThinkPHP\Library\Behavior\ReadHtmlCacheBehavior.class.php 第 67 行.
INFO: Run Behavior\ReadHtmlCacheBehavior [ RunTime:0.001215s ]
INFO: [ app_begin ] --END-- [ RunTime:0.001259s ]
SQL: SHOW COLUMNS FROM `lyh_goods_attr` [ RunTime:0.0021s ]
ERR: SQLSTATE[42S22]: Column not found: 1054 Unknown column 'lyh_attr_tpye.id' in 'on clause'

[ 2016-08-15T17:01:28+08:00 ] ::1 /zwj/
INFO: [ app_init ] --START--
INFO: Run Behavior\BuildLiteBehavior [ RunTime:0.000011s ]
INFO: Run Common\Behavior\InitHookBehavior [ RunTime:0.001811s ]
INFO: [ app_init ] --END-- [ RunTime:0.002574s ]
INFO: [ app_begin ] --START--
NOTIC: [8] Undefined index: id E:\xampp\htdocs\zwj\ThinkPHP\Library\Behavior\ReadHtmlCacheBehavior.class.php 第 67 行.
INFO: Run Behavior\ReadHtmlCacheBehavior [ RunTime:0.001510s ]
INFO: [ app_begin ] --END-- [ RunTime:0.001566s ]
SQL: SHOW COLUMNS FROM `lyh_goods_attr` [ RunTime:0.0036s ]
SQL: SELECT * FROM `lyh_goods_attr` INNER JOIN lyh_attr_type ON lyh_attr_type.id = lyh_goods_attr.attr_id   [ RunTime:0.0007s ]

[ 2016-08-15T17:02:06+08:00 ] ::1 /zwj/
INFO: [ app_init ] --START--
INFO: Run Behavior\BuildLiteBehavior [ RunTime:0.000013s ]
INFO: Run Common\Behavior\InitHookBehavior [ RunTime:0.001755s ]
INFO: [ app_init ] --END-- [ RunTime:0.002112s ]
INFO: [ app_begin ] --START--
NOTIC: [8] Undefined index: id E:\xampp\htdocs\zwj\ThinkPHP\Library\Behavior\ReadHtmlCacheBehavior.class.php 第 67 行.
INFO: Run Behavior\ReadHtmlCacheBehavior [ RunTime:0.001161s ]
INFO: [ app_begin ] --END-- [ RunTime:0.001207s ]
SQL: SHOW COLUMNS FROM `lyh_goods_attr` [ RunTime:0.0023s ]
SQL: SELECT * FROM `lyh_goods_attr` INNER JOIN lyh_attr_type ON lyh_attr_type.id = lyh_goods_attr.attr_id   [ RunTime:0.0005s ]

[ 2016-08-15T17:04:45+08:00 ] ::1 /zwj/
INFO: [ app_init ] --START--
INFO: Run Behavior\BuildLiteBehavior [ RunTime:0.000012s ]
INFO: Run Common\Behavior\InitHookBehavior [ RunTime:0.002070s ]
INFO: [ app_init ] --END-- [ RunTime:0.002445s ]
INFO: [ app_begin ] --START--
NOTIC: [8] Undefined index: id E:\xampp\htdocs\zwj\ThinkPHP\Library\Behavior\ReadHtmlCacheBehavior.class.php 第 67 行.
INFO: Run Behavior\ReadHtmlCacheBehavior [ RunTime:0.001105s ]
INFO: [ app_begin ] --END-- [ RunTime:0.001155s ]
SQL: SHOW COLUMNS FROM `lyh_goods_attr` [ RunTime:0.0032s ]
SQL: SELECT * FROM `lyh_goods_attr` INNER JOIN lyh_attr_type ON lyh_attr_type.id = lyh_goods_attr.attr_id  WHERE ( goods_id = 1 )  [ RunTime:0.0010s ]

[ 2016-08-15T17:04:56+08:00 ] ::1 /zwj/
INFO: [ app_init ] --START--
INFO: Run Behavior\BuildLiteBehavior [ RunTime:0.000012s ]
INFO: Run Common\Behavior\InitHookBehavior [ RunTime:0.001936s ]
INFO: [ app_init ] --END-- [ RunTime:0.002306s ]
INFO: [ app_begin ] --START--
NOTIC: [8] Undefined index: id E:\xampp\htdocs\zwj\ThinkPHP\Library\Behavior\ReadHtmlCacheBehavior.class.php 第 67 行.
INFO: Run Behavior\ReadHtmlCacheBehavior [ RunTime:0.001144s ]
INFO: [ app_begin ] --END-- [ RunTime:0.001188s ]
SQL: SHOW COLUMNS FROM `lyh_goods_attr` [ RunTime:0.0033s ]
SQL: SELECT * FROM `lyh_goods_attr` INNER JOIN lyh_attr_type ON lyh_attr_type.id = lyh_goods_attr.attr_id  WHERE ( goods_id = 2 )  [ RunTime:0.0006s ]

[ 2016-08-15T17:05:05+08:00 ] ::1 /zwj/
INFO: [ app_init ] --START--
INFO: Run Behavior\BuildLiteBehavior [ RunTime:0.000012s ]
INFO: Run Common\Behavior\InitHookBehavior [ RunTime:0.002168s ]
INFO: [ app_init ] --END-- [ RunTime:0.002547s ]
INFO: [ app_begin ] --START--
NOTIC: [8] Undefined index: id E:\xampp\htdocs\zwj\ThinkPHP\Library\Behavior\ReadHtmlCacheBehavior.class.php 第 67 行.
INFO: Run Behavior\ReadHtmlCacheBehavior [ RunTime:0.001129s ]
INFO: [ app_begin ] --END-- [ RunTime:0.001179s ]
SQL: SHOW COLUMNS FROM `lyh_goods_attr` [ RunTime:0.0058s ]
SQL: SELECT * FROM `lyh_goods_attr` INNER JOIN lyh_attr_type ON lyh_attr_type.id = lyh_goods_attr.attr_id  WHERE ( goods_id = 1 )  [ RunTime:0.0015s ]

[ 2016-08-15T17:05:14+08:00 ] ::1 /zwj/
INFO: [ app_init ] --START--
INFO: Run Behavior\BuildLiteBehavior [ RunTime:0.000015s ]
INFO: Run Common\Behavior\InitHookBehavior [ RunTime:0.001890s ]
INFO: [ app_init ] --END-- [ RunTime:0.002353s ]
INFO: [ app_begin ] --START--
NOTIC: [8] Undefined index: id E:\xampp\htdocs\zwj\ThinkPHP\Library\Behavior\ReadHtmlCacheBehavior.class.php 第 67 行.
INFO: Run Behavior\ReadHtmlCacheBehavior [ RunTime:0.001087s ]
INFO: [ app_begin ] --END-- [ RunTime:0.001147s ]
SQL: SHOW COLUMNS FROM `lyh_goods_attr` [ RunTime:0.0033s ]
SQL: SELECT * FROM `lyh_goods_attr` INNER JOIN lyh_attr_type ON lyh_attr_type.id = lyh_goods_attr.attr_id  WHERE ( goods_id = 1 )  [ RunTime:0.0008s ]

[ 2016-08-15T17:07:16+08:00 ] ::1 /zwj/
INFO: [ app_init ] --START--
INFO: Run Behavior\BuildLiteBehavior [ RunTime:0.000012s ]
INFO: Run Common\Behavior\InitHookBehavior [ RunTime:0.001827s ]
INFO: [ app_init ] --END-- [ RunTime:0.002199s ]
INFO: [ app_begin ] --START--
NOTIC: [8] Undefined index: id E:\xampp\htdocs\zwj\ThinkPHP\Library\Behavior\ReadHtmlCacheBehavior.class.php 第 67 行.
INFO: Run Behavior\ReadHtmlCacheBehavior [ RunTime:0.001229s ]
INFO: [ app_begin ] --END-- [ RunTime:0.001287s ]
SQL: SHOW COLUMNS FROM `lyh_goods_attr` [ RunTime:0.0099s ]
SQL: SELECT * FROM `lyh_goods_attr` INNER JOIN lyh_attr_type ON lyh_attr_type.id = lyh_goods_attr.attr_id  WHERE ( goods_id = 1 )  [ RunTime:0.0012s ]

[ 2016-08-15T17:07:58+08:00 ] ::1 /zwj/
INFO: [ app_init ] --START--
INFO: Run Behavior\BuildLiteBehavior [ RunTime:0.000013s ]
INFO: Run Common\Behavior\InitHookBehavior [ RunTime:0.001385s ]
INFO: [ app_init ] --END-- [ RunTime:0.001712s ]
INFO: [ app_begin ] --START--
NOTIC: [8] Undefined index: id E:\xampp\htdocs\zwj\ThinkPHP\Library\Behavior\ReadHtmlCacheBehavior.class.php 第 67 行.
INFO: Run Behavior\ReadHtmlCacheBehavior [ RunTime:0.000957s ]
INFO: [ app_begin ] --END-- [ RunTime:0.001001s ]
SQL: SHOW COLUMNS FROM `lyh_goods_attr` [ RunTime:0.0035s ]
ERR: SQLSTATE[42000]: Syntax error or access violation: 1064 You have an error in your SQL syntax; check the manual that corresponds to your MySQL server version for the right syntax to use near '.A.attr_type FROM `lyh_goods_attr` INNER JOIN lyh_attr_type as A ON lyh_attr_typ' at line 1

[ 2016-08-15T17:08:02+08:00 ] ::1 /zwj/
INFO: [ app_init ] --START--
INFO: Run Behavior\BuildLiteBehavior [ RunTime:0.000012s ]
INFO: Run Common\Behavior\InitHookBehavior [ RunTime:0.001356s ]
INFO: [ app_init ] --END-- [ RunTime:0.001686s ]
INFO: [ app_begin ] --START--
NOTIC: [8] Undefined index: id E:\xampp\htdocs\zwj\ThinkPHP\Library\Behavior\ReadHtmlCacheBehavior.class.php 第 67 行.
INFO: Run Behavior\ReadHtmlCacheBehavior [ RunTime:0.000977s ]
INFO: [ app_begin ] --END-- [ RunTime:0.001022s ]
SQL: SHOW COLUMNS FROM `lyh_goods_attr` [ RunTime:0.0016s ]
ERR: SQLSTATE[42000]: Syntax error or access violation: 1064 You have an error in your SQL syntax; check the manual that corresponds to your MySQL server version for the right syntax to use near '.A.attr_type FROM `lyh_goods_attr` INNER JOIN lyh_attr_type as A ON lyh_attr_typ' at line 1

[ 2016-08-15T17:08:14+08:00 ] ::1 /zwj/
INFO: [ app_init ] --START--
INFO: Run Behavior\BuildLiteBehavior [ RunTime:0.000013s ]
INFO: Run Common\Behavior\InitHookBehavior [ RunTime:0.001390s ]
INFO: [ app_init ] --END-- [ RunTime:0.001748s ]
INFO: [ app_begin ] --START--
NOTIC: [8] Undefined index: id E:\xampp\htdocs\zwj\ThinkPHP\Library\Behavior\ReadHtmlCacheBehavior.class.php 第 67 行.
INFO: Run Behavior\ReadHtmlCacheBehavior [ RunTime:0.001032s ]
INFO: [ app_begin ] --END-- [ RunTime:0.001082s ]
SQL: SHOW COLUMNS FROM `lyh_goods_attr` [ RunTime:0.0016s ]
ERR: SQLSTATE[42S22]: Column not found: 1054 Unknown column 'lyh_attr_type.id' in 'on clause'

[ 2016-08-15T17:08:26+08:00 ] ::1 /zwj/
INFO: [ app_init ] --START--
INFO: Run Behavior\BuildLiteBehavior [ RunTime:0.000012s ]
INFO: Run Common\Behavior\InitHookBehavior [ RunTime:0.001607s ]
INFO: [ app_init ] --END-- [ RunTime:0.001926s ]
INFO: [ app_begin ] --START--
NOTIC: [8] Undefined index: id E:\xampp\htdocs\zwj\ThinkPHP\Library\Behavior\ReadHtmlCacheBehavior.class.php 第 67 行.
INFO: Run Behavior\ReadHtmlCacheBehavior [ RunTime:0.000973s ]
INFO: [ app_begin ] --END-- [ RunTime:0.001023s ]
SQL: SHOW COLUMNS FROM `lyh_goods_attr` [ RunTime:0.0030s ]
ERR: SQLSTATE[42S22]: Column not found: 1054 Unknown column 'lyh_attr_type.id' in 'on clause'

[ 2016-08-15T17:08:38+08:00 ] ::1 /zwj/
INFO: [ app_init ] --START--
INFO: Run Behavior\BuildLiteBehavior [ RunTime:0.000012s ]
INFO: Run Common\Behavior\InitHookBehavior [ RunTime:0.001375s ]
INFO: [ app_init ] --END-- [ RunTime:0.001703s ]
INFO: [ app_begin ] --START--
NOTIC: [8] Undefined index: id E:\xampp\htdocs\zwj\ThinkPHP\Library\Behavior\ReadHtmlCacheBehavior.class.php 第 67 行.
INFO: Run Behavior\ReadHtmlCacheBehavior [ RunTime:0.000960s ]
INFO: [ app_begin ] --END-- [ RunTime:0.001004s ]
SQL: SHOW COLUMNS FROM `lyh_goods_attr` [ RunTime:0.0040s ]
SQL: SELECT * FROM `lyh_goods_attr` INNER JOIN lyh_attr_type ON lyh_attr_type.id = lyh_goods_attr.attr_id  WHERE ( goods_id = 1 )  [ RunTime:0.0011s ]

[ 2016-08-15T17:11:09+08:00 ] ::1 /zwj/
INFO: [ app_init ] --START--
INFO: Run Behavior\BuildLiteBehavior [ RunTime:0.000012s ]
INFO: Run Common\Behavior\InitHookBehavior [ RunTime:0.001806s ]
INFO: [ app_init ] --END-- [ RunTime:0.002161s ]
INFO: [ app_begin ] --START--
NOTIC: [8] Undefined index: id E:\xampp\htdocs\zwj\ThinkPHP\Library\Behavior\ReadHtmlCacheBehavior.class.php 第 67 行.
INFO: Run Behavior\ReadHtmlCacheBehavior [ RunTime:0.001098s ]
INFO: [ app_begin ] --END-- [ RunTime:0.001143s ]
SQL: SHOW COLUMNS FROM `lyh_goods_attr` [ RunTime:0.0044s ]
SQL: SHOW COLUMNS FROM `lyh_attr_type` [ RunTime:0.0058s ]
ERR: SQLSTATE[42000]: Syntax error or access violation: 1066 Not unique table/alias: 'A'

[ 2016-08-15T17:11:23+08:00 ] ::1 /zwj/
INFO: [ app_init ] --START--
INFO: Run Behavior\BuildLiteBehavior [ RunTime:0.000012s ]
INFO: Run Common\Behavior\InitHookBehavior [ RunTime:0.001525s ]
INFO: [ app_init ] --END-- [ RunTime:0.001874s ]
INFO: [ app_begin ] --START--
NOTIC: [8] Undefined index: id E:\xampp\htdocs\zwj\ThinkPHP\Library\Behavior\ReadHtmlCacheBehavior.class.php 第 67 行.
INFO: Run Behavior\ReadHtmlCacheBehavior [ RunTime:0.001785s ]
INFO: [ app_begin ] --END-- [ RunTime:0.001850s ]
SQL: SHOW COLUMNS FROM `lyh_goods_attr` [ RunTime:0.0031s ]
SQL: SHOW COLUMNS FROM `lyh_attr_type` [ RunTime:0.0040s ]
ERR: SQLSTATE[42000]: Syntax error or access violation: 1066 Not unique table/alias: 'A'

[ 2016-08-15T17:11:32+08:00 ] ::1 /zwj/
INFO: [ app_init ] --START--
INFO: Run Behavior\BuildLiteBehavior [ RunTime:0.000012s ]
INFO: Run Common\Behavior\InitHookBehavior [ RunTime:0.001490s ]
INFO: [ app_init ] --END-- [ RunTime:0.001816s ]
INFO: [ app_begin ] --START--
NOTIC: [8] Undefined index: id E:\xampp\htdocs\zwj\ThinkPHP\Library\Behavior\ReadHtmlCacheBehavior.class.php 第 67 行.
INFO: Run Behavior\ReadHtmlCacheBehavior [ RunTime:0.001221s ]
INFO: [ app_begin ] --END-- [ RunTime:0.001277s ]
SQL: SHOW COLUMNS FROM `lyh_goods_attr` [ RunTime:0.0022s ]
SQL: SHOW COLUMNS FROM `lyh_attr_type` [ RunTime:0.0028s ]
ERR: SQLSTATE[42S02]: Base table or view not found: 1146 Table 'zwjlyh.a' doesn't exist

[ 2016-08-15T17:11:48+08:00 ] ::1 /zwj/
INFO: [ app_init ] --START--
INFO: Run Behavior\BuildLiteBehavior [ RunTime:0.000011s ]
INFO: Run Common\Behavior\InitHookBehavior [ RunTime:0.001965s ]
INFO: [ app_init ] --END-- [ RunTime:0.002288s ]
INFO: [ app_begin ] --START--
NOTIC: [8] Undefined index: id E:\xampp\htdocs\zwj\ThinkPHP\Library\Behavior\ReadHtmlCacheBehavior.class.php 第 67 行.
INFO: Run Behavior\ReadHtmlCacheBehavior [ RunTime:0.001006s ]
INFO: [ app_begin ] --END-- [ RunTime:0.001059s ]
SQL: SHOW COLUMNS FROM `lyh_goods_attr` [ RunTime:0.0032s ]
SQL: SHOW COLUMNS FROM `lyh_attr_type` [ RunTime:0.0037s ]
ERR: SQLSTATE[42000]: Syntax error or access violation: 1066 Not unique table/alias: 'AT'

[ 2016-08-15T17:22:34+08:00 ] ::1 /zwj/
INFO: [ app_init ] --START--
INFO: Run Behavior\BuildLiteBehavior [ RunTime:0.000011s ]
INFO: Run Common\Behavior\InitHookBehavior [ RunTime:0.001876s ]
INFO: [ app_init ] --END-- [ RunTime:0.002229s ]
INFO: [ app_begin ] --START--
NOTIC: [8] Undefined index: id E:\xampp\htdocs\zwj\ThinkPHP\Library\Behavior\ReadHtmlCacheBehavior.class.php 第 67 行.
INFO: Run Behavior\ReadHtmlCacheBehavior [ RunTime:0.001731s ]
INFO: [ app_begin ] --END-- [ RunTime:0.001785s ]
SQL: SHOW COLUMNS FROM `lyh_goods_attr` [ RunTime:0.0059s ]
ERR: SQLSTATE[42S22]: Column not found: 1054 Unknown column 'lyh_attr_type.id' in 'on clause'

[ 2016-08-15T17:22:54+08:00 ] ::1 /zwj/
INFO: [ app_init ] --START--
INFO: Run Behavior\BuildLiteBehavior [ RunTime:0.000011s ]
INFO: Run Common\Behavior\InitHookBehavior [ RunTime:0.003319s ]
INFO: [ app_init ] --END-- [ RunTime:0.003750s ]
INFO: [ app_begin ] --START--
NOTIC: [8] Undefined index: id E:\xampp\htdocs\zwj\ThinkPHP\Library\Behavior\ReadHtmlCacheBehavior.class.php 第 67 行.
INFO: Run Behavior\ReadHtmlCacheBehavior [ RunTime:0.001210s ]
INFO: [ app_begin ] --END-- [ RunTime:0.001277s ]
SQL: SHOW COLUMNS FROM `lyh_goods_attr` [ RunTime:0.0051s ]
ERR: SQLSTATE[42S02]: Base table or view not found: 1146 Table 'zwjlyh.lyh_attr_tpye' doesn't exist

[ 2016-08-15T17:23:18+08:00 ] ::1 /zwj/
INFO: [ app_init ] --START--
INFO: Run Behavior\BuildLiteBehavior [ RunTime:0.000013s ]
INFO: Run Common\Behavior\InitHookBehavior [ RunTime:0.001380s ]
INFO: [ app_init ] --END-- [ RunTime:0.001725s ]
INFO: [ app_begin ] --START--
NOTIC: [8] Undefined index: id E:\xampp\htdocs\zwj\ThinkPHP\Library\Behavior\ReadHtmlCacheBehavior.class.php 第 67 行.
INFO: Run Behavior\ReadHtmlCacheBehavior [ RunTime:0.001028s ]
INFO: [ app_begin ] --END-- [ RunTime:0.001073s ]
SQL: SHOW COLUMNS FROM `lyh_goods_attr` [ RunTime:0.0017s ]
SQL: SELECT * FROM `lyh_goods_attr` INNER JOIN lyh_attr_type ON lyh_attr_type.id = lyh_goods_attr.attr_id  WHERE ( goods_id = 1 )  [ RunTime:0.0006s ]

[ 2016-08-15T17:27:54+08:00 ] ::1 /zwj/
INFO: [ app_init ] --START--
INFO: Run Behavior\BuildLiteBehavior [ RunTime:0.000012s ]
INFO: Run Common\Behavior\InitHookBehavior [ RunTime:0.001753s ]
INFO: [ app_init ] --END-- [ RunTime:0.002143s ]
INFO: [ app_begin ] --START--
NOTIC: [8] Undefined index: id E:\xampp\htdocs\zwj\ThinkPHP\Library\Behavior\ReadHtmlCacheBehavior.class.php 第 67 行.
INFO: Run Behavior\ReadHtmlCacheBehavior [ RunTime:0.001152s ]
INFO: [ app_begin ] --END-- [ RunTime:0.001199s ]
SQL: SHOW COLUMNS FROM `lyh_goods_attr` [ RunTime:0.0017s ]
SQL: SELECT * FROM `lyh_goods_attr` INNER JOIN lyh_attr_type ON lyh_attr_type.id = lyh_goods_attr.attr_id  WHERE ( goods_id = 1 )  [ RunTime:0.0004s ]

[ 2016-08-15T17:27:59+08:00 ] ::1 /zwj/
INFO: [ app_init ] --START--
INFO: Run Behavior\BuildLiteBehavior [ RunTime:0.000012s ]
INFO: Run Common\Behavior\InitHookBehavior [ RunTime:0.001368s ]
INFO: [ app_init ] --END-- [ RunTime:0.001694s ]
INFO: [ app_begin ] --START--
NOTIC: [8] Undefined index: id E:\xampp\htdocs\zwj\ThinkPHP\Library\Behavior\ReadHtmlCacheBehavior.class.php 第 67 行.
INFO: Run Behavior\ReadHtmlCacheBehavior [ RunTime:0.001641s ]
INFO: [ app_begin ] --END-- [ RunTime:0.001782s ]
SQL: SHOW COLUMNS FROM `lyh_goods_attr` [ RunTime:0.0023s ]
SQL: SELECT * FROM `lyh_goods_attr` INNER JOIN lyh_attr_type ON lyh_attr_type.id = lyh_goods_attr.attr_id  WHERE ( goods_id = 1 )  [ RunTime:0.0005s ]

[ 2016-08-15T17:28:14+08:00 ] ::1 /zwj/
INFO: [ app_init ] --START--
INFO: Run Behavior\BuildLiteBehavior [ RunTime:0.000012s ]
INFO: Run Common\Behavior\InitHookBehavior [ RunTime:0.001344s ]
INFO: [ app_init ] --END-- [ RunTime:0.001663s ]
INFO: [ app_begin ] --START--
NOTIC: [8] Undefined index: id E:\xampp\htdocs\zwj\ThinkPHP\Library\Behavior\ReadHtmlCacheBehavior.class.php 第 67 行.
INFO: Run Behavior\ReadHtmlCacheBehavior [ RunTime:0.001082s ]
INFO: [ app_begin ] --END-- [ RunTime:0.001129s ]
SQL: SHOW COLUMNS FROM `lyh_goods_attr` [ RunTime:0.0034s ]
SQL: SELECT * FROM `lyh_goods_attr` INNER JOIN lyh_attr_type ON lyh_attr_type.id = lyh_goods_attr.attr_id  WHERE ( goods_id = 1 )  [ RunTime:0.0005s ]

[ 2016-08-15T17:31:25+08:00 ] ::1 /zwj/
INFO: [ app_init ] --START--
INFO: Run Behavior\BuildLiteBehavior [ RunTime:0.000012s ]
INFO: Run Common\Behavior\InitHookBehavior [ RunTime:0.001729s ]
INFO: [ app_init ] --END-- [ RunTime:0.002092s ]
INFO: [ app_begin ] --START--
NOTIC: [8] Undefined index: id E:\xampp\htdocs\zwj\ThinkPHP\Library\Behavior\ReadHtmlCacheBehavior.class.php 第 67 行.
INFO: Run Behavior\ReadHtmlCacheBehavior [ RunTime:0.001164s ]
INFO: [ app_begin ] --END-- [ RunTime:0.001211s ]
SQL: SHOW COLUMNS FROM `lyh_goods_attr` [ RunTime:0.0032s ]
ERR: SQLSTATE[42S02]: Base table or view not found: 1051 Unknown table '__GOODS_ATTR__'

[ 2016-08-15T17:31:41+08:00 ] ::1 /zwj/
INFO: [ app_init ] --START--
INFO: Run Behavior\BuildLiteBehavior [ RunTime:0.000012s ]
INFO: Run Common\Behavior\InitHookBehavior [ RunTime:0.001314s ]
INFO: [ app_init ] --END-- [ RunTime:0.001660s ]
INFO: [ app_begin ] --START--
NOTIC: [8] Undefined index: id E:\xampp\htdocs\zwj\ThinkPHP\Library\Behavior\ReadHtmlCacheBehavior.class.php 第 67 行.
INFO: Run Behavior\ReadHtmlCacheBehavior [ RunTime:0.001429s ]
INFO: [ app_begin ] --END-- [ RunTime:0.001486s ]
SQL: SHOW COLUMNS FROM `lyh_goods_attr` [ RunTime:0.0049s ]
ERR: SQLSTATE[42S22]: Column not found: 1054 Unknown column '__ATTR_TYPE__.attr_type' in 'field list'

[ 2016-08-15T17:36:45+08:00 ] ::1 /zwj/
INFO: [ app_init ] --START--
INFO: Run Behavior\BuildLiteBehavior [ RunTime:0.000012s ]
INFO: Run Common\Behavior\InitHookBehavior [ RunTime:0.004621s ]
INFO: [ app_init ] --END-- [ RunTime:0.004997s ]
INFO: [ app_begin ] --START--
NOTIC: [8] Undefined index: id E:\xampp\htdocs\zwj\ThinkPHP\Library\Behavior\ReadHtmlCacheBehavior.class.php 第 67 行.
INFO: Run Behavior\ReadHtmlCacheBehavior [ RunTime:0.001187s ]
INFO: [ app_begin ] --END-- [ RunTime:0.001237s ]
SQL: SHOW COLUMNS FROM `lyh_goods_attr` [ RunTime:0.0041s ]
ERR: SQLSTATE[42000]: Syntax error or access violation: 1064 You have an error in your SQL syntax; check the manual that corresponds to your MySQL server version for the right syntax to use near '* FROM `lyh_goods_attr` INNER JOIN lyh_attr_type ON lyh_attr_type.id = lyh_goods' at line 1

[ 2016-08-15T17:36:57+08:00 ] ::1 /zwj/
INFO: [ app_init ] --START--
INFO: Run Behavior\BuildLiteBehavior [ RunTime:0.000011s ]
INFO: Run Common\Behavior\InitHookBehavior [ RunTime:0.001321s ]
INFO: [ app_init ] --END-- [ RunTime:0.001636s ]
INFO: [ app_begin ] --START--
NOTIC: [8] Undefined index: id E:\xampp\htdocs\zwj\ThinkPHP\Library\Behavior\ReadHtmlCacheBehavior.class.php 第 67 行.
INFO: Run Behavior\ReadHtmlCacheBehavior [ RunTime:0.001441s ]
INFO: [ app_begin ] --END-- [ RunTime:0.001488s ]
SQL: SHOW COLUMNS FROM `lyh_goods_attr` [ RunTime:0.0019s ]
ERR: SQLSTATE[23000]: Integrity constraint violation: 1052 Column 'id' in field list is ambiguous

[ 2016-08-15T17:38:49+08:00 ] ::1 /zwj/
INFO: [ app_init ] --START--
INFO: Run Behavior\BuildLiteBehavior [ RunTime:0.000012s ]
INFO: Run Common\Behavior\InitHookBehavior [ RunTime:0.001794s ]
INFO: [ app_init ] --END-- [ RunTime:0.002159s ]
INFO: [ app_begin ] --START--
NOTIC: [8] Undefined index: id E:\xampp\htdocs\zwj\ThinkPHP\Library\Behavior\ReadHtmlCacheBehavior.class.php 第 67 行.
INFO: Run Behavior\ReadHtmlCacheBehavior [ RunTime:0.001055s ]
INFO: [ app_begin ] --END-- [ RunTime:0.001101s ]
SQL: SHOW COLUMNS FROM `lyh_goods_attr` [ RunTime:0.0017s ]
ERR: SQLSTATE[42S22]: Column not found: 1054 Unknown column '__GOODS_ATTR__.id' in 'field list'

[ 2016-08-15T17:39:14+08:00 ] ::1 /zwj/
INFO: [ app_init ] --START--
INFO: Run Behavior\BuildLiteBehavior [ RunTime:0.000011s ]
INFO: Run Common\Behavior\InitHookBehavior [ RunTime:0.001883s ]
INFO: [ app_init ] --END-- [ RunTime:0.002210s ]
INFO: [ app_begin ] --START--
NOTIC: [8] Undefined index: id E:\xampp\htdocs\zwj\ThinkPHP\Library\Behavior\ReadHtmlCacheBehavior.class.php 第 67 行.
INFO: Run Behavior\ReadHtmlCacheBehavior [ RunTime:0.000999s ]
INFO: [ app_begin ] --END-- [ RunTime:0.001049s ]
SQL: SHOW COLUMNS FROM `lyh_goods_attr` [ RunTime:0.0016s ]
SQL: SELECT lyh_goods_attr.id as goods_attr_id FROM `lyh_goods_attr` INNER JOIN lyh_attr_type ON lyh_attr_type.id = lyh_goods_attr.attr_id  WHERE ( goods_id = 1 )  [ RunTime:0.0003s ]

[ 2016-08-15T17:39:32+08:00 ] ::1 /zwj/
INFO: [ app_init ] --START--
INFO: Run Behavior\BuildLiteBehavior [ RunTime:0.000012s ]
INFO: Run Common\Behavior\InitHookBehavior [ RunTime:0.001320s ]
INFO: [ app_init ] --END-- [ RunTime:0.001637s ]
INFO: [ app_begin ] --START--
NOTIC: [8] Undefined index: id E:\xampp\htdocs\zwj\ThinkPHP\Library\Behavior\ReadHtmlCacheBehavior.class.php 第 67 行.
INFO: Run Behavior\ReadHtmlCacheBehavior [ RunTime:0.001015s ]
INFO: [ app_begin ] --END-- [ RunTime:0.001063s ]
SQL: SHOW COLUMNS FROM `lyh_goods_attr` [ RunTime:0.0031s ]
ERR: SQLSTATE[42000]: Syntax error or access violation: 1064 You have an error in your SQL syntax; check the manual that corresponds to your MySQL server version for the right syntax to use near '* FROM `lyh_goods_attr` INNER JOIN lyh_attr_type ON lyh_attr_type.id = lyh_goods' at line 1

[ 2016-08-15T17:39:56+08:00 ] ::1 /zwj/
INFO: [ app_init ] --START--
INFO: Run Behavior\BuildLiteBehavior [ RunTime:0.000012s ]
INFO: Run Common\Behavior\InitHookBehavior [ RunTime:0.001453s ]
INFO: [ app_init ] --END-- [ RunTime:0.001818s ]
INFO: [ app_begin ] --START--
NOTIC: [8] Undefined index: id E:\xampp\htdocs\zwj\ThinkPHP\Library\Behavior\ReadHtmlCacheBehavior.class.php 第 67 行.
INFO: Run Behavior\ReadHtmlCacheBehavior [ RunTime:0.001046s ]
INFO: [ app_begin ] --END-- [ RunTime:0.001099s ]
SQL: SHOW COLUMNS FROM `lyh_goods_attr` [ RunTime:0.0023s ]
SQL: SELECT lyh_goods_attr.id as goods_attr_id,lyh_attr_type.* FROM `lyh_goods_attr` INNER JOIN lyh_attr_type ON lyh_attr_type.id = lyh_goods_attr.attr_id  WHERE ( goods_id = 1 )  [ RunTime:0.0005s ]

