[ 2016-07-06T09:21:34+08:00 ] ::1 /zwj/Public/Admin/css/base.css
ERR: 无法加载模块:Public

[ 2016-07-06T17:45:29+08:00 ] ::1 /zwj/Public/Admin/css/base.css
ERR: 无法加载模块:Public

[ 2016-07-06T17:45:33+08:00 ] ::1 /zwj/Public/Admin/css/base.css
ERR: 无法加载模块:Public

[ 2016-07-06T18:03:20+08:00 ] ::1 /zwj/js/top_nav.js
ERR: 无法加载模块:Js

[ 2016-07-06T18:03:20+08:00 ] ::1 /zwj/App/Home/View/default/css/image/top_nav_pro_rline.gif
ERR: 无法加载模块:App

[ 2016-07-06T18:05:17+08:00 ] ::1 /zwj/js/top_nav.js
ERR: 无法加载模块:Js

[ 2016-07-06T18:05:17+08:00 ] ::1 /zwj/App/Home/View/default/css/image/top_nav_pro_rline.gif
ERR: 无法加载模块:App

[ 2016-07-06T18:05:20+08:00 ] ::1 /zwj/js/top_nav.js
ERR: 无法加载模块:Js

[ 2016-07-06T18:05:20+08:00 ] ::1 /zwj/App/Home/View/default/css/image/top_nav_pro_rline.gif
ERR: 无法加载模块:App

[ 2016-07-06T18:06:58+08:00 ] ::1 /zwj/js/top_nav.js
ERR: 无法加载模块:Js

[ 2016-07-06T18:06:58+08:00 ] ::1 /zwj/App/Home/View/default/css/image/top_nav_pro_rline.gif
ERR: 无法加载模块:App

[ 2016-07-06T18:06:59+08:00 ] ::1 /zwj/js/top_nav.js
ERR: 无法加载模块:Js

[ 2016-07-06T18:06:59+08:00 ] ::1 /zwj/App/Home/View/default/css/image/top_nav_pro_rline.gif
ERR: 无法加载模块:App

[ 2016-07-06T18:07:00+08:00 ] ::1 /zwj/js/top_nav.js
ERR: 无法加载模块:Js

[ 2016-07-06T18:07:00+08:00 ] ::1 /zwj/App/Home/View/default/css/image/top_nav_pro_rline.gif
ERR: 无法加载模块:App

[ 2016-07-06T18:07:00+08:00 ] ::1 /zwj/js/top_nav.js
ERR: 无法加载模块:Js

[ 2016-07-06T18:07:00+08:00 ] ::1 /zwj/App/Home/View/default/css/image/top_nav_pro_rline.gif
ERR: 无法加载模块:App

[ 2016-07-06T18:07:03+08:00 ] ::1 /zwj/js/top_nav.js
ERR: 无法加载模块:Js

[ 2016-07-06T18:07:03+08:00 ] ::1 /zwj/App/Home/View/default/css/image/top_nav_pro_rline.gif
ERR: 无法加载模块:App

