[ 2016-06-20T09:24:45+08:00 ] ::1 /zwj/Public/Admin/css/base.css
INFO: [ app_init ] --START--
INFO: Run Behavior\BuildLiteBehavior [ RunTime:0.000014s ]
INFO: [ app_init ] --END-- [ RunTime:0.000488s ]
ERR: 无法加载模块:Public

[ 2016-06-20T09:24:50+08:00 ] ::1 /zwj/js/top_nav.js
INFO: [ app_init ] --START--
INFO: Run Behavior\BuildLiteBehavior [ RunTime:0.000016s ]
INFO: [ app_init ] --END-- [ RunTime:0.000373s ]
ERR: 无法加载模块:Js

[ 2016-06-20T09:24:50+08:00 ] ::1 /zwj/App/Home/View/default/css/image/top_nav_pro_rline.gif
INFO: [ app_init ] --START--
INFO: Run Behavior\BuildLiteBehavior [ RunTime:0.000019s ]
INFO: [ app_init ] --END-- [ RunTime:0.000551s ]
ERR: 无法加载模块:App

[ 2016-06-20T14:24:50+08:00 ] ::1 /zwj/js/top_nav.js
ERR: 无法加载模块:Js

[ 2016-06-20T14:24:50+08:00 ] ::1 /zwj/App/Home/View/default/css/image/top_nav_pro_rline.gif
ERR: 无法加载模块:App

[ 2016-06-20T14:25:15+08:00 ] ::1 /zwj/js/top_nav.js
INFO: [ app_init ] --START--
INFO: Run Behavior\BuildLiteBehavior [ RunTime:0.000013s ]
INFO: [ app_init ] --END-- [ RunTime:0.000375s ]
ERR: 无法加载模块:Js

[ 2016-06-20T14:25:15+08:00 ] ::1 /zwj/App/Home/View/default/css/image/top_nav_pro_rline.gif
INFO: [ app_init ] --START--
INFO: Run Behavior\BuildLiteBehavior [ RunTime:0.000030s ]
INFO: [ app_init ] --END-- [ RunTime:0.000366s ]
ERR: 无法加载模块:App

[ 2016-06-20T14:25:55+08:00 ] ::1 /zwj/js/top_nav.js
ERR: 无法加载模块:Js

[ 2016-06-20T14:25:55+08:00 ] ::1 /zwj/App/Home/View/default/css/image/top_nav_pro_rline.gif
ERR: 无法加载模块:App

[ 2016-06-20T14:26:01+08:00 ] ::1 /zwj/js/top_nav.js
ERR: 无法加载模块:Js

[ 2016-06-20T14:26:01+08:00 ] ::1 /zwj/App/Home/View/default/css/image/top_nav_pro_rline.gif
ERR: 无法加载模块:App

[ 2016-06-20T14:30:42+08:00 ] ::1 /zwj/js/top_nav.js
INFO: [ app_init ] --START--
INFO: Run Behavior\BuildLiteBehavior [ RunTime:0.000013s ]
INFO: [ app_init ] --END-- [ RunTime:0.000347s ]
ERR: 无法加载模块:Js

[ 2016-06-20T14:30:43+08:00 ] ::1 /zwj/App/Home/View/default/css/image/top_nav_pro_rline.gif
INFO: [ app_init ] --START--
INFO: Run Behavior\BuildLiteBehavior [ RunTime:0.000015s ]
INFO: [ app_init ] --END-- [ RunTime:0.000460s ]
ERR: 无法加载模块:App

[ 2016-06-20T14:31:34+08:00 ] ::1 /zwj/Public/Admin/css/base.css
INFO: [ app_init ] --START--
INFO: Run Behavior\BuildLiteBehavior [ RunTime:0.000013s ]
INFO: [ app_init ] --END-- [ RunTime:0.000313s ]
ERR: 无法加载模块:Public

[ 2016-06-20T14:31:50+08:00 ] ::1 /zwj/js/top_nav.js
ERR: 无法加载模块:Js

[ 2016-06-20T14:31:50+08:00 ] ::1 /zwj/App/Home/View/default/css/image/top_nav_pro_rline.gif
ERR: 无法加载模块:App

[ 2016-06-20T14:32:06+08:00 ] ::1 /zwj/js/top_nav.js
ERR: 无法加载模块:Js

[ 2016-06-20T14:32:07+08:00 ] ::1 /zwj/App/Home/View/default/css/image/top_nav_pro_rline.gif
ERR: 无法加载模块:App

[ 2016-06-20T14:32:21+08:00 ] ::1 /zwj/Public/Admin/css/base.css
ERR: 无法加载模块:Public

[ 2016-06-20T14:32:55+08:00 ] ::1 /zwj/js/top_nav.js
ERR: 无法加载模块:Js

[ 2016-06-20T14:32:55+08:00 ] ::1 /zwj/App/Home/View/default/css/image/top_nav_pro_rline.gif
ERR: 无法加载模块:App

[ 2016-06-20T14:32:57+08:00 ] ::1 /zwj/js/top_nav.js
ERR: 无法加载模块:Js

[ 2016-06-20T14:32:57+08:00 ] ::1 /zwj/App/Home/View/default/css/image/top_nav_pro_rline.gif
ERR: 无法加载模块:App

