[ 2016-07-11T09:17:33+08:00 ] ::1 /zwj/Public/Admin/css/base.css
ERR: 无法加载模块:Public

[ 2016-07-11T10:37:50+08:00 ] ::1 /zwj/js/top_nav.js
ERR: 无法加载模块:Js

[ 2016-07-11T10:37:51+08:00 ] ::1 /zwj/App/Home/View/default/css/image/top_nav_pro_rline.gif
ERR: 无法加载模块:App

[ 2016-07-11T10:41:19+08:00 ] ::1 /zwj/js/top_nav.js
ERR: 无法加载模块:Js

[ 2016-07-11T10:41:20+08:00 ] ::1 /zwj/App/Home/View/default/css/image/top_nav_pro_rline.gif
ERR: 无法加载模块:App

[ 2016-07-11T10:42:36+08:00 ] ::1 /zwj/js/top_nav.js
ERR: 无法加载模块:Js

[ 2016-07-11T10:42:36+08:00 ] ::1 /zwj/App/Home/View/default/css/image/top_nav_pro_rline.gif
ERR: 无法加载模块:App

[ 2016-07-11T10:43:58+08:00 ] ::1 /zwj/js/top_nav.js
ERR: 无法加载模块:Js

[ 2016-07-11T10:43:58+08:00 ] ::1 /zwj/App/Home/View/default/css/image/top_nav_pro_rline.gif
ERR: 无法加载模块:App

[ 2016-07-11T10:50:20+08:00 ] ::1 /zwj/js/top_nav.js
ERR: 无法加载模块:Js

[ 2016-07-11T10:50:20+08:00 ] ::1 /zwj/App/Home/View/default/css/image/top_nav_pro_rline.gif
ERR: 无法加载模块:App

[ 2016-07-11T10:50:51+08:00 ] ::1 /zwj/js/top_nav.js
ERR: 无法加载模块:Js

[ 2016-07-11T10:50:51+08:00 ] ::1 /zwj/App/Home/View/default/css/image/top_nav_pro_rline.gif
ERR: 无法加载模块:App

[ 2016-07-11T10:51:13+08:00 ] ::1 /zwj/js/top_nav.js
ERR: 无法加载模块:Js

[ 2016-07-11T10:51:13+08:00 ] ::1 /zwj/App/Home/View/default/css/image/top_nav_pro_rline.gif
ERR: 无法加载模块:App

[ 2016-07-11T10:53:09+08:00 ] ::1 /zwj/js/top_nav.js
ERR: 无法加载模块:Js

[ 2016-07-11T10:53:09+08:00 ] ::1 /zwj/App/Home/View/default/css/image/top_nav_pro_rline.gif
ERR: 无法加载模块:App

[ 2016-07-11T10:54:04+08:00 ] ::1 /zwj/js/top_nav.js
ERR: 无法加载模块:Js

[ 2016-07-11T10:54:04+08:00 ] ::1 /zwj/App/Home/View/default/css/image/top_nav_pro_rline.gif
ERR: 无法加载模块:App

[ 2016-07-11T10:54:14+08:00 ] ::1 /zwj/js/top_nav.js
ERR: 无法加载模块:Js

[ 2016-07-11T10:54:14+08:00 ] ::1 /zwj/App/Home/View/default/css/image/top_nav_pro_rline.gif
ERR: 无法加载模块:App

[ 2016-07-11T10:55:50+08:00 ] ::1 /zwj/js/top_nav.js
ERR: 无法加载模块:Js

[ 2016-07-11T10:55:50+08:00 ] ::1 /zwj/App/Home/View/default/css/image/top_nav_pro_rline.gif
ERR: 无法加载模块:App

[ 2016-07-11T10:56:08+08:00 ] ::1 /zwj/js/top_nav.js
ERR: 无法加载模块:Js

[ 2016-07-11T10:56:08+08:00 ] ::1 /zwj/App/Home/View/default/css/image/top_nav_pro_rline.gif
ERR: 无法加载模块:App

[ 2016-07-11T10:56:24+08:00 ] ::1 /zwj/js/top_nav.js
ERR: 无法加载模块:Js

[ 2016-07-11T10:56:24+08:00 ] ::1 /zwj/App/Home/View/default/css/image/top_nav_pro_rline.gif
ERR: 无法加载模块:App

[ 2016-07-11T10:57:28+08:00 ] ::1 /zwj/js/top_nav.js
ERR: 无法加载模块:Js

[ 2016-07-11T10:57:28+08:00 ] ::1 /zwj/App/Home/View/default/css/image/top_nav_pro_rline.gif
ERR: 无法加载模块:App

[ 2016-07-11T11:11:13+08:00 ] ::1 /zwj/js/top_nav.js
ERR: 无法加载模块:Js

[ 2016-07-11T11:11:13+08:00 ] ::1 /zwj/App/Home/View/default/css/image/top_nav_pro_rline.gif
ERR: 无法加载模块:App

[ 2016-07-11T11:13:53+08:00 ] ::1 /zwj/Uploads/Adv/2016/06/12/575d128130b90.jpg
ERR: 无法加载模块:Uploads

[ 2016-07-11T11:19:55+08:00 ] ::1 /zwj/js/top_nav.js
ERR: 无法加载模块:Js

[ 2016-07-11T11:19:55+08:00 ] ::1 /zwj/App/Home/View/default/css/image/top_nav_pro_rline.gif
ERR: 无法加载模块:App

[ 2016-07-11T11:20:02+08:00 ] ::1 /zwj/js/top_nav.js
ERR: 无法加载模块:Js

[ 2016-07-11T11:20:02+08:00 ] ::1 /zwj/App/Home/View/default/css/image/top_nav_pro_rline.gif
ERR: 无法加载模块:App

[ 2016-07-11T11:20:40+08:00 ] ::1 /zwj/js/top_nav.js
ERR: 无法加载模块:Js

[ 2016-07-11T11:20:40+08:00 ] ::1 /zwj/App/Home/View/default/css/image/top_nav_pro_rline.gif
ERR: 无法加载模块:App

[ 2016-07-11T11:20:56+08:00 ] ::1 /zwj/js/top_nav.js
ERR: 无法加载模块:Js

[ 2016-07-11T11:20:56+08:00 ] ::1 /zwj/App/Home/View/default/css/image/top_nav_pro_rline.gif
ERR: 无法加载模块:App

[ 2016-07-11T15:01:39+08:00 ] ::1 /zwj/js/top_nav.js
ERR: 无法加载模块:Js

[ 2016-07-11T15:01:39+08:00 ] ::1 /zwj/App/Home/View/default/css/image/top_nav_pro_rline.gif
ERR: 无法加载模块:App

[ 2016-07-11T15:03:12+08:00 ] ::1 /zwj/js/top_nav.js
ERR: 无法加载模块:Js

[ 2016-07-11T15:03:12+08:00 ] ::1 /zwj/App/Home/View/default/css/image/top_nav_pro_rline.gif
ERR: 无法加载模块:App

