[ 2016-07-22T09:07:26+08:00 ] ::1 /zwj/Public/Admin/css/base.css
INFO: [ app_init ] --START--
INFO: Run Behavior\BuildLiteBehavior [ RunTime:0.000016s ]
INFO: Run Common\Behavior\InitHookBehavior [ RunTime:0.001379s ]
INFO: [ app_init ] --END-- [ RunTime:0.001778s ]
ERR: 无法加载模块:Public

[ 2016-07-22T16:23:38+08:00 ] ::1 /zwj/js/top_nav.js
INFO: [ app_init ] --START--
INFO: Run Behavior\BuildLiteBehavior [ RunTime:0.000013s ]
INFO: Run Common\Behavior\InitHookBehavior [ RunTime:0.003028s ]
INFO: [ app_init ] --END-- [ RunTime:0.003413s ]
ERR: 无法加载模块:Js

[ 2016-07-22T16:23:38+08:00 ] ::1 /zwj/App/Home/View/default/css/image/top_nav_pro_rline.gif
INFO: [ app_init ] --START--
INFO: Run Behavior\BuildLiteBehavior [ RunTime:0.000013s ]
INFO: Run Common\Behavior\InitHookBehavior [ RunTime:0.002876s ]
INFO: [ app_init ] --END-- [ RunTime:0.003278s ]
ERR: 无法加载模块:App

[ 2016-07-22T16:24:23+08:00 ] ::1 /zwj/js/top_nav.js
INFO: [ app_init ] --START--
INFO: Run Behavior\BuildLiteBehavior [ RunTime:0.000016s ]
INFO: Run Common\Behavior\InitHookBehavior [ RunTime:0.004125s ]
INFO: [ app_init ] --END-- [ RunTime:0.004603s ]
ERR: 无法加载模块:Js

[ 2016-07-22T16:24:23+08:00 ] ::1 /zwj/App/Home/View/default/css/image/top_nav_pro_rline.gif
INFO: [ app_init ] --START--
INFO: Run Behavior\BuildLiteBehavior [ RunTime:0.000014s ]
INFO: Run Common\Behavior\InitHookBehavior [ RunTime:0.002687s ]
INFO: [ app_init ] --END-- [ RunTime:0.003120s ]
ERR: 无法加载模块:App

[ 2016-07-22T16:25:18+08:00 ] ::1 /zwj/js/top_nav.js
INFO: [ app_init ] --START--
INFO: Run Behavior\BuildLiteBehavior [ RunTime:0.000014s ]
INFO: Run Common\Behavior\InitHookBehavior [ RunTime:0.002444s ]
INFO: [ app_init ] --END-- [ RunTime:0.002842s ]
ERR: 无法加载模块:Js

[ 2016-07-22T16:25:18+08:00 ] ::1 /zwj/App/Home/View/default/css/image/top_nav_pro_rline.gif
INFO: [ app_init ] --START--
INFO: Run Behavior\BuildLiteBehavior [ RunTime:0.000016s ]
INFO: Run Common\Behavior\InitHookBehavior [ RunTime:0.003191s ]
INFO: [ app_init ] --END-- [ RunTime:0.003780s ]
ERR: 无法加载模块:App

