[ 2016-07-15T16:01:16+08:00 ] ::1 /zwj/js/top_nav.js
INFO: [ app_init ] --START--
INFO: Run Behavior\BuildLiteBehavior [ RunTime:0.000014s ]
INFO: Run Common\Behavior\InitHookBehavior [ RunTime:0.002880s ]
INFO: [ app_init ] --END-- [ RunTime:0.003314s ]
ERR: 无法加载模块:Js

[ 2016-07-15T16:01:16+08:00 ] ::1 /zwj/App/Home/View/default/css/image/top_nav_pro_rline.gif
INFO: [ app_init ] --START--
INFO: Run Behavior\BuildLiteBehavior [ RunTime:0.000014s ]
INFO: Run Common\Behavior\InitHookBehavior [ RunTime:0.003864s ]
INFO: [ app_init ] --END-- [ RunTime:0.004304s ]
ERR: 无法加载模块:App

[ 2016-07-15T16:03:24+08:00 ] ::1 /zwj/Public/images/logo_big.png
INFO: [ app_init ] --START--
INFO: Run Behavior\BuildLiteBehavior [ RunTime:0.000013s ]
INFO: Run Common\Behavior\InitHookBehavior [ RunTime:0.003895s ]
INFO: [ app_init ] --END-- [ RunTime:0.004281s ]
ERR: 无法加载模块:Public

[ 2016-07-15T16:03:24+08:00 ] ::1 /zwj/Public/images/vs_icon.png
INFO: [ app_init ] --START--
INFO: Run Behavior\BuildLiteBehavior [ RunTime:0.000017s ]
INFO: Run Common\Behavior\InitHookBehavior [ RunTime:0.002622s ]
INFO: [ app_init ] --END-- [ RunTime:0.003132s ]
ERR: 无法加载模块:Public

[ 2016-07-15T16:03:24+08:00 ] ::1 /zwj/Public/images/logo_small.png
INFO: [ app_init ] --START--
INFO: Run Behavior\BuildLiteBehavior [ RunTime:0.000018s ]
INFO: Run Common\Behavior\InitHookBehavior [ RunTime:0.003765s ]
INFO: [ app_init ] --END-- [ RunTime:0.004514s ]
ERR: 无法加载模块:Public

[ 2016-07-15T16:42:40+08:00 ] ::1 /zwj/Public/images/vs_icon.png
INFO: [ app_init ] --START--
INFO: Run Behavior\BuildLiteBehavior [ RunTime:0.000014s ]
INFO: Run Common\Behavior\InitHookBehavior [ RunTime:0.002529s ]
INFO: [ app_init ] --END-- [ RunTime:0.002921s ]
ERR: 无法加载模块:Public

[ 2016-07-15T16:42:40+08:00 ] ::1 /zwj/Public/images/logo_small.png
INFO: [ app_init ] --START--
INFO: Run Behavior\BuildLiteBehavior [ RunTime:0.000014s ]
INFO: Run Common\Behavior\InitHookBehavior [ RunTime:0.003026s ]
INFO: [ app_init ] --END-- [ RunTime:0.003430s ]
ERR: 无法加载模块:Public

[ 2016-07-15T16:42:40+08:00 ] ::1 /zwj/Public/images/logo_big.png
INFO: [ app_init ] --START--
INFO: Run Behavior\BuildLiteBehavior [ RunTime:0.000019s ]
INFO: Run Common\Behavior\InitHookBehavior [ RunTime:0.008870s ]
INFO: [ app_init ] --END-- [ RunTime:0.010260s ]
ERR: 无法加载模块:Public

[ 2016-07-15T16:45:25+08:00 ] ::1 /zwj/Public/images/logo_big.png
INFO: [ app_init ] --START--
INFO: Run Behavior\BuildLiteBehavior [ RunTime:0.000013s ]
INFO: Run Common\Behavior\InitHookBehavior [ RunTime:0.002825s ]
INFO: [ app_init ] --END-- [ RunTime:0.003246s ]
ERR: 无法加载模块:Public

[ 2016-07-15T16:45:25+08:00 ] ::1 /zwj/Public/images/vs_icon.png
INFO: [ app_init ] --START--
INFO: Run Behavior\BuildLiteBehavior [ RunTime:0.000014s ]
INFO: Run Common\Behavior\InitHookBehavior [ RunTime:0.002451s ]
INFO: [ app_init ] --END-- [ RunTime:0.002874s ]
ERR: 无法加载模块:Public

[ 2016-07-15T16:45:25+08:00 ] ::1 /zwj/Public/images/logo_small.png
INFO: [ app_init ] --START--
INFO: Run Behavior\BuildLiteBehavior [ RunTime:0.000016s ]
INFO: Run Common\Behavior\InitHookBehavior [ RunTime:0.006332s ]
INFO: [ app_init ] --END-- [ RunTime:0.006932s ]
ERR: 无法加载模块:Public

[ 2016-07-15T16:45:50+08:00 ] ::1 /zwj/Public/images/logo_big.png
INFO: [ app_init ] --START--
INFO: Run Behavior\BuildLiteBehavior [ RunTime:0.000013s ]
INFO: Run Common\Behavior\InitHookBehavior [ RunTime:0.003592s ]
INFO: [ app_init ] --END-- [ RunTime:0.004001s ]
ERR: 无法加载模块:Public

[ 2016-07-15T16:45:50+08:00 ] ::1 /zwj/Public/images/logo_small.png
INFO: [ app_init ] --START--
INFO: Run Behavior\BuildLiteBehavior [ RunTime:0.000013s ]
INFO: Run Common\Behavior\InitHookBehavior [ RunTime:0.003107s ]
INFO: [ app_init ] --END-- [ RunTime:0.003513s ]
ERR: 无法加载模块:Public

[ 2016-07-15T16:45:50+08:00 ] ::1 /zwj/Public/images/vs_icon.png
INFO: [ app_init ] --START--
INFO: Run Behavior\BuildLiteBehavior [ RunTime:0.000015s ]
INFO: Run Common\Behavior\InitHookBehavior [ RunTime:0.002993s ]
INFO: [ app_init ] --END-- [ RunTime:0.003450s ]
ERR: 无法加载模块:Public

[ 2016-07-15T16:46:02+08:00 ] ::1 /zwj/Public/images/logo_big.png
INFO: [ app_init ] --START--
INFO: Run Behavior\BuildLiteBehavior [ RunTime:0.000014s ]
INFO: Run Common\Behavior\InitHookBehavior [ RunTime:0.002833s ]
INFO: [ app_init ] --END-- [ RunTime:0.003342s ]
ERR: 无法加载模块:Public

[ 2016-07-15T16:46:02+08:00 ] ::1 /zwj/Public/images/vs_icon.png
INFO: [ app_init ] --START--
INFO: Run Behavior\BuildLiteBehavior [ RunTime:0.000014s ]
INFO: Run Common\Behavior\InitHookBehavior [ RunTime:0.001387s ]
INFO: [ app_init ] --END-- [ RunTime:0.001942s ]
ERR: 无法加载模块:Public

[ 2016-07-15T16:46:02+08:00 ] ::1 /zwj/Public/images/logo_small.png
INFO: [ app_init ] --START--
INFO: Run Behavior\BuildLiteBehavior [ RunTime:0.000017s ]
INFO: Run Common\Behavior\InitHookBehavior [ RunTime:0.003776s ]
INFO: [ app_init ] --END-- [ RunTime:0.004440s ]
ERR: 无法加载模块:Public

[ 2016-07-15T16:56:35+08:00 ] ::1 /zwj/Public/images/logo_big.png
INFO: [ app_init ] --START--
INFO: Run Behavior\BuildLiteBehavior [ RunTime:0.000013s ]
INFO: Run Common\Behavior\InitHookBehavior [ RunTime:0.002903s ]
INFO: [ app_init ] --END-- [ RunTime:0.003301s ]
ERR: 无法加载模块:Public

[ 2016-07-15T16:56:35+08:00 ] ::1 /zwj/Public/images/logo_small.png
INFO: [ app_init ] --START--
INFO: Run Behavior\BuildLiteBehavior [ RunTime:0.000013s ]
INFO: Run Common\Behavior\InitHookBehavior [ RunTime:0.002054s ]
INFO: [ app_init ] --END-- [ RunTime:0.002458s ]
ERR: 无法加载模块:Public

[ 2016-07-15T16:56:35+08:00 ] ::1 /zwj/Public/images/vs_icon.png
INFO: [ app_init ] --START--
INFO: Run Behavior\BuildLiteBehavior [ RunTime:0.000015s ]
INFO: Run Common\Behavior\InitHookBehavior [ RunTime:0.002924s ]
INFO: [ app_init ] --END-- [ RunTime:0.003385s ]
ERR: 无法加载模块:Public

[ 2016-07-15T16:57:08+08:00 ] ::1 /zwj/Public/images/logo_big.png
INFO: [ app_init ] --START--
INFO: Run Behavior\BuildLiteBehavior [ RunTime:0.000013s ]
INFO: Run Common\Behavior\InitHookBehavior [ RunTime:0.002407s ]
INFO: [ app_init ] --END-- [ RunTime:0.002800s ]
ERR: 无法加载模块:Public

[ 2016-07-15T16:57:08+08:00 ] ::1 /zwj/Public/images/logo_small.png
INFO: [ app_init ] --START--
INFO: Run Behavior\BuildLiteBehavior [ RunTime:0.000014s ]
INFO: Run Common\Behavior\InitHookBehavior [ RunTime:0.002592s ]
INFO: [ app_init ] --END-- [ RunTime:0.003022s ]
ERR: 无法加载模块:Public

[ 2016-07-15T16:57:08+08:00 ] ::1 /zwj/Public/images/vs_icon.png
INFO: [ app_init ] --START--
INFO: Run Behavior\BuildLiteBehavior [ RunTime:0.000015s ]
INFO: Run Common\Behavior\InitHookBehavior [ RunTime:0.004536s ]
INFO: [ app_init ] --END-- [ RunTime:0.005002s ]
ERR: 无法加载模块:Public

[ 2016-07-15T16:57:10+08:00 ] ::1 /zwj/Public/images/logo_big.png
INFO: [ app_init ] --START--
INFO: Run Behavior\BuildLiteBehavior [ RunTime:0.000014s ]
INFO: Run Common\Behavior\InitHookBehavior [ RunTime:0.002459s ]
INFO: [ app_init ] --END-- [ RunTime:0.002843s ]
ERR: 无法加载模块:Public

[ 2016-07-15T16:57:10+08:00 ] ::1 /zwj/Public/images/vs_icon.png
INFO: [ app_init ] --START--
INFO: Run Behavior\BuildLiteBehavior [ RunTime:0.000014s ]
INFO: Run Common\Behavior\InitHookBehavior [ RunTime:0.002481s ]
INFO: [ app_init ] --END-- [ RunTime:0.002868s ]
ERR: 无法加载模块:Public

[ 2016-07-15T16:57:10+08:00 ] ::1 /zwj/Public/images/logo_small.png
INFO: [ app_init ] --START--
INFO: Run Behavior\BuildLiteBehavior [ RunTime:0.000022s ]
INFO: Run Common\Behavior\InitHookBehavior [ RunTime:0.003167s ]
INFO: [ app_init ] --END-- [ RunTime:0.003654s ]
ERR: 无法加载模块:Public

[ 2016-07-15T16:57:36+08:00 ] ::1 /zwj/Public/images/logo_big.png
INFO: [ app_init ] --START--
INFO: Run Behavior\BuildLiteBehavior [ RunTime:0.000013s ]
INFO: Run Common\Behavior\InitHookBehavior [ RunTime:0.002362s ]
INFO: [ app_init ] --END-- [ RunTime:0.002760s ]
ERR: 无法加载模块:Public

[ 2016-07-15T16:57:36+08:00 ] ::1 /zwj/Public/images/vs_icon.png
INFO: [ app_init ] --START--
INFO: Run Behavior\BuildLiteBehavior [ RunTime:0.000018s ]
INFO: Run Common\Behavior\InitHookBehavior [ RunTime:0.003237s ]
INFO: [ app_init ] --END-- [ RunTime:0.003673s ]
ERR: 无法加载模块:Public

[ 2016-07-15T16:57:36+08:00 ] ::1 /zwj/Public/images/logo_small.png
INFO: [ app_init ] --START--
INFO: Run Behavior\BuildLiteBehavior [ RunTime:0.000016s ]
INFO: Run Common\Behavior\InitHookBehavior [ RunTime:0.005495s ]
INFO: [ app_init ] --END-- [ RunTime:0.006004s ]
ERR: 无法加载模块:Public

[ 2016-07-15T16:58:05+08:00 ] ::1 /zwj/Public/images/logo_big.png
INFO: [ app_init ] --START--
INFO: Run Behavior\BuildLiteBehavior [ RunTime:0.000013s ]
INFO: Run Common\Behavior\InitHookBehavior [ RunTime:0.002935s ]
INFO: [ app_init ] --END-- [ RunTime:0.003320s ]
ERR: 无法加载模块:Public

[ 2016-07-15T16:58:05+08:00 ] ::1 /zwj/Public/images/logo_small.png
INFO: [ app_init ] --START--
INFO: Run Behavior\BuildLiteBehavior [ RunTime:0.000016s ]
INFO: Run Common\Behavior\InitHookBehavior [ RunTime:0.001898s ]
INFO: [ app_init ] --END-- [ RunTime:0.002353s ]
ERR: 无法加载模块:Public

[ 2016-07-15T16:58:05+08:00 ] ::1 /zwj/Public/images/vs_icon.png
INFO: [ app_init ] --START--
INFO: Run Behavior\BuildLiteBehavior [ RunTime:0.000016s ]
INFO: Run Common\Behavior\InitHookBehavior [ RunTime:0.003109s ]
INFO: [ app_init ] --END-- [ RunTime:0.003621s ]
ERR: 无法加载模块:Public

[ 2016-07-15T16:58:31+08:00 ] ::1 /zwj/Public/images/logo_big.png
INFO: [ app_init ] --START--
INFO: Run Behavior\BuildLiteBehavior [ RunTime:0.000013s ]
INFO: Run Common\Behavior\InitHookBehavior [ RunTime:0.002816s ]
INFO: [ app_init ] --END-- [ RunTime:0.003216s ]
ERR: 无法加载模块:Public

[ 2016-07-15T16:58:31+08:00 ] ::1 /zwj/Public/images/vs_icon.png
INFO: [ app_init ] --START--
INFO: Run Behavior\BuildLiteBehavior [ RunTime:0.000013s ]
INFO: Run Common\Behavior\InitHookBehavior [ RunTime:0.006047s ]
INFO: [ app_init ] --END-- [ RunTime:0.006450s ]
ERR: 无法加载模块:Public

[ 2016-07-15T16:58:31+08:00 ] ::1 /zwj/Public/images/logo_small.png
INFO: [ app_init ] --START--
INFO: Run Behavior\BuildLiteBehavior [ RunTime:0.000018s ]
INFO: Run Common\Behavior\InitHookBehavior [ RunTime:0.003408s ]
INFO: [ app_init ] --END-- [ RunTime:0.003977s ]
ERR: 无法加载模块:Public

[ 2016-07-15T16:58:33+08:00 ] ::1 /zwj/Public/images/logo_big.png
INFO: [ app_init ] --START--
INFO: Run Behavior\BuildLiteBehavior [ RunTime:0.000013s ]
INFO: Run Common\Behavior\InitHookBehavior [ RunTime:0.002415s ]
INFO: [ app_init ] --END-- [ RunTime:0.002819s ]
ERR: 无法加载模块:Public

[ 2016-07-15T16:58:33+08:00 ] ::1 /zwj/Public/images/vs_icon.png
INFO: [ app_init ] --START--
INFO: Run Behavior\BuildLiteBehavior [ RunTime:0.000016s ]
INFO: Run Common\Behavior\InitHookBehavior [ RunTime:0.003063s ]
INFO: [ app_init ] --END-- [ RunTime:0.003617s ]
ERR: 无法加载模块:Public

[ 2016-07-15T16:58:33+08:00 ] ::1 /zwj/Public/images/logo_small.png
INFO: [ app_init ] --START--
INFO: Run Behavior\BuildLiteBehavior [ RunTime:0.000014s ]
INFO: Run Common\Behavior\InitHookBehavior [ RunTime:0.002527s ]
INFO: [ app_init ] --END-- [ RunTime:0.002992s ]
ERR: 无法加载模块:Public

[ 2016-07-15T16:59:41+08:00 ] ::1 /zwj/Public/images/logo_big.png
INFO: [ app_init ] --START--
INFO: Run Behavior\BuildLiteBehavior [ RunTime:0.000013s ]
INFO: Run Common\Behavior\InitHookBehavior [ RunTime:0.003382s ]
INFO: [ app_init ] --END-- [ RunTime:0.003764s ]
ERR: 无法加载模块:Public

[ 2016-07-15T16:59:41+08:00 ] ::1 /zwj/Public/images/vs_icon.png
INFO: [ app_init ] --START--
INFO: Run Behavior\BuildLiteBehavior [ RunTime:0.000013s ]
INFO: Run Common\Behavior\InitHookBehavior [ RunTime:0.001901s ]
INFO: [ app_init ] --END-- [ RunTime:0.002267s ]
ERR: 无法加载模块:Public

[ 2016-07-15T16:59:41+08:00 ] ::1 /zwj/Public/images/logo_small.png
INFO: [ app_init ] --START--
INFO: Run Behavior\BuildLiteBehavior [ RunTime:0.000017s ]
INFO: Run Common\Behavior\InitHookBehavior [ RunTime:0.002684s ]
INFO: [ app_init ] --END-- [ RunTime:0.003159s ]
ERR: 无法加载模块:Public

[ 2016-07-15T16:59:43+08:00 ] ::1 /zwj/Public/images/logo_big.png
INFO: [ app_init ] --START--
INFO: Run Behavior\BuildLiteBehavior [ RunTime:0.000014s ]
INFO: Run Common\Behavior\InitHookBehavior [ RunTime:0.002702s ]
INFO: [ app_init ] --END-- [ RunTime:0.003091s ]
ERR: 无法加载模块:Public

[ 2016-07-15T16:59:43+08:00 ] ::1 /zwj/Public/images/vs_icon.png
INFO: [ app_init ] --START--
INFO: Run Behavior\BuildLiteBehavior [ RunTime:0.000015s ]
INFO: Run Common\Behavior\InitHookBehavior [ RunTime:0.002651s ]
INFO: [ app_init ] --END-- [ RunTime:0.003085s ]
ERR: 无法加载模块:Public

[ 2016-07-15T16:59:43+08:00 ] ::1 /zwj/Public/images/logo_small.png
INFO: [ app_init ] --START--
INFO: Run Behavior\BuildLiteBehavior [ RunTime:0.000014s ]
INFO: Run Common\Behavior\InitHookBehavior [ RunTime:0.002503s ]
INFO: [ app_init ] --END-- [ RunTime:0.002919s ]
ERR: 无法加载模块:Public

