[ 2016-07-09T09:33:35+08:00 ] ::1 /zwj/Public/Admin/css/base.css
ERR: 无法加载模块:Public

[ 2016-07-09T15:12:43+08:00 ] ::1 /zwj/js/top_nav.js
ERR: 无法加载模块:Js

[ 2016-07-09T15:12:44+08:00 ] ::1 /zwj/App/Home/View/default/css/image/top_nav_pro_rline.gif
ERR: 无法加载模块:App

[ 2016-07-09T15:12:47+08:00 ] ::1 /zwj/js/top_nav.js
ERR: 无法加载模块:Js

[ 2016-07-09T15:12:47+08:00 ] ::1 /zwj/App/Home/View/default/css/image/top_nav_pro_rline.gif
ERR: 无法加载模块:App

[ 2016-07-09T15:13:38+08:00 ] ::1 /zwj/js/top_nav.js
ERR: 无法加载模块:Js

[ 2016-07-09T15:13:38+08:00 ] ::1 /zwj/App/Home/View/default/css/image/top_nav_pro_rline.gif
ERR: 无法加载模块:App

[ 2016-07-09T15:14:15+08:00 ] ::1 /zwj/js/top_nav.js
ERR: 无法加载模块:Js

[ 2016-07-09T15:14:15+08:00 ] ::1 /zwj/App/Home/View/default/css/image/top_nav_pro_rline.gif
ERR: 无法加载模块:App

[ 2016-07-09T15:14:33+08:00 ] ::1 /zwj/js/top_nav.js
ERR: 无法加载模块:Js

[ 2016-07-09T15:14:33+08:00 ] ::1 /zwj/App/Home/View/default/css/image/top_nav_pro_rline.gif
ERR: 无法加载模块:App

[ 2016-07-09T15:14:43+08:00 ] ::1 /zwj/js/top_nav.js
ERR: 无法加载模块:Js

[ 2016-07-09T15:14:43+08:00 ] ::1 /zwj/App/Home/View/default/css/image/top_nav_pro_rline.gif
ERR: 无法加载模块:App

[ 2016-07-09T15:17:28+08:00 ] ::1 /zwj/js/top_nav.js
ERR: 无法加载模块:Js

[ 2016-07-09T15:17:28+08:00 ] ::1 /zwj/App/Home/View/default/css/image/top_nav_pro_rline.gif
ERR: 无法加载模块:App

[ 2016-07-09T15:17:39+08:00 ] ::1 /zwj/js/top_nav.js
ERR: 无法加载模块:Js

[ 2016-07-09T15:17:39+08:00 ] ::1 /zwj/App/Home/View/default/css/image/top_nav_pro_rline.gif
ERR: 无法加载模块:App

[ 2016-07-09T15:17:46+08:00 ] ::1 /zwj/js/top_nav.js
ERR: 无法加载模块:Js

[ 2016-07-09T15:17:46+08:00 ] ::1 /zwj/App/Home/View/default/css/image/top_nav_pro_rline.gif
ERR: 无法加载模块:App

[ 2016-07-09T15:18:30+08:00 ] ::1 /zwj/js/top_nav.js
ERR: 无法加载模块:Js

[ 2016-07-09T15:18:30+08:00 ] ::1 /zwj/App/Home/View/default/css/image/top_nav_pro_rline.gif
ERR: 无法加载模块:App

[ 2016-07-09T15:19:08+08:00 ] ::1 /zwj/js/top_nav.js
ERR: 无法加载模块:Js

[ 2016-07-09T15:19:08+08:00 ] ::1 /zwj/App/Home/View/default/css/image/top_nav_pro_rline.gif
ERR: 无法加载模块:App

[ 2016-07-09T15:20:15+08:00 ] ::1 /zwj/js/top_nav.js
ERR: 无法加载模块:Js

[ 2016-07-09T15:20:15+08:00 ] ::1 /zwj/App/Home/View/default/css/image/top_nav_pro_rline.gif
ERR: 无法加载模块:App

[ 2016-07-09T15:30:33+08:00 ] ::1 /zwj/js/top_nav.js
ERR: 无法加载模块:Js

[ 2016-07-09T15:30:33+08:00 ] ::1 /zwj/App/Home/View/default/css/image/top_nav_pro_rline.gif
ERR: 无法加载模块:App

[ 2016-07-09T16:15:34+08:00 ] ::1 /zwj/js/top_nav.js
ERR: 无法加载模块:Js

[ 2016-07-09T16:15:34+08:00 ] ::1 /zwj/App/Home/View/default/css/image/top_nav_pro_rline.gif
ERR: 无法加载模块:App

[ 2016-07-09T16:40:49+08:00 ] ::1 /zwj/js/top_nav.js
ERR: 无法加载模块:Js

[ 2016-07-09T16:40:49+08:00 ] ::1 /zwj/App/Home/View/default/css/image/top_nav_pro_rline.gif
ERR: 无法加载模块:App

