[ 2016-07-13T11:23:09+08:00 ] ::1 /zwj/App/Home/View/default/css/image/top_nav_pro_rline.gif
INFO: [ app_init ] --START--
INFO: Run Behavior\BuildLiteBehavior [ RunTime:0.000015s ]
INFO: Run Common\Behavior\InitHookBehavior [ RunTime:0.002780s ]
INFO: [ app_init ] --END-- [ RunTime:0.003218s ]
ERR: 无法加载模块:App

[ 2016-07-13T11:26:46+08:00 ] ::1 /zwj/App/Home/View/default/css/image/top_nav_pro_rline.gif
INFO: [ app_init ] --START--
INFO: Run Behavior\BuildLiteBehavior [ RunTime:0.000014s ]
INFO: Run Common\Behavior\InitHookBehavior [ RunTime:0.002850s ]
INFO: [ app_init ] --END-- [ RunTime:0.003298s ]
ERR: 无法加载模块:App

[ 2016-07-13T11:27:55+08:00 ] ::1 /zwj/App/Home/View/default/css/image/top_nav_pro_rline.gif
INFO: [ app_init ] --START--
INFO: Run Behavior\BuildLiteBehavior [ RunTime:0.000013s ]
INFO: Run Common\Behavior\InitHookBehavior [ RunTime:0.003580s ]
INFO: [ app_init ] --END-- [ RunTime:0.004024s ]
ERR: 无法加载模块:App

[ 2016-07-13T11:34:44+08:00 ] ::1 /zwj/App/Home/View/default/css/image/top_nav_pro_rline.gif
INFO: [ app_init ] --START--
INFO: Run Behavior\BuildLiteBehavior [ RunTime:0.000015s ]
INFO: Run Common\Behavior\InitHookBehavior [ RunTime:0.002846s ]
INFO: [ app_init ] --END-- [ RunTime:0.003335s ]
ERR: 无法加载模块:App

[ 2016-07-13T13:39:11+08:00 ] ::1 /zwj/App/Home/View/default/css/image/top_nav_pro_rline.gif
INFO: [ app_init ] --START--
INFO: Run Behavior\BuildLiteBehavior [ RunTime:0.000014s ]
INFO: Run Common\Behavior\InitHookBehavior [ RunTime:0.002508s ]
INFO: [ app_init ] --END-- [ RunTime:0.002938s ]
ERR: 无法加载模块:App

[ 2016-07-13T13:40:28+08:00 ] ::1 /zwj/App/Home/View/default/css/image/top_nav_pro_rline.gif
INFO: [ app_init ] --START--
INFO: Run Behavior\BuildLiteBehavior [ RunTime:0.000017s ]
INFO: Run Common\Behavior\InitHookBehavior [ RunTime:0.003174s ]
INFO: [ app_init ] --END-- [ RunTime:0.003852s ]
ERR: 无法加载模块:App

[ 2016-07-13T13:40:54+08:00 ] ::1 /zwj/App/Home/View/default/css/image/top_nav_pro_rline.gif
INFO: [ app_init ] --START--
INFO: Run Behavior\BuildLiteBehavior [ RunTime:0.000016s ]
INFO: Run Common\Behavior\InitHookBehavior [ RunTime:0.003186s ]
INFO: [ app_init ] --END-- [ RunTime:0.003684s ]
ERR: 无法加载模块:App

[ 2016-07-13T13:42:23+08:00 ] ::1 /zwj/App/Home/View/default/css/image/top_nav_pro_rline.gif
INFO: [ app_init ] --START--
INFO: Run Behavior\BuildLiteBehavior [ RunTime:0.000014s ]
INFO: Run Common\Behavior\InitHookBehavior [ RunTime:0.002720s ]
INFO: [ app_init ] --END-- [ RunTime:0.003167s ]
ERR: 无法加载模块:App

[ 2016-07-13T13:43:19+08:00 ] ::1 /zwj/App/Home/View/default/css/image/top_nav_pro_rline.gif
INFO: [ app_init ] --START--
INFO: Run Behavior\BuildLiteBehavior [ RunTime:0.000015s ]
INFO: Run Common\Behavior\InitHookBehavior [ RunTime:0.002723s ]
INFO: [ app_init ] --END-- [ RunTime:0.003215s ]
ERR: 无法加载模块:App

[ 2016-07-13T13:43:57+08:00 ] ::1 /zwj/App/Home/View/default/css/image/top_nav_pro_rline.gif
INFO: [ app_init ] --START--
INFO: Run Behavior\BuildLiteBehavior [ RunTime:0.000016s ]
INFO: Run Common\Behavior\InitHookBehavior [ RunTime:0.003216s ]
INFO: [ app_init ] --END-- [ RunTime:0.003831s ]
ERR: 无法加载模块:App

[ 2016-07-13T13:44:05+08:00 ] ::1 /zwj/App/Home/View/default/css/image/top_nav_pro_rline.gif
INFO: [ app_init ] --START--
INFO: Run Behavior\BuildLiteBehavior [ RunTime:0.000016s ]
INFO: Run Common\Behavior\InitHookBehavior [ RunTime:0.004073s ]
INFO: [ app_init ] --END-- [ RunTime:0.004582s ]
ERR: 无法加载模块:App

