[ 2016-07-28T13:28:22+08:00 ] ::1 /zwj/js/top_nav.js
INFO: [ app_init ] --START--
INFO: Run Behavior\BuildLiteBehavior [ RunTime:0.000013s ]
INFO: Run Common\Behavior\InitHookBehavior [ RunTime:0.001866s ]
INFO: [ app_init ] --END-- [ RunTime:0.002264s ]
ERR: 无法加载模块:Js

[ 2016-07-28T13:28:22+08:00 ] ::1 /zwj/App/Home/View/default/css/image/top_nav_pro_rline.gif
INFO: [ app_init ] --START--
INFO: Run Behavior\BuildLiteBehavior [ RunTime:0.000014s ]
INFO: Run Common\Behavior\InitHookBehavior [ RunTime:0.001335s ]
INFO: [ app_init ] --END-- [ RunTime:0.001692s ]
ERR: 无法加载模块:App

[ 2016-07-28T13:41:08+08:00 ] ::1 /zwj/js/top_nav.js
INFO: [ app_init ] --START--
INFO: Run Behavior\BuildLiteBehavior [ RunTime:0.000013s ]
INFO: Run Common\Behavior\InitHookBehavior [ RunTime:0.002434s ]
INFO: [ app_init ] --END-- [ RunTime:0.002806s ]
ERR: 无法加载模块:Js

[ 2016-07-28T13:41:08+08:00 ] ::1 /zwj/App/Home/View/default/css/image/top_nav_pro_rline.gif
INFO: [ app_init ] --START--
INFO: Run Behavior\BuildLiteBehavior [ RunTime:0.000015s ]
INFO: Run Common\Behavior\InitHookBehavior [ RunTime:0.002460s ]
INFO: [ app_init ] --END-- [ RunTime:0.002869s ]
ERR: 无法加载模块:App

[ 2016-07-28T13:41:54+08:00 ] ::1 /zwj/js/top_nav.js
INFO: [ app_init ] --START--
INFO: Run Behavior\BuildLiteBehavior [ RunTime:0.000014s ]
INFO: Run Common\Behavior\InitHookBehavior [ RunTime:0.002804s ]
INFO: [ app_init ] --END-- [ RunTime:0.003181s ]
ERR: 无法加载模块:Js

[ 2016-07-28T13:41:54+08:00 ] ::1 /zwj/App/Home/View/default/css/image/top_nav_pro_rline.gif
INFO: [ app_init ] --START--
INFO: Run Behavior\BuildLiteBehavior [ RunTime:0.000016s ]
INFO: Run Common\Behavior\InitHookBehavior [ RunTime:0.001476s ]
INFO: [ app_init ] --END-- [ RunTime:0.003703s ]
ERR: 无法加载模块:App

[ 2016-07-28T13:42:25+08:00 ] ::1 /zwj/js/top_nav.js
INFO: [ app_init ] --START--
INFO: Run Behavior\BuildLiteBehavior [ RunTime:0.000014s ]
INFO: Run Common\Behavior\InitHookBehavior [ RunTime:0.002491s ]
INFO: [ app_init ] --END-- [ RunTime:0.002897s ]
ERR: 无法加载模块:Js

[ 2016-07-28T13:42:25+08:00 ] ::1 /zwj/App/Home/View/default/css/image/top_nav_pro_rline.gif
INFO: [ app_init ] --START--
INFO: Run Behavior\BuildLiteBehavior [ RunTime:0.000015s ]
INFO: Run Common\Behavior\InitHookBehavior [ RunTime:0.002591s ]
INFO: [ app_init ] --END-- [ RunTime:0.003078s ]
ERR: 无法加载模块:App

[ 2016-07-28T18:07:11+08:00 ] ::1 /zwj/js/top_nav.js
INFO: [ app_init ] --START--
INFO: Run Behavior\BuildLiteBehavior [ RunTime:0.000014s ]
INFO: Run Common\Behavior\InitHookBehavior [ RunTime:0.002152s ]
INFO: [ app_init ] --END-- [ RunTime:0.002574s ]
ERR: 无法加载模块:Js

[ 2016-07-28T18:07:11+08:00 ] ::1 /zwj/App/Home/View/default/css/image/top_nav_pro_rline.gif
INFO: [ app_init ] --START--
INFO: Run Behavior\BuildLiteBehavior [ RunTime:0.000017s ]
INFO: Run Common\Behavior\InitHookBehavior [ RunTime:0.001665s ]
INFO: [ app_init ] --END-- [ RunTime:0.002337s ]
ERR: 无法加载模块:App

[ 2016-07-28T18:07:25+08:00 ] ::1 /zwj/js/top_nav.js
INFO: [ app_init ] --START--
INFO: Run Behavior\BuildLiteBehavior [ RunTime:0.000012s ]
INFO: Run Common\Behavior\InitHookBehavior [ RunTime:0.001342s ]
INFO: [ app_init ] --END-- [ RunTime:0.001669s ]
ERR: 无法加载模块:Js

[ 2016-07-28T18:07:25+08:00 ] ::1 /zwj/App/Home/View/default/css/image/top_nav_pro_rline.gif
INFO: [ app_init ] --START--
INFO: Run Behavior\BuildLiteBehavior [ RunTime:0.000015s ]
INFO: Run Common\Behavior\InitHookBehavior [ RunTime:0.001404s ]
INFO: [ app_init ] --END-- [ RunTime:0.001779s ]
ERR: 无法加载模块:App

[ 2016-07-28T18:08:04+08:00 ] ::1 /zwj/js/top_nav.js
INFO: [ app_init ] --START--
INFO: Run Behavior\BuildLiteBehavior [ RunTime:0.000012s ]
INFO: Run Common\Behavior\InitHookBehavior [ RunTime:0.002060s ]
INFO: [ app_init ] --END-- [ RunTime:0.002430s ]
ERR: 无法加载模块:Js

[ 2016-07-28T18:08:04+08:00 ] ::1 /zwj/App/Home/View/default/css/image/top_nav_pro_rline.gif
INFO: [ app_init ] --START--
INFO: Run Behavior\BuildLiteBehavior [ RunTime:0.000013s ]
INFO: Run Common\Behavior\InitHookBehavior [ RunTime:0.001394s ]
INFO: [ app_init ] --END-- [ RunTime:0.001744s ]
ERR: 无法加载模块:App

[ 2016-07-28T18:08:30+08:00 ] ::1 /zwj/js/top_nav.js
INFO: [ app_init ] --START--
INFO: Run Behavior\BuildLiteBehavior [ RunTime:0.000013s ]
INFO: Run Common\Behavior\InitHookBehavior [ RunTime:0.001850s ]
INFO: [ app_init ] --END-- [ RunTime:0.002305s ]
ERR: 无法加载模块:Js

[ 2016-07-28T18:08:30+08:00 ] ::1 /zwj/App/Home/View/default/css/image/top_nav_pro_rline.gif
INFO: [ app_init ] --START--
INFO: Run Behavior\BuildLiteBehavior [ RunTime:0.000014s ]
INFO: Run Common\Behavior\InitHookBehavior [ RunTime:0.001498s ]
INFO: [ app_init ] --END-- [ RunTime:0.001850s ]
ERR: 无法加载模块:App

[ 2016-07-28T18:08:36+08:00 ] ::1 /zwj/js/top_nav.js
INFO: [ app_init ] --START--
INFO: Run Behavior\BuildLiteBehavior [ RunTime:0.000013s ]
INFO: Run Common\Behavior\InitHookBehavior [ RunTime:0.001872s ]
INFO: [ app_init ] --END-- [ RunTime:0.002269s ]
ERR: 无法加载模块:Js

[ 2016-07-28T18:08:36+08:00 ] ::1 /zwj/App/Home/View/default/css/image/top_nav_pro_rline.gif
INFO: [ app_init ] --START--
INFO: Run Behavior\BuildLiteBehavior [ RunTime:0.000015s ]
INFO: Run Common\Behavior\InitHookBehavior [ RunTime:0.001430s ]
INFO: [ app_init ] --END-- [ RunTime:0.001832s ]
ERR: 无法加载模块:App

[ 2016-07-28T18:09:25+08:00 ] ::1 /zwj/js/top_nav.js
INFO: [ app_init ] --START--
INFO: Run Behavior\BuildLiteBehavior [ RunTime:0.000013s ]
INFO: Run Common\Behavior\InitHookBehavior [ RunTime:0.001529s ]
INFO: [ app_init ] --END-- [ RunTime:0.001857s ]
ERR: 无法加载模块:Js

[ 2016-07-28T18:09:25+08:00 ] ::1 /zwj/App/Home/View/default/css/image/top_nav_pro_rline.gif
INFO: [ app_init ] --START--
INFO: Run Behavior\BuildLiteBehavior [ RunTime:0.000016s ]
INFO: Run Common\Behavior\InitHookBehavior [ RunTime:0.001456s ]
INFO: [ app_init ] --END-- [ RunTime:0.001925s ]
ERR: 无法加载模块:App

