[ 2016-08-04T09:41:07+08:00 ] ::1 /zwj/admin.php/adv/delete/id/5.html
INFO: [ app_init ] --START--
INFO: Run Behavior\BuildLiteBehavior [ RunTime:0.000014s ]
INFO: Run Common\Behavior\InitHookBehavior [ RunTime:0.011809s ]
INFO: [ app_init ] --END-- [ RunTime:0.012622s ]
INFO: [ app_begin ] --START--
INFO: Run Behavior\ReadHtmlCacheBehavior [ RunTime:0.001156s ]
INFO: Run Behavior\CheckLangBehavior [ RunTime:0.022408s ]
INFO: [ app_begin ] --END-- [ RunTime:0.023659s ]
SQL: SHOW COLUMNS FROM `lyh_adv` [ RunTime:0.0547s ]
SQL: SHOW COLUMNS FROM `lyh_table` [ RunTime:0.0235s ]
SQL: SELECT * FROM `lyh_table` WHERE `table` = 'Adv' ORDER BY sort asc  [ RunTime:0.0021s ]
NOTIC: [8] Undefined variable: _auto E:\xampp\htdocs\zwj\App\Common\Model\PublicModel.class.php 第 70 行.
SQL: DELETE FROM `lyh_adv` WHERE `id` = 5 [ RunTime:0.0005s ]
SQL: SELECT * FROM `lyh_table` WHERE `data` LIKE 'Adv|%'  [ RunTime:0.0008s ]
NOTIC: [2] Invalid argument supplied for foreach() E:\xampp\htdocs\zwj\App\Common\Model\PublicModel.class.php 第 133 行.
SQL: SHOW COLUMNS FROM `lyh_log` [ RunTime:0.0330s ]
SQL: INSERT INTO `lyh_log` (`log_info`,`log_time`,`log_admin`,`log_ip`,`log_status`,`module`,`action`) VALUES ('删除表Adv的ID为5的记录！','1470274867','1','0.0.0.0','1','Adv','delete') [ RunTime:0.0220s ]
INFO: [ view_parse ] --START--
INFO: [ template_filter ] --START--
INFO: Run Behavior\ContentReplaceBehavior [ RunTime:0.000081s ]
INFO: [ template_filter ] --END-- [ RunTime:0.000162s ]
INFO: Run Behavior\ParseTemplateBehavior [ RunTime:0.040416s ]
INFO: [ view_parse ] --END-- [ RunTime:0.040521s ]
INFO: [ view_filter ] --START--
INFO: Run Behavior\WriteHtmlCacheBehavior [ RunTime:0.005483s ]
INFO: [ view_filter ] --END-- [ RunTime:0.005556s ]
INFO: [ app_end ] --START--
INFO: Run Behavior\ShowPageTraceBehavior [ RunTime:0.002035s ]
INFO: [ app_end ] --END-- [ RunTime:0.002105s ]

[ 2016-08-04T09:41:27+08:00 ] ::1 /zwj/admin.php/adv/delete/id/4.html
INFO: [ app_init ] --START--
INFO: Run Behavior\BuildLiteBehavior [ RunTime:0.000015s ]
INFO: Run Common\Behavior\InitHookBehavior [ RunTime:0.002392s ]
INFO: [ app_init ] --END-- [ RunTime:0.002834s ]
INFO: [ app_begin ] --START--
INFO: Run Behavior\ReadHtmlCacheBehavior [ RunTime:0.000668s ]
INFO: Run Behavior\CheckLangBehavior [ RunTime:0.002946s ]
INFO: [ app_begin ] --END-- [ RunTime:0.003702s ]
SQL: SHOW COLUMNS FROM `lyh_adv` [ RunTime:0.0019s ]
SQL: SHOW COLUMNS FROM `lyh_table` [ RunTime:0.0019s ]
SQL: SELECT * FROM `lyh_table` WHERE `table` = 'Adv' ORDER BY sort asc  [ RunTime:0.0004s ]
NOTIC: [8] Undefined variable: _auto E:\xampp\htdocs\zwj\App\Common\Model\PublicModel.class.php 第 70 行.
SQL: DELETE FROM `lyh_adv` WHERE `id` = 4 [ RunTime:0.0324s ]
SQL: SELECT * FROM `lyh_table` WHERE `data` LIKE 'Adv|%'  [ RunTime:0.0003s ]
NOTIC: [2] Invalid argument supplied for foreach() E:\xampp\htdocs\zwj\App\Common\Model\PublicModel.class.php 第 133 行.
SQL: SHOW COLUMNS FROM `lyh_log` [ RunTime:0.0018s ]
SQL: INSERT INTO `lyh_log` (`log_info`,`log_time`,`log_admin`,`log_ip`,`log_status`,`module`,`action`) VALUES ('删除表Adv的ID为4的记录！','1470274887','1','0.0.0.0','1','Adv','delete') [ RunTime:0.0002s ]
INFO: [ view_parse ] --START--
INFO: [ template_filter ] --START--
INFO: Run Behavior\ContentReplaceBehavior [ RunTime:0.000048s ]
INFO: [ template_filter ] --END-- [ RunTime:0.000096s ]
INFO: Run Behavior\ParseTemplateBehavior [ RunTime:0.006841s ]
INFO: [ view_parse ] --END-- [ RunTime:0.006891s ]
INFO: [ view_filter ] --START--
INFO: Run Behavior\WriteHtmlCacheBehavior [ RunTime:0.000432s ]
INFO: [ view_filter ] --END-- [ RunTime:0.000473s ]
INFO: [ app_end ] --START--
INFO: Run Behavior\ShowPageTraceBehavior [ RunTime:0.000685s ]
INFO: [ app_end ] --END-- [ RunTime:0.000720s ]

