[ 2016-07-25T09:15:19+08:00 ] ::1 /zwj/admin.php
INFO: [ app_init ] --START--
INFO: Run Behavior\BuildLiteBehavior [ RunTime:0.000012s ]
INFO: Run Common\Behavior\InitHookBehavior [ RunTime:0.002335s ]
INFO: [ app_init ] --END-- [ RunTime:0.002737s ]
INFO: [ app_begin ] --START--
INFO: Run Behavior\ReadHtmlCacheBehavior [ RunTime:0.000610s ]
INFO: Run Behavior\CheckLangBehavior [ RunTime:0.054474s ]
INFO: [ app_begin ] --END-- [ RunTime:0.055196s ]

[ 2016-07-25T09:15:20+08:00 ] ::1 /zwj/admin.php/index/login.html
INFO: [ app_init ] --START--
INFO: Run Behavior\BuildLiteBehavior [ RunTime:0.000012s ]
INFO: Run Common\Behavior\InitHookBehavior [ RunTime:0.001312s ]
INFO: [ app_init ] --END-- [ RunTime:0.001644s ]
INFO: [ app_begin ] --START--
INFO: Run Behavior\ReadHtmlCacheBehavior [ RunTime:0.000447s ]
INFO: Run Behavior\CheckLangBehavior [ RunTime:0.001658s ]
INFO: [ app_begin ] --END-- [ RunTime:0.002190s ]
INFO: [ view_parse ] --START--
INFO: [ template_filter ] --START--
INFO: Run Behavior\ContentReplaceBehavior [ RunTime:0.000048s ]
INFO: [ template_filter ] --END-- [ RunTime:0.000100s ]
INFO: Run Behavior\ParseTemplateBehavior [ RunTime:0.064400s ]
INFO: [ view_parse ] --END-- [ RunTime:0.064472s ]
INFO: [ view_filter ] --START--
INFO: Run Behavior\WriteHtmlCacheBehavior [ RunTime:0.010407s ]
INFO: [ view_filter ] --END-- [ RunTime:0.010460s ]
INFO: [ app_end ] --START--
INFO: Run Behavior\ShowPageTraceBehavior [ RunTime:0.008453s ]
INFO: [ app_end ] --END-- [ RunTime:0.008535s ]

[ 2016-07-25T09:15:27+08:00 ] ::1 /zwj/admin.php/index/login.html
INFO: [ app_init ] --START--
INFO: Run Behavior\BuildLiteBehavior [ RunTime:0.000011s ]
INFO: Run Common\Behavior\InitHookBehavior [ RunTime:0.001360s ]
INFO: [ app_init ] --END-- [ RunTime:0.001684s ]
INFO: [ app_begin ] --START--
INFO: Run Behavior\ReadHtmlCacheBehavior [ RunTime:0.000612s ]
INFO: Run Behavior\CheckLangBehavior [ RunTime:0.001645s ]
INFO: [ app_begin ] --END-- [ RunTime:0.002429s ]
SQL: SHOW COLUMNS FROM `lyh_admin` [ RunTime:0.0844s ]
SQL: SELECT * FROM `lyh_admin` WHERE `adm_user` = 'admin' AND `is_effect` = 1 AND `is_delete` = 0 LIMIT 1   [ RunTime:0.0015s ]
SQL: SHOW COLUMNS FROM `lyh_log` [ RunTime:0.0370s ]
SQL: INSERT INTO `lyh_log` (`log_info`,`log_time`,`log_admin`,`log_ip`,`log_status`,`module`,`action`) VALUES ('admin登陆成功！','1469409327','1','0.0.0.0','1','Index','login') [ RunTime:0.0371s ]
SQL: SHOW COLUMNS FROM `lyh_admin` [ RunTime:0.0028s ]
SQL: UPDATE `lyh_admin` SET `adm_user`='admin',`adm_password`='3c086f596b4aee58e1d71b3626fefc87',`is_effect`='1',`is_delete`='0',`role_id`='1',`login_time`='1469409327',`login_ip`='0.0.0.0' WHERE `id` = 1 [ RunTime:0.0004s ]
INFO: [ view_parse ] --START--
INFO: [ template_filter ] --START--
INFO: Run Behavior\ContentReplaceBehavior [ RunTime:0.000067s ]
INFO: [ template_filter ] --END-- [ RunTime:0.000136s ]
INFO: Run Behavior\ParseTemplateBehavior [ RunTime:0.030853s ]
INFO: [ view_parse ] --END-- [ RunTime:0.030936s ]
INFO: [ view_filter ] --START--
INFO: Run Behavior\WriteHtmlCacheBehavior [ RunTime:0.000694s ]
INFO: [ view_filter ] --END-- [ RunTime:0.000810s ]
INFO: [ app_end ] --START--
INFO: Run Behavior\ShowPageTraceBehavior [ RunTime:0.000774s ]
INFO: [ app_end ] --END-- [ RunTime:0.000831s ]

[ 2016-07-25T09:15:29+08:00 ] ::1 /zwj/admin.php/Index/index.html
INFO: [ app_init ] --START--
INFO: Run Behavior\BuildLiteBehavior [ RunTime:0.000016s ]
INFO: Run Common\Behavior\InitHookBehavior [ RunTime:0.001449s ]
INFO: [ app_init ] --END-- [ RunTime:0.001863s ]
INFO: [ app_begin ] --START--
INFO: Run Behavior\ReadHtmlCacheBehavior [ RunTime:0.000475s ]
INFO: Run Behavior\CheckLangBehavior [ RunTime:0.001557s ]
INFO: [ app_begin ] --END-- [ RunTime:0.002125s ]
SQL: SHOW COLUMNS FROM `lyh_menu` [ RunTime:0.0485s ]
SQL: SELECT * FROM `lyh_menu` WHERE ( status = 1 and pid = 0 ) ORDER BY num asc  [ RunTime:0.0006s ]
SQL: SELECT * FROM `lyh_menu` WHERE ( status = 1 and pid = 1 ) ORDER BY num asc  [ RunTime:0.0005s ]
SQL: SELECT * FROM `lyh_menu` WHERE ( status = 1 and pid = 19 ) ORDER BY num asc  [ RunTime:0.0004s ]
SQL: SELECT * FROM `lyh_menu` WHERE ( status = 1 and pid = 21 ) ORDER BY num asc  [ RunTime:0.0004s ]
SQL: SELECT * FROM `lyh_menu` WHERE ( status = 1 and pid = 14 ) ORDER BY num asc  [ RunTime:0.0004s ]
SQL: SELECT * FROM `lyh_menu` WHERE ( status = 1 and pid = 4 ) ORDER BY num asc  [ RunTime:0.0005s ]
SQL: SELECT * FROM `lyh_menu` WHERE ( status = 1 and pid = 24 ) ORDER BY num asc  [ RunTime:0.0004s ]
SQL: SELECT * FROM `lyh_menu` WHERE ( status = 1 and pid = 2 ) ORDER BY num asc  [ RunTime:0.0004s ]
SQL: SELECT * FROM `lyh_menu` WHERE ( status = 1 and pid = 7 ) ORDER BY num asc  [ RunTime:0.0004s ]
SQL: SELECT * FROM `lyh_menu` WHERE ( status = 1 and pid = 8 ) ORDER BY num asc  [ RunTime:0.0005s ]
SQL: SELECT * FROM `lyh_menu` WHERE ( status = 1 and pid = 12 ) ORDER BY num asc  [ RunTime:0.0004s ]
SQL: SELECT * FROM `lyh_menu` WHERE ( status = 1 and pid = 26 ) ORDER BY num asc  [ RunTime:0.0004s ]
SQL: SELECT * FROM `lyh_menu` WHERE ( status = 1 and pid = 30 ) ORDER BY num asc  [ RunTime:0.0005s ]
SQL: SELECT * FROM `lyh_menu` WHERE ( status = 1 and pid = 31 ) ORDER BY num asc  [ RunTime:0.0011s ]
SQL: SELECT * FROM `lyh_menu` WHERE ( status = 1 and pid = 33 ) ORDER BY num asc  [ RunTime:0.0006s ]
INFO: [ view_parse ] --START--
INFO: [ template_filter ] --START--
INFO: Run Behavior\ContentReplaceBehavior [ RunTime:0.000054s ]
INFO: [ template_filter ] --END-- [ RunTime:0.000100s ]
INFO: Run Behavior\ParseTemplateBehavior [ RunTime:0.020616s ]
INFO: [ view_parse ] --END-- [ RunTime:0.020687s ]
INFO: [ view_filter ] --START--
INFO: Run Behavior\WriteHtmlCacheBehavior [ RunTime:0.000223s ]
INFO: [ view_filter ] --END-- [ RunTime:0.000257s ]
INFO: [ app_end ] --START--
INFO: Run Behavior\ShowPageTraceBehavior [ RunTime:0.000468s ]
INFO: [ app_end ] --END-- [ RunTime:0.000502s ]

[ 2016-07-25T09:15:31+08:00 ] ::1 /zwj/admin.php/index/home/menu_id/20.html
INFO: [ app_init ] --START--
INFO: Run Behavior\BuildLiteBehavior [ RunTime:0.000014s ]
INFO: Run Common\Behavior\InitHookBehavior [ RunTime:0.001362s ]
INFO: [ app_init ] --END-- [ RunTime:0.001716s ]
INFO: [ app_begin ] --START--
INFO: Run Behavior\ReadHtmlCacheBehavior [ RunTime:0.000519s ]
INFO: Run Behavior\CheckLangBehavior [ RunTime:0.001562s ]
INFO: [ app_begin ] --END-- [ RunTime:0.002172s ]
SQL: set interactive_timeout=24*3600 [ RunTime:0.0004s ]
INFO: [ view_parse ] --START--
INFO: [ template_filter ] --START--
INFO: Run Behavior\ContentReplaceBehavior [ RunTime:0.000162s ]
INFO: [ template_filter ] --END-- [ RunTime:0.000278s ]
NOTIC: [8] Use of undefined constant SYSTEM_VER - assumed 'SYSTEM_VER' E:\xampp\htdocs\zwj\Runtime\Cache\Admin\8aaadb31f2d26d849cb400504e368c01.php 第 60 行.
INFO: Run Behavior\ParseTemplateBehavior [ RunTime:0.056906s ]
INFO: [ view_parse ] --END-- [ RunTime:0.057081s ]
INFO: [ view_filter ] --START--
INFO: Run Behavior\WriteHtmlCacheBehavior [ RunTime:0.000588s ]
INFO: [ view_filter ] --END-- [ RunTime:0.000674s ]
INFO: [ app_end ] --START--
INFO: Run Behavior\ShowPageTraceBehavior [ RunTime:0.001125s ]
INFO: [ app_end ] --END-- [ RunTime:0.001211s ]

[ 2016-07-25T09:15:35+08:00 ] ::1 /zwj/admin.php/good_cate/index/menu_id/32.html
INFO: [ app_init ] --START--
INFO: Run Behavior\BuildLiteBehavior [ RunTime:0.000017s ]
INFO: Run Common\Behavior\InitHookBehavior [ RunTime:0.001750s ]
INFO: [ app_init ] --END-- [ RunTime:0.002174s ]
INFO: [ app_begin ] --START--
INFO: Run Behavior\ReadHtmlCacheBehavior [ RunTime:0.000552s ]
INFO: Run Behavior\CheckLangBehavior [ RunTime:0.001769s ]
INFO: [ app_begin ] --END-- [ RunTime:0.002421s ]
SQL: SHOW COLUMNS FROM `lyh_good_cate` [ RunTime:0.0325s ]
SQL: SHOW COLUMNS FROM `lyh_table` [ RunTime:0.0248s ]
SQL: SELECT * FROM `lyh_table` WHERE `table` = 'Good_cate' ORDER BY sort asc  [ RunTime:0.0014s ]
SQL: SELECT `type`,`field` FROM `lyh_table` WHERE `table` = 'Good_cate'  [ RunTime:0.0007s ]
SQL: SELECT COUNT(id) AS tp_count FROM `lyh_good_cate` LIMIT 1   [ RunTime:0.0008s ]
SQL: SELECT * FROM `lyh_good_cate` ORDER BY id DESC LIMIT 0,20   [ RunTime:0.0003s ]
SQL: SELECT * FROM `lyh_table` WHERE `table` = 'good_cate' AND `show` = 1 ORDER BY sort asc  [ RunTime:0.0004s ]
SQL: SHOW COLUMNS FROM `lyh_operate` [ RunTime:0.0284s ]
SQL: SELECT * FROM `lyh_operate` WHERE `table` = 'good_cate' AND `menu_id` = 32 AND `show` = 1 ORDER BY sort asc  [ RunTime:0.0169s ]
SQL: SHOW COLUMNS FROM `lyh_good_cate` [ RunTime:0.0018s ]
SQL: SELECT `id`,`name` FROM `lyh_good_cate`  [ RunTime:0.0002s ]
SQL: SELECT `field` FROM `lyh_table` WHERE `table` = 'good_cate' AND `type` = 15  [ RunTime:0.0003s ]
SQL: SELECT `field` FROM `lyh_table` WHERE `table` = 'good_cate' AND `type` = 14  [ RunTime:0.0002s ]
NOTIC: [2] in_array() expects parameter 2 to be array, null given E:\xampp\htdocs\zwj\App\Admin\Controller\PublicController.class.php 第 276 行.
NOTIC: [2] in_array() expects parameter 2 to be array, null given E:\xampp\htdocs\zwj\App\Admin\Controller\PublicController.class.php 第 276 行.
NOTIC: [2] in_array() expects parameter 2 to be array, null given E:\xampp\htdocs\zwj\App\Admin\Controller\PublicController.class.php 第 276 行.
NOTIC: [2] in_array() expects parameter 2 to be array, null given E:\xampp\htdocs\zwj\App\Admin\Controller\PublicController.class.php 第 276 行.
NOTIC: [2] in_array() expects parameter 2 to be array, null given E:\xampp\htdocs\zwj\App\Admin\Controller\PublicController.class.php 第 276 行.
NOTIC: [8] Undefined variable: td_list E:\xampp\htdocs\zwj\App\Admin\Controller\PublicController.class.php 第 280 行.
NOTIC: [2] in_array() expects parameter 2 to be array, null given E:\xampp\htdocs\zwj\App\Admin\Controller\PublicController.class.php 第 276 行.
NOTIC: [2] in_array() expects parameter 2 to be array, null given E:\xampp\htdocs\zwj\App\Admin\Controller\PublicController.class.php 第 276 行.
NOTIC: [2] in_array() expects parameter 2 to be array, null given E:\xampp\htdocs\zwj\App\Admin\Controller\PublicController.class.php 第 276 行.
NOTIC: [2] in_array() expects parameter 2 to be array, null given E:\xampp\htdocs\zwj\App\Admin\Controller\PublicController.class.php 第 276 行.
NOTIC: [2] in_array() expects parameter 2 to be array, null given E:\xampp\htdocs\zwj\App\Admin\Controller\PublicController.class.php 第 276 行.
INFO: [ view_parse ] --START--
INFO: [ template_filter ] --START--
INFO: Run Behavior\ContentReplaceBehavior [ RunTime:0.000077s ]
INFO: [ template_filter ] --END-- [ RunTime:0.000128s ]
INFO: Run Behavior\ParseTemplateBehavior [ RunTime:0.049034s ]
INFO: [ view_parse ] --END-- [ RunTime:0.049097s ]
INFO: [ view_filter ] --START--
INFO: Run Behavior\WriteHtmlCacheBehavior [ RunTime:0.000407s ]
INFO: [ view_filter ] --END-- [ RunTime:0.000454s ]
INFO: [ app_end ] --START--
INFO: Run Behavior\ShowPageTraceBehavior [ RunTime:0.000599s ]
INFO: [ app_end ] --END-- [ RunTime:0.000672s ]

[ 2016-07-25T09:25:24+08:00 ] ::1 /zwj/admin.php/Good_cate/add.html
INFO: [ app_init ] --START--
INFO: Run Behavior\BuildLiteBehavior [ RunTime:0.000013s ]
INFO: Run Common\Behavior\InitHookBehavior [ RunTime:0.001958s ]
INFO: [ app_init ] --END-- [ RunTime:0.002365s ]
INFO: [ app_begin ] --START--
INFO: Run Behavior\ReadHtmlCacheBehavior [ RunTime:0.000796s ]
INFO: Run Behavior\CheckLangBehavior [ RunTime:0.001990s ]
INFO: [ app_begin ] --END-- [ RunTime:0.002897s ]
SQL: SHOW COLUMNS FROM `lyh_good_cate` [ RunTime:0.0036s ]
SQL: SHOW COLUMNS FROM `lyh_table` [ RunTime:0.0059s ]
SQL: SELECT * FROM `lyh_table` WHERE `table` = 'Good_cate' ORDER BY sort asc  [ RunTime:0.0008s ]
SQL: SELECT * FROM `lyh_table` WHERE `table` = 'good_cate' ORDER BY sort asc  [ RunTime:0.0011s ]
SQL: SHOW COLUMNS FROM `lyh_good_cate` [ RunTime:0.0033s ]
SQL: SELECT `id`,`name` FROM `lyh_good_cate`  [ RunTime:0.0004s ]
NOTIC: [8] Undefined index: pid E:\xampp\htdocs\zwj\App\Admin\Controller\PublicController.class.php 第 555 行.
SQL: SELECT * FROM `lyh_good_cate`  [ RunTime:0.0004s ]
NOTIC: [8] Undefined variable: parentid E:\xampp\htdocs\zwj\ThinkPHP\Library\Think\Tree.class.php 第 123 行.
NOTIC: [8] Undefined variable: parentid E:\xampp\htdocs\zwj\ThinkPHP\Library\Think\Tree.class.php 第 123 行.
NOTIC: [8] Undefined variable: search E:\xampp\htdocs\zwj\App\Admin\Controller\PublicController.class.php 第 578 行.
NOTIC: [8] Undefined index: name E:\xampp\htdocs\zwj\App\Admin\Controller\PublicController.class.php 第 483 行.
NOTIC: [8] Undefined index: is_effect E:\xampp\htdocs\zwj\App\Admin\Controller\PublicController.class.php 第 592 行.
INFO: [ view_parse ] --START--
INFO: [ template_filter ] --START--
INFO: Run Behavior\ContentReplaceBehavior [ RunTime:0.000086s ]
INFO: [ template_filter ] --END-- [ RunTime:0.000137s ]
INFO: Run Behavior\ParseTemplateBehavior [ RunTime:0.022385s ]
INFO: [ view_parse ] --END-- [ RunTime:0.022438s ]
INFO: [ view_filter ] --START--
INFO: Run Behavior\WriteHtmlCacheBehavior [ RunTime:0.000304s ]
INFO: [ view_filter ] --END-- [ RunTime:0.000338s ]
INFO: [ app_end ] --START--
INFO: Run Behavior\ShowPageTraceBehavior [ RunTime:0.000559s ]
INFO: [ app_end ] --END-- [ RunTime:0.000595s ]

[ 2016-07-25T09:25:30+08:00 ] ::1 /zwj/admin.php/Good_cate/index.html
INFO: [ app_init ] --START--
INFO: Run Behavior\BuildLiteBehavior [ RunTime:0.000013s ]
INFO: Run Common\Behavior\InitHookBehavior [ RunTime:0.001393s ]
INFO: [ app_init ] --END-- [ RunTime:0.001762s ]
INFO: [ app_begin ] --START--
INFO: Run Behavior\ReadHtmlCacheBehavior [ RunTime:0.000477s ]
INFO: Run Behavior\CheckLangBehavior [ RunTime:0.001536s ]
INFO: [ app_begin ] --END-- [ RunTime:0.002092s ]
SQL: SHOW COLUMNS FROM `lyh_good_cate` [ RunTime:0.0017s ]
SQL: SHOW COLUMNS FROM `lyh_table` [ RunTime:0.0021s ]
SQL: SELECT * FROM `lyh_table` WHERE `table` = 'Good_cate' ORDER BY sort asc  [ RunTime:0.0011s ]
SQL: SELECT `type`,`field` FROM `lyh_table` WHERE `table` = 'Good_cate'  [ RunTime:0.0004s ]
SQL: SELECT COUNT(id) AS tp_count FROM `lyh_good_cate` LIMIT 1   [ RunTime:0.0002s ]
SQL: SELECT * FROM `lyh_good_cate` ORDER BY id DESC LIMIT 0,20   [ RunTime:0.0003s ]
SQL: SELECT * FROM `lyh_table` WHERE `table` = 'good_cate' AND `show` = 1 ORDER BY sort asc  [ RunTime:0.0004s ]
SQL: SHOW COLUMNS FROM `lyh_operate` [ RunTime:0.0019s ]
SQL: SELECT * FROM `lyh_operate` WHERE `table` = 'good_cate' AND `menu_id` = 0 AND `show` = 1 ORDER BY sort asc  [ RunTime:0.0004s ]
SQL: SHOW COLUMNS FROM `lyh_good_cate` [ RunTime:0.0017s ]
SQL: SELECT `id`,`name` FROM `lyh_good_cate`  [ RunTime:0.0002s ]
SQL: SELECT `field` FROM `lyh_table` WHERE `table` = 'good_cate' AND `type` = 15  [ RunTime:0.0002s ]
SQL: SELECT `field` FROM `lyh_table` WHERE `table` = 'good_cate' AND `type` = 14  [ RunTime:0.0002s ]
NOTIC: [2] in_array() expects parameter 2 to be array, null given E:\xampp\htdocs\zwj\App\Admin\Controller\PublicController.class.php 第 276 行.
NOTIC: [2] in_array() expects parameter 2 to be array, null given E:\xampp\htdocs\zwj\App\Admin\Controller\PublicController.class.php 第 276 行.
NOTIC: [2] in_array() expects parameter 2 to be array, null given E:\xampp\htdocs\zwj\App\Admin\Controller\PublicController.class.php 第 276 行.
NOTIC: [2] in_array() expects parameter 2 to be array, null given E:\xampp\htdocs\zwj\App\Admin\Controller\PublicController.class.php 第 276 行.
NOTIC: [2] in_array() expects parameter 2 to be array, null given E:\xampp\htdocs\zwj\App\Admin\Controller\PublicController.class.php 第 276 行.
NOTIC: [8] Undefined variable: td_list E:\xampp\htdocs\zwj\App\Admin\Controller\PublicController.class.php 第 280 行.
NOTIC: [2] in_array() expects parameter 2 to be array, null given E:\xampp\htdocs\zwj\App\Admin\Controller\PublicController.class.php 第 276 行.
NOTIC: [2] in_array() expects parameter 2 to be array, null given E:\xampp\htdocs\zwj\App\Admin\Controller\PublicController.class.php 第 276 行.
NOTIC: [2] in_array() expects parameter 2 to be array, null given E:\xampp\htdocs\zwj\App\Admin\Controller\PublicController.class.php 第 276 行.
NOTIC: [2] in_array() expects parameter 2 to be array, null given E:\xampp\htdocs\zwj\App\Admin\Controller\PublicController.class.php 第 276 行.
NOTIC: [2] in_array() expects parameter 2 to be array, null given E:\xampp\htdocs\zwj\App\Admin\Controller\PublicController.class.php 第 276 行.
INFO: [ view_parse ] --START--
INFO: [ template_filter ] --START--
INFO: Run Behavior\ContentReplaceBehavior [ RunTime:0.000078s ]
INFO: [ template_filter ] --END-- [ RunTime:0.000127s ]
INFO: Run Behavior\ParseTemplateBehavior [ RunTime:0.008336s ]
INFO: [ view_parse ] --END-- [ RunTime:0.008390s ]
INFO: [ view_filter ] --START--
INFO: Run Behavior\WriteHtmlCacheBehavior [ RunTime:0.000209s ]
INFO: [ view_filter ] --END-- [ RunTime:0.000240s ]
INFO: [ app_end ] --START--
INFO: Run Behavior\ShowPageTraceBehavior [ RunTime:0.000514s ]
INFO: [ app_end ] --END-- [ RunTime:0.000552s ]

[ 2016-07-25T09:25:57+08:00 ] ::1 /zwj/admin.php/Conf/index/menu_id/9.html
INFO: [ app_init ] --START--
INFO: Run Behavior\BuildLiteBehavior [ RunTime:0.000015s ]
INFO: Run Common\Behavior\InitHookBehavior [ RunTime:0.001533s ]
INFO: [ app_init ] --END-- [ RunTime:0.001925s ]
INFO: [ app_begin ] --START--
INFO: Run Behavior\ReadHtmlCacheBehavior [ RunTime:0.000465s ]
INFO: Run Behavior\CheckLangBehavior [ RunTime:0.001592s ]
INFO: [ app_begin ] --END-- [ RunTime:0.002135s ]
SQL: SHOW COLUMNS FROM `lyh_conf` [ RunTime:0.0388s ]
SQL: SELECT * FROM `lyh_conf`  [ RunTime:0.0007s ]
SQL: SHOW COLUMNS FROM `lyh_image` [ RunTime:0.0356s ]
SQL: SELECT `id`,`file` FROM `lyh_image` WHERE `action` = 'Conf' AND `name` = 'LOGO'  [ RunTime:0.0005s ]
INFO: [ view_parse ] --START--
NOTIC: [8] Undefined variable: item E:\xampp\htdocs\zwj\ThinkPHP\Library\Think\Template\TagLib.class.php 第 100 行.
NOTIC: [8] Undefined index: style E:\xampp\htdocs\zwj\ThinkPHP\Library\Think\Template\TagLib\Html.class.php 第 541 行.
INFO: [ template_filter ] --START--
INFO: Run Behavior\ContentReplaceBehavior [ RunTime:0.000133s ]
INFO: [ template_filter ] --END-- [ RunTime:0.000204s ]
INFO: Run Behavior\ParseTemplateBehavior [ RunTime:0.025987s ]
INFO: [ view_parse ] --END-- [ RunTime:0.026077s ]
INFO: [ view_filter ] --START--
INFO: Run Behavior\WriteHtmlCacheBehavior [ RunTime:0.000308s ]
INFO: [ view_filter ] --END-- [ RunTime:0.000354s ]
INFO: [ app_end ] --START--
INFO: Run Behavior\ShowPageTraceBehavior [ RunTime:0.000736s ]
INFO: [ app_end ] --END-- [ RunTime:0.000786s ]

[ 2016-07-25T09:25:59+08:00 ] ::1 /zwj/admin.php/Conf/index/menu_id/
INFO: [ app_init ] --START--
INFO: Run Behavior\BuildLiteBehavior [ RunTime:0.000012s ]
INFO: Run Common\Behavior\InitHookBehavior [ RunTime:0.001419s ]
INFO: [ app_init ] --END-- [ RunTime:0.001746s ]
INFO: [ app_begin ] --START--
INFO: Run Behavior\ReadHtmlCacheBehavior [ RunTime:0.000458s ]
INFO: Run Behavior\CheckLangBehavior [ RunTime:0.001523s ]
INFO: [ app_begin ] --END-- [ RunTime:0.002069s ]
SQL: SHOW COLUMNS FROM `lyh_conf` [ RunTime:0.0041s ]
SQL: SELECT * FROM `lyh_conf`  [ RunTime:0.0008s ]
SQL: SHOW COLUMNS FROM `lyh_image` [ RunTime:0.0045s ]
SQL: SELECT `id`,`file` FROM `lyh_image` WHERE `action` = 'Conf' AND `name` = 'LOGO'  [ RunTime:0.0006s ]
INFO: [ view_parse ] --START--
NOTIC: [8] Undefined variable: item E:\xampp\htdocs\zwj\ThinkPHP\Library\Think\Template\TagLib.class.php 第 100 行.
NOTIC: [8] Undefined index: style E:\xampp\htdocs\zwj\ThinkPHP\Library\Think\Template\TagLib\Html.class.php 第 541 行.
INFO: [ template_filter ] --START--
INFO: Run Behavior\ContentReplaceBehavior [ RunTime:0.000129s ]
INFO: [ template_filter ] --END-- [ RunTime:0.000194s ]
INFO: Run Behavior\ParseTemplateBehavior [ RunTime:0.021998s ]
INFO: [ view_parse ] --END-- [ RunTime:0.022089s ]
INFO: [ view_filter ] --START--
INFO: Run Behavior\WriteHtmlCacheBehavior [ RunTime:0.000338s ]
INFO: [ view_filter ] --END-- [ RunTime:0.000386s ]
INFO: [ app_end ] --START--
INFO: Run Behavior\ShowPageTraceBehavior [ RunTime:0.000944s ]
INFO: [ app_end ] --END-- [ RunTime:0.001004s ]

[ 2016-07-25T09:32:19+08:00 ] ::1 /zwj/admin.php/Good_cate/index.html?_order=1&_sort=id
INFO: [ app_init ] --START--
INFO: Run Behavior\BuildLiteBehavior [ RunTime:0.000013s ]
INFO: Run Common\Behavior\InitHookBehavior [ RunTime:0.001899s ]
INFO: [ app_init ] --END-- [ RunTime:0.002288s ]
INFO: [ app_begin ] --START--
INFO: Run Behavior\ReadHtmlCacheBehavior [ RunTime:0.000565s ]
INFO: Run Behavior\CheckLangBehavior [ RunTime:0.002683s ]
INFO: [ app_begin ] --END-- [ RunTime:0.003346s ]
SQL: SHOW COLUMNS FROM `lyh_good_cate` [ RunTime:0.0035s ]
SQL: SHOW COLUMNS FROM `lyh_table` [ RunTime:0.0033s ]
SQL: SELECT * FROM `lyh_table` WHERE `table` = 'Good_cate' ORDER BY sort asc  [ RunTime:0.0006s ]
SQL: SELECT `type`,`field` FROM `lyh_table` WHERE `table` = 'Good_cate'  [ RunTime:0.0004s ]
SQL: SELECT COUNT(id) AS tp_count FROM `lyh_good_cate` LIMIT 1   [ RunTime:0.0003s ]
SQL: SELECT * FROM `lyh_good_cate` ORDER BY id ASC LIMIT 0,20   [ RunTime:0.0003s ]
SQL: SELECT * FROM `lyh_table` WHERE `table` = 'good_cate' AND `show` = 1 ORDER BY sort asc  [ RunTime:0.0005s ]
SQL: SHOW COLUMNS FROM `lyh_operate` [ RunTime:0.0022s ]
SQL: SELECT * FROM `lyh_operate` WHERE `table` = 'good_cate' AND `menu_id` = 0 AND `show` = 1 ORDER BY sort asc  [ RunTime:0.0005s ]
SQL: SHOW COLUMNS FROM `lyh_good_cate` [ RunTime:0.0028s ]
SQL: SELECT `id`,`name` FROM `lyh_good_cate`  [ RunTime:0.0003s ]
SQL: SELECT `field` FROM `lyh_table` WHERE `table` = 'good_cate' AND `type` = 15  [ RunTime:0.0003s ]
SQL: SELECT `field` FROM `lyh_table` WHERE `table` = 'good_cate' AND `type` = 14  [ RunTime:0.0003s ]
NOTIC: [2] in_array() expects parameter 2 to be array, null given E:\xampp\htdocs\zwj\App\Admin\Controller\PublicController.class.php 第 276 行.
NOTIC: [2] in_array() expects parameter 2 to be array, null given E:\xampp\htdocs\zwj\App\Admin\Controller\PublicController.class.php 第 276 行.
NOTIC: [2] in_array() expects parameter 2 to be array, null given E:\xampp\htdocs\zwj\App\Admin\Controller\PublicController.class.php 第 276 行.
NOTIC: [2] in_array() expects parameter 2 to be array, null given E:\xampp\htdocs\zwj\App\Admin\Controller\PublicController.class.php 第 276 行.
NOTIC: [2] in_array() expects parameter 2 to be array, null given E:\xampp\htdocs\zwj\App\Admin\Controller\PublicController.class.php 第 276 行.
NOTIC: [8] Undefined variable: td_list E:\xampp\htdocs\zwj\App\Admin\Controller\PublicController.class.php 第 280 行.
NOTIC: [2] in_array() expects parameter 2 to be array, null given E:\xampp\htdocs\zwj\App\Admin\Controller\PublicController.class.php 第 276 行.
NOTIC: [2] in_array() expects parameter 2 to be array, null given E:\xampp\htdocs\zwj\App\Admin\Controller\PublicController.class.php 第 276 行.
NOTIC: [2] in_array() expects parameter 2 to be array, null given E:\xampp\htdocs\zwj\App\Admin\Controller\PublicController.class.php 第 276 行.
NOTIC: [2] in_array() expects parameter 2 to be array, null given E:\xampp\htdocs\zwj\App\Admin\Controller\PublicController.class.php 第 276 行.
NOTIC: [2] in_array() expects parameter 2 to be array, null given E:\xampp\htdocs\zwj\App\Admin\Controller\PublicController.class.php 第 276 行.
INFO: [ view_parse ] --START--
INFO: [ template_filter ] --START--
INFO: Run Behavior\ContentReplaceBehavior [ RunTime:0.000096s ]
INFO: [ template_filter ] --END-- [ RunTime:0.000191s ]
INFO: Run Behavior\ParseTemplateBehavior [ RunTime:0.011218s ]
INFO: [ view_parse ] --END-- [ RunTime:0.011281s ]
INFO: [ view_filter ] --START--
INFO: Run Behavior\WriteHtmlCacheBehavior [ RunTime:0.000350s ]
INFO: [ view_filter ] --END-- [ RunTime:0.000391s ]
INFO: [ app_end ] --START--
INFO: Run Behavior\ShowPageTraceBehavior [ RunTime:0.000667s ]
INFO: [ app_end ] --END-- [ RunTime:0.000710s ]

