[ 2016-07-23T09:43:10+08:00 ] ::1 /zwj/admin.php
INFO: [ app_init ] --START--
INFO: Run Behavior\BuildLiteBehavior [ RunTime:0.000013s ]
INFO: Run Common\Behavior\InitHookBehavior [ RunTime:0.001340s ]
INFO: [ app_init ] --END-- [ RunTime:0.001690s ]
INFO: [ app_begin ] --START--
INFO: Run Behavior\ReadHtmlCacheBehavior [ RunTime:0.000468s ]
INFO: Run Behavior\CheckLangBehavior [ RunTime:0.002017s ]
INFO: [ app_begin ] --END-- [ RunTime:0.002567s ]

[ 2016-07-23T09:43:10+08:00 ] ::1 /zwj/admin.php/index/login.html
INFO: [ app_init ] --START--
INFO: Run Behavior\BuildLiteBehavior [ RunTime:0.000012s ]
INFO: Run Common\Behavior\InitHookBehavior [ RunTime:0.001324s ]
INFO: [ app_init ] --END-- [ RunTime:0.001647s ]
INFO: [ app_begin ] --START--
INFO: Run Behavior\ReadHtmlCacheBehavior [ RunTime:0.000451s ]
INFO: Run Behavior\CheckLangBehavior [ RunTime:0.001781s ]
INFO: [ app_begin ] --END-- [ RunTime:0.002304s ]
INFO: [ view_parse ] --START--
INFO: [ template_filter ] --START--
INFO: Run Behavior\ContentReplaceBehavior [ RunTime:0.000048s ]
INFO: [ template_filter ] --END-- [ RunTime:0.000096s ]
INFO: Run Behavior\ParseTemplateBehavior [ RunTime:0.035679s ]
INFO: [ view_parse ] --END-- [ RunTime:0.035739s ]
INFO: [ view_filter ] --START--
INFO: Run Behavior\WriteHtmlCacheBehavior [ RunTime:0.000350s ]
INFO: [ view_filter ] --END-- [ RunTime:0.000386s ]
INFO: [ app_end ] --START--
INFO: Run Behavior\ShowPageTraceBehavior [ RunTime:0.000594s ]
INFO: [ app_end ] --END-- [ RunTime:0.000632s ]

[ 2016-07-23T09:43:15+08:00 ] ::1 /zwj/admin.php/index/login.html
INFO: [ app_init ] --START--
INFO: Run Behavior\BuildLiteBehavior [ RunTime:0.000012s ]
INFO: Run Common\Behavior\InitHookBehavior [ RunTime:0.002428s ]
INFO: [ app_init ] --END-- [ RunTime:0.002766s ]
INFO: [ app_begin ] --START--
INFO: Run Behavior\ReadHtmlCacheBehavior [ RunTime:0.000604s ]
INFO: Run Behavior\CheckLangBehavior [ RunTime:0.001923s ]
INFO: [ app_begin ] --END-- [ RunTime:0.002619s ]
SQL: SHOW COLUMNS FROM `lyh_admin` [ RunTime:0.0789s ]
SQL: SELECT * FROM `lyh_admin` WHERE `adm_user` = 'admin' AND `is_effect` = 1 AND `is_delete` = 0 LIMIT 1   [ RunTime:0.0007s ]
SQL: SHOW COLUMNS FROM `lyh_log` [ RunTime:0.0526s ]
SQL: INSERT INTO `lyh_log` (`log_info`,`log_time`,`log_admin`,`log_ip`,`log_status`,`module`,`action`) VALUES ('admin登陆成功！','1469238194','1','0.0.0.0','1','Index','login') [ RunTime:0.0110s ]
SQL: SHOW COLUMNS FROM `lyh_admin` [ RunTime:0.0033s ]
SQL: UPDATE `lyh_admin` SET `adm_user`='admin',`adm_password`='3c086f596b4aee58e1d71b3626fefc87',`is_effect`='1',`is_delete`='0',`role_id`='1',`login_time`='1469238194',`login_ip`='0.0.0.0' WHERE `id` = 1 [ RunTime:0.0369s ]
INFO: [ view_parse ] --START--
INFO: [ template_filter ] --START--
INFO: Run Behavior\ContentReplaceBehavior [ RunTime:0.000047s ]
INFO: [ template_filter ] --END-- [ RunTime:0.000110s ]
INFO: Run Behavior\ParseTemplateBehavior [ RunTime:0.005722s ]
INFO: [ view_parse ] --END-- [ RunTime:0.005800s ]
INFO: [ view_filter ] --START--
INFO: Run Behavior\WriteHtmlCacheBehavior [ RunTime:0.000465s ]
INFO: [ view_filter ] --END-- [ RunTime:0.000516s ]
INFO: [ app_end ] --START--
INFO: Run Behavior\ShowPageTraceBehavior [ RunTime:0.000720s ]
INFO: [ app_end ] --END-- [ RunTime:0.000772s ]

[ 2016-07-23T09:43:17+08:00 ] ::1 /zwj/admin.php/Index/index.html
INFO: [ app_init ] --START--
INFO: Run Behavior\BuildLiteBehavior [ RunTime:0.000020s ]
INFO: Run Common\Behavior\InitHookBehavior [ RunTime:0.002339s ]
INFO: [ app_init ] --END-- [ RunTime:0.002861s ]
INFO: [ app_begin ] --START--
INFO: Run Behavior\ReadHtmlCacheBehavior [ RunTime:0.000766s ]
INFO: Run Behavior\CheckLangBehavior [ RunTime:0.003039s ]
INFO: [ app_begin ] --END-- [ RunTime:0.003943s ]
SQL: SHOW COLUMNS FROM `lyh_menu` [ RunTime:0.3044s ]
SQL: SELECT * FROM `lyh_menu` WHERE ( status = 1 and pid = 0 ) ORDER BY num asc  [ RunTime:0.0007s ]
SQL: SELECT * FROM `lyh_menu` WHERE ( status = 1 and pid = 1 ) ORDER BY num asc  [ RunTime:0.0006s ]
SQL: SELECT * FROM `lyh_menu` WHERE ( status = 1 and pid = 19 ) ORDER BY num asc  [ RunTime:0.0005s ]
SQL: SELECT * FROM `lyh_menu` WHERE ( status = 1 and pid = 21 ) ORDER BY num asc  [ RunTime:0.0005s ]
SQL: SELECT * FROM `lyh_menu` WHERE ( status = 1 and pid = 14 ) ORDER BY num asc  [ RunTime:0.0005s ]
SQL: SELECT * FROM `lyh_menu` WHERE ( status = 1 and pid = 4 ) ORDER BY num asc  [ RunTime:0.0008s ]
SQL: SELECT * FROM `lyh_menu` WHERE ( status = 1 and pid = 24 ) ORDER BY num asc  [ RunTime:0.0012s ]
SQL: SELECT * FROM `lyh_menu` WHERE ( status = 1 and pid = 2 ) ORDER BY num asc  [ RunTime:0.0005s ]
SQL: SELECT * FROM `lyh_menu` WHERE ( status = 1 and pid = 7 ) ORDER BY num asc  [ RunTime:0.0007s ]
SQL: SELECT * FROM `lyh_menu` WHERE ( status = 1 and pid = 8 ) ORDER BY num asc  [ RunTime:0.0006s ]
SQL: SELECT * FROM `lyh_menu` WHERE ( status = 1 and pid = 12 ) ORDER BY num asc  [ RunTime:0.0006s ]
SQL: SELECT * FROM `lyh_menu` WHERE ( status = 1 and pid = 26 ) ORDER BY num asc  [ RunTime:0.0005s ]
SQL: SELECT * FROM `lyh_menu` WHERE ( status = 1 and pid = 30 ) ORDER BY num asc  [ RunTime:0.0005s ]
SQL: SELECT * FROM `lyh_menu` WHERE ( status = 1 and pid = 31 ) ORDER BY num asc  [ RunTime:0.0005s ]
SQL: SELECT * FROM `lyh_menu` WHERE ( status = 1 and pid = 33 ) ORDER BY num asc  [ RunTime:0.0005s ]
INFO: [ view_parse ] --START--
INFO: [ template_filter ] --START--
INFO: Run Behavior\ContentReplaceBehavior [ RunTime:0.000063s ]
INFO: [ template_filter ] --END-- [ RunTime:0.000115s ]
INFO: Run Behavior\ParseTemplateBehavior [ RunTime:0.021409s ]
INFO: [ view_parse ] --END-- [ RunTime:0.021479s ]
INFO: [ view_filter ] --START--
INFO: Run Behavior\WriteHtmlCacheBehavior [ RunTime:0.000396s ]
INFO: [ view_filter ] --END-- [ RunTime:0.000435s ]
INFO: [ app_end ] --START--
INFO: Run Behavior\ShowPageTraceBehavior [ RunTime:0.000688s ]
INFO: [ app_end ] --END-- [ RunTime:0.000809s ]

[ 2016-07-23T09:43:20+08:00 ] ::1 /zwj/admin.php/index/home/menu_id/20.html
INFO: [ app_init ] --START--
INFO: Run Behavior\BuildLiteBehavior [ RunTime:0.000018s ]
INFO: Run Common\Behavior\InitHookBehavior [ RunTime:0.001622s ]
INFO: [ app_init ] --END-- [ RunTime:0.002044s ]
INFO: [ app_begin ] --START--
INFO: Run Behavior\ReadHtmlCacheBehavior [ RunTime:0.001013s ]
INFO: Run Behavior\CheckLangBehavior [ RunTime:0.002528s ]
INFO: [ app_begin ] --END-- [ RunTime:0.003679s ]
SQL: set interactive_timeout=24*3600 [ RunTime:0.0906s ]
INFO: [ view_parse ] --START--
INFO: [ template_filter ] --START--
INFO: Run Behavior\ContentReplaceBehavior [ RunTime:0.000096s ]
INFO: [ template_filter ] --END-- [ RunTime:0.000235s ]
NOTIC: [8] Use of undefined constant SYSTEM_VER - assumed 'SYSTEM_VER' E:\xampp\htdocs\zwj\Runtime\Cache\Admin\8aaadb31f2d26d849cb400504e368c01.php 第 60 行.
INFO: Run Behavior\ParseTemplateBehavior [ RunTime:0.366791s ]
INFO: [ view_parse ] --END-- [ RunTime:0.366874s ]
INFO: [ view_filter ] --START--
INFO: Run Behavior\WriteHtmlCacheBehavior [ RunTime:0.000469s ]
INFO: [ view_filter ] --END-- [ RunTime:0.000512s ]
INFO: [ app_end ] --START--
INFO: Run Behavior\ShowPageTraceBehavior [ RunTime:0.000738s ]
INFO: [ app_end ] --END-- [ RunTime:0.000782s ]

[ 2016-07-23T09:43:30+08:00 ] ::1 /zwj/admin.php/good_cate/index/menu_id/32.html
INFO: [ app_init ] --START--
INFO: Run Behavior\BuildLiteBehavior [ RunTime:0.000013s ]
INFO: Run Common\Behavior\InitHookBehavior [ RunTime:0.001879s ]
INFO: [ app_init ] --END-- [ RunTime:0.002288s ]
INFO: [ app_begin ] --START--
INFO: Run Behavior\ReadHtmlCacheBehavior [ RunTime:0.000828s ]
INFO: Run Behavior\CheckLangBehavior [ RunTime:0.001739s ]
INFO: [ app_begin ] --END-- [ RunTime:0.002653s ]
SQL: SHOW COLUMNS FROM `lyh_good_cate` [ RunTime:0.0563s ]
SQL: SHOW COLUMNS FROM `lyh_table` [ RunTime:0.0025s ]
SQL: SELECT * FROM `lyh_table` WHERE `table` = 'Good_cate' ORDER BY sort asc  [ RunTime:0.0004s ]
SQL: SELECT `type`,`field` FROM `lyh_table` WHERE `table` = 'Good_cate'  [ RunTime:0.0003s ]
SQL: SELECT COUNT(id) AS tp_count FROM `lyh_good_cate` LIMIT 1   [ RunTime:0.0002s ]
SQL: SELECT * FROM `lyh_good_cate` ORDER BY id DESC LIMIT 0,20   [ RunTime:0.0003s ]
SQL: SELECT * FROM `lyh_table` WHERE `table` = 'good_cate' AND `show` = 1 ORDER BY sort asc  [ RunTime:0.0004s ]
SQL: SHOW COLUMNS FROM `lyh_operate` [ RunTime:0.0201s ]
SQL: SELECT * FROM `lyh_operate` WHERE `table` = 'good_cate' AND `menu_id` = 32 AND `show` = 1 ORDER BY sort asc  [ RunTime:0.0004s ]
SQL: SHOW COLUMNS FROM `lyh_good_cate` [ RunTime:0.0017s ]
SQL: SELECT `id`,`name` FROM `lyh_good_cate`  [ RunTime:0.0003s ]
SQL: SELECT `field` FROM `lyh_table` WHERE `table` = 'good_cate' AND `type` = 15  [ RunTime:0.0002s ]
SQL: SELECT `field` FROM `lyh_table` WHERE `table` = 'good_cate' AND `type` = 14  [ RunTime:0.0002s ]
NOTIC: [2] in_array() expects parameter 2 to be array, null given E:\xampp\htdocs\zwj\App\Admin\Controller\PublicController.class.php 第 275 行.
NOTIC: [2] in_array() expects parameter 2 to be array, null given E:\xampp\htdocs\zwj\App\Admin\Controller\PublicController.class.php 第 275 行.
NOTIC: [2] in_array() expects parameter 2 to be array, null given E:\xampp\htdocs\zwj\App\Admin\Controller\PublicController.class.php 第 275 行.
NOTIC: [2] in_array() expects parameter 2 to be array, null given E:\xampp\htdocs\zwj\App\Admin\Controller\PublicController.class.php 第 275 行.
NOTIC: [2] in_array() expects parameter 2 to be array, null given E:\xampp\htdocs\zwj\App\Admin\Controller\PublicController.class.php 第 275 行.
NOTIC: [8] Undefined variable: td_list E:\xampp\htdocs\zwj\App\Admin\Controller\PublicController.class.php 第 279 行.
NOTIC: [2] in_array() expects parameter 2 to be array, null given E:\xampp\htdocs\zwj\App\Admin\Controller\PublicController.class.php 第 275 行.
NOTIC: [2] in_array() expects parameter 2 to be array, null given E:\xampp\htdocs\zwj\App\Admin\Controller\PublicController.class.php 第 275 行.
NOTIC: [2] in_array() expects parameter 2 to be array, null given E:\xampp\htdocs\zwj\App\Admin\Controller\PublicController.class.php 第 275 行.
NOTIC: [2] in_array() expects parameter 2 to be array, null given E:\xampp\htdocs\zwj\App\Admin\Controller\PublicController.class.php 第 275 行.
NOTIC: [2] in_array() expects parameter 2 to be array, null given E:\xampp\htdocs\zwj\App\Admin\Controller\PublicController.class.php 第 275 行.
NOTIC: [8] Undefined offset: 0 E:\xampp\htdocs\zwj\App\Admin\Controller\PublicController.class.php(278) : eval()'d code 第 1 行.
INFO: [ view_parse ] --START--
INFO: [ template_filter ] --START--
INFO: Run Behavior\ContentReplaceBehavior [ RunTime:0.000076s ]
INFO: [ template_filter ] --END-- [ RunTime:0.000125s ]
INFO: Run Behavior\ParseTemplateBehavior [ RunTime:0.009387s ]
INFO: [ view_parse ] --END-- [ RunTime:0.009455s ]
INFO: [ view_filter ] --START--
INFO: Run Behavior\WriteHtmlCacheBehavior [ RunTime:0.000404s ]
INFO: [ view_filter ] --END-- [ RunTime:0.000447s ]
INFO: [ app_end ] --START--
INFO: Run Behavior\ShowPageTraceBehavior [ RunTime:0.000645s ]
INFO: [ app_end ] --END-- [ RunTime:0.000685s ]

[ 2016-07-23T09:46:41+08:00 ] ::1 /zwj/admin.php/good_cate/index/menu_id/32.html
INFO: [ app_init ] --START--
INFO: Run Behavior\BuildLiteBehavior [ RunTime:0.000012s ]
INFO: Run Common\Behavior\InitHookBehavior [ RunTime:0.001993s ]
INFO: [ app_init ] --END-- [ RunTime:0.002456s ]
INFO: [ app_begin ] --START--
INFO: Run Behavior\ReadHtmlCacheBehavior [ RunTime:0.000564s ]
INFO: Run Behavior\CheckLangBehavior [ RunTime:0.003463s ]
INFO: [ app_begin ] --END-- [ RunTime:0.004118s ]
SQL: SHOW COLUMNS FROM `lyh_good_cate` [ RunTime:0.0021s ]
SQL: SHOW COLUMNS FROM `lyh_table` [ RunTime:0.0025s ]
SQL: SELECT * FROM `lyh_table` WHERE `table` = 'Good_cate' ORDER BY sort asc  [ RunTime:0.0005s ]
SQL: SELECT `type`,`field` FROM `lyh_table` WHERE `table` = 'Good_cate'  [ RunTime:0.0003s ]
SQL: SELECT COUNT(id) AS tp_count FROM `lyh_good_cate` LIMIT 1   [ RunTime:0.0002s ]
SQL: SELECT * FROM `lyh_good_cate` ORDER BY id DESC LIMIT 0,20   [ RunTime:0.0003s ]
SQL: SELECT * FROM `lyh_table` WHERE `table` = 'good_cate' AND `show` = 1 ORDER BY sort asc  [ RunTime:0.0006s ]
SQL: SHOW COLUMNS FROM `lyh_operate` [ RunTime:0.0030s ]
SQL: SELECT * FROM `lyh_operate` WHERE `table` = 'good_cate' AND `menu_id` = 32 AND `show` = 1 ORDER BY sort asc  [ RunTime:0.0005s ]
SQL: SHOW COLUMNS FROM `lyh_good_cate` [ RunTime:0.0023s ]
SQL: SELECT `id`,`name` FROM `lyh_good_cate`  [ RunTime:0.0003s ]
SQL: SELECT `field` FROM `lyh_table` WHERE `table` = 'good_cate' AND `type` = 15  [ RunTime:0.0003s ]
SQL: SELECT `field` FROM `lyh_table` WHERE `table` = 'good_cate' AND `type` = 14  [ RunTime:0.0003s ]
NOTIC: [2] in_array() expects parameter 2 to be array, null given E:\xampp\htdocs\zwj\App\Admin\Controller\PublicController.class.php 第 275 行.
NOTIC: [2] in_array() expects parameter 2 to be array, null given E:\xampp\htdocs\zwj\App\Admin\Controller\PublicController.class.php 第 275 行.
NOTIC: [2] in_array() expects parameter 2 to be array, null given E:\xampp\htdocs\zwj\App\Admin\Controller\PublicController.class.php 第 275 行.
NOTIC: [2] in_array() expects parameter 2 to be array, null given E:\xampp\htdocs\zwj\App\Admin\Controller\PublicController.class.php 第 275 行.
NOTIC: [2] in_array() expects parameter 2 to be array, null given E:\xampp\htdocs\zwj\App\Admin\Controller\PublicController.class.php 第 275 行.
NOTIC: [8] Undefined variable: td_list E:\xampp\htdocs\zwj\App\Admin\Controller\PublicController.class.php 第 279 行.
NOTIC: [2] in_array() expects parameter 2 to be array, null given E:\xampp\htdocs\zwj\App\Admin\Controller\PublicController.class.php 第 275 行.
NOTIC: [2] in_array() expects parameter 2 to be array, null given E:\xampp\htdocs\zwj\App\Admin\Controller\PublicController.class.php 第 275 行.
NOTIC: [2] in_array() expects parameter 2 to be array, null given E:\xampp\htdocs\zwj\App\Admin\Controller\PublicController.class.php 第 275 行.
NOTIC: [2] in_array() expects parameter 2 to be array, null given E:\xampp\htdocs\zwj\App\Admin\Controller\PublicController.class.php 第 275 行.
NOTIC: [2] in_array() expects parameter 2 to be array, null given E:\xampp\htdocs\zwj\App\Admin\Controller\PublicController.class.php 第 275 行.
NOTIC: [8] Undefined offset: 0 E:\xampp\htdocs\zwj\App\Admin\Controller\PublicController.class.php(278) : eval()'d code 第 1 行.
INFO: [ view_parse ] --START--
INFO: [ template_filter ] --START--
INFO: Run Behavior\ContentReplaceBehavior [ RunTime:0.000097s ]
INFO: [ template_filter ] --END-- [ RunTime:0.000155s ]
INFO: Run Behavior\ParseTemplateBehavior [ RunTime:0.010761s ]
INFO: [ view_parse ] --END-- [ RunTime:0.010869s ]
INFO: [ view_filter ] --START--
INFO: Run Behavior\WriteHtmlCacheBehavior [ RunTime:0.000451s ]
INFO: [ view_filter ] --END-- [ RunTime:0.000496s ]
INFO: [ app_end ] --START--
INFO: Run Behavior\ShowPageTraceBehavior [ RunTime:0.000762s ]
INFO: [ app_end ] --END-- [ RunTime:0.000807s ]

[ 2016-07-23T09:47:23+08:00 ] ::1 /zwj/admin.php/Good_cate/edit/id/1.html
INFO: [ app_init ] --START--
INFO: Run Behavior\BuildLiteBehavior [ RunTime:0.000013s ]
INFO: Run Common\Behavior\InitHookBehavior [ RunTime:0.001419s ]
INFO: [ app_init ] --END-- [ RunTime:0.001840s ]
INFO: [ app_begin ] --START--
INFO: Run Behavior\ReadHtmlCacheBehavior [ RunTime:0.000451s ]
INFO: Run Behavior\CheckLangBehavior [ RunTime:0.001556s ]
INFO: [ app_begin ] --END-- [ RunTime:0.002080s ]
SQL: SHOW COLUMNS FROM `lyh_good_cate` [ RunTime:0.0031s ]
SQL: SHOW COLUMNS FROM `lyh_table` [ RunTime:0.0045s ]
SQL: SELECT * FROM `lyh_table` WHERE `table` = 'Good_cate' ORDER BY sort asc  [ RunTime:0.0008s ]
SQL: SELECT * FROM `lyh_good_cate` WHERE `id` = 1 LIMIT 1   [ RunTime:0.0004s ]
SQL: SELECT * FROM `lyh_table` WHERE `table` = 'good_cate' ORDER BY sort asc  [ RunTime:0.0006s ]
SQL: SHOW COLUMNS FROM `lyh_good_cate` [ RunTime:0.0029s ]
SQL: SELECT `id`,`name` FROM `lyh_good_cate`  [ RunTime:0.0008s ]
SQL: SELECT * FROM `lyh_good_cate`  [ RunTime:0.0004s ]
NOTIC: [8] Undefined variable: parentid E:\xampp\htdocs\zwj\ThinkPHP\Library\Think\Tree.class.php 第 123 行.
NOTIC: [8] Undefined variable: parentid E:\xampp\htdocs\zwj\ThinkPHP\Library\Think\Tree.class.php 第 123 行.
NOTIC: [8] Undefined variable: search E:\xampp\htdocs\zwj\App\Admin\Controller\PublicController.class.php 第 577 行.
INFO: [ view_parse ] --START--
INFO: [ template_filter ] --START--
INFO: Run Behavior\ContentReplaceBehavior [ RunTime:0.000294s ]
INFO: [ template_filter ] --END-- [ RunTime:0.000369s ]
INFO: Run Behavior\ParseTemplateBehavior [ RunTime:0.014322s ]
INFO: [ view_parse ] --END-- [ RunTime:0.014386s ]
INFO: [ view_filter ] --START--
INFO: Run Behavior\WriteHtmlCacheBehavior [ RunTime:0.000351s ]
INFO: [ view_filter ] --END-- [ RunTime:0.000384s ]
INFO: [ app_end ] --START--
INFO: Run Behavior\ShowPageTraceBehavior [ RunTime:0.000592s ]
INFO: [ app_end ] --END-- [ RunTime:0.000629s ]

[ 2016-07-23T09:47:27+08:00 ] ::1 /zwj/admin.php/Good_cate/index.html
INFO: [ app_init ] --START--
INFO: Run Behavior\BuildLiteBehavior [ RunTime:0.000017s ]
INFO: Run Common\Behavior\InitHookBehavior [ RunTime:0.001549s ]
INFO: [ app_init ] --END-- [ RunTime:0.002033s ]
INFO: [ app_begin ] --START--
INFO: Run Behavior\ReadHtmlCacheBehavior [ RunTime:0.000470s ]
INFO: Run Behavior\CheckLangBehavior [ RunTime:0.001526s ]
INFO: [ app_begin ] --END-- [ RunTime:0.002072s ]
SQL: SHOW COLUMNS FROM `lyh_good_cate` [ RunTime:0.0044s ]
SQL: SHOW COLUMNS FROM `lyh_table` [ RunTime:0.0052s ]
SQL: SELECT * FROM `lyh_table` WHERE `table` = 'Good_cate' ORDER BY sort asc  [ RunTime:0.0011s ]
SQL: SELECT `type`,`field` FROM `lyh_table` WHERE `table` = 'Good_cate'  [ RunTime:0.0007s ]
SQL: SELECT COUNT(id) AS tp_count FROM `lyh_good_cate` LIMIT 1   [ RunTime:0.0005s ]
SQL: SELECT * FROM `lyh_good_cate` ORDER BY id DESC LIMIT 0,20   [ RunTime:0.0007s ]
SQL: SELECT * FROM `lyh_table` WHERE `table` = 'good_cate' AND `show` = 1 ORDER BY sort asc  [ RunTime:0.0010s ]
SQL: SHOW COLUMNS FROM `lyh_operate` [ RunTime:0.0047s ]
SQL: SELECT * FROM `lyh_operate` WHERE `table` = 'good_cate' AND `menu_id` = 0 AND `show` = 1 ORDER BY sort asc  [ RunTime:0.0009s ]
SQL: SHOW COLUMNS FROM `lyh_good_cate` [ RunTime:0.0046s ]
SQL: SELECT `id`,`name` FROM `lyh_good_cate`  [ RunTime:0.0007s ]
SQL: SELECT `field` FROM `lyh_table` WHERE `table` = 'good_cate' AND `type` = 15  [ RunTime:0.0005s ]
SQL: SELECT `field` FROM `lyh_table` WHERE `table` = 'good_cate' AND `type` = 14  [ RunTime:0.0004s ]
NOTIC: [2] in_array() expects parameter 2 to be array, null given E:\xampp\htdocs\zwj\App\Admin\Controller\PublicController.class.php 第 275 行.
NOTIC: [2] in_array() expects parameter 2 to be array, null given E:\xampp\htdocs\zwj\App\Admin\Controller\PublicController.class.php 第 275 行.
NOTIC: [2] in_array() expects parameter 2 to be array, null given E:\xampp\htdocs\zwj\App\Admin\Controller\PublicController.class.php 第 275 行.
NOTIC: [2] in_array() expects parameter 2 to be array, null given E:\xampp\htdocs\zwj\App\Admin\Controller\PublicController.class.php 第 275 行.
NOTIC: [2] in_array() expects parameter 2 to be array, null given E:\xampp\htdocs\zwj\App\Admin\Controller\PublicController.class.php 第 275 行.
NOTIC: [8] Undefined variable: td_list E:\xampp\htdocs\zwj\App\Admin\Controller\PublicController.class.php 第 279 行.
NOTIC: [2] in_array() expects parameter 2 to be array, null given E:\xampp\htdocs\zwj\App\Admin\Controller\PublicController.class.php 第 275 行.
NOTIC: [2] in_array() expects parameter 2 to be array, null given E:\xampp\htdocs\zwj\App\Admin\Controller\PublicController.class.php 第 275 行.
NOTIC: [2] in_array() expects parameter 2 to be array, null given E:\xampp\htdocs\zwj\App\Admin\Controller\PublicController.class.php 第 275 行.
NOTIC: [2] in_array() expects parameter 2 to be array, null given E:\xampp\htdocs\zwj\App\Admin\Controller\PublicController.class.php 第 275 行.
NOTIC: [2] in_array() expects parameter 2 to be array, null given E:\xampp\htdocs\zwj\App\Admin\Controller\PublicController.class.php 第 275 行.
NOTIC: [8] Undefined offset: 0 E:\xampp\htdocs\zwj\App\Admin\Controller\PublicController.class.php(278) : eval()'d code 第 1 行.
INFO: [ view_parse ] --START--
INFO: [ template_filter ] --START--
INFO: Run Behavior\ContentReplaceBehavior [ RunTime:0.000119s ]
INFO: [ template_filter ] --END-- [ RunTime:0.000193s ]
INFO: Run Behavior\ParseTemplateBehavior [ RunTime:0.012579s ]
INFO: [ view_parse ] --END-- [ RunTime:0.012667s ]
INFO: [ view_filter ] --START--
INFO: Run Behavior\WriteHtmlCacheBehavior [ RunTime:0.000579s ]
INFO: [ view_filter ] --END-- [ RunTime:0.000644s ]
INFO: [ app_end ] --START--
INFO: Run Behavior\ShowPageTraceBehavior [ RunTime:0.000932s ]
INFO: [ app_end ] --END-- [ RunTime:0.000988s ]

[ 2016-07-23T09:47:29+08:00 ] ::1 /zwj/admin.php/good_cate/index/menu_id/32.html
INFO: [ app_init ] --START--
INFO: Run Behavior\BuildLiteBehavior [ RunTime:0.000016s ]
INFO: Run Common\Behavior\InitHookBehavior [ RunTime:0.001816s ]
INFO: [ app_init ] --END-- [ RunTime:0.002213s ]
INFO: [ app_begin ] --START--
INFO: Run Behavior\ReadHtmlCacheBehavior [ RunTime:0.000545s ]
INFO: Run Behavior\CheckLangBehavior [ RunTime:0.001550s ]
INFO: [ app_begin ] --END-- [ RunTime:0.002175s ]
SQL: SHOW COLUMNS FROM `lyh_good_cate` [ RunTime:0.0036s ]
SQL: SHOW COLUMNS FROM `lyh_table` [ RunTime:0.0041s ]
SQL: SELECT * FROM `lyh_table` WHERE `table` = 'Good_cate' ORDER BY sort asc  [ RunTime:0.0009s ]
SQL: SELECT `type`,`field` FROM `lyh_table` WHERE `table` = 'Good_cate'  [ RunTime:0.0005s ]
SQL: SELECT COUNT(id) AS tp_count FROM `lyh_good_cate` LIMIT 1   [ RunTime:0.0004s ]
SQL: SELECT * FROM `lyh_good_cate` ORDER BY id DESC LIMIT 0,20   [ RunTime:0.0005s ]
SQL: SELECT * FROM `lyh_table` WHERE `table` = 'good_cate' AND `show` = 1 ORDER BY sort asc  [ RunTime:0.0010s ]
SQL: SHOW COLUMNS FROM `lyh_operate` [ RunTime:0.0034s ]
SQL: SELECT * FROM `lyh_operate` WHERE `table` = 'good_cate' AND `menu_id` = 32 AND `show` = 1 ORDER BY sort asc  [ RunTime:0.0006s ]
SQL: SHOW COLUMNS FROM `lyh_good_cate` [ RunTime:0.0028s ]
SQL: SELECT `id`,`name` FROM `lyh_good_cate`  [ RunTime:0.0005s ]
SQL: SELECT `field` FROM `lyh_table` WHERE `table` = 'good_cate' AND `type` = 15  [ RunTime:0.0008s ]
SQL: SELECT `field` FROM `lyh_table` WHERE `table` = 'good_cate' AND `type` = 14  [ RunTime:0.0004s ]
NOTIC: [2] in_array() expects parameter 2 to be array, null given E:\xampp\htdocs\zwj\App\Admin\Controller\PublicController.class.php 第 275 行.
NOTIC: [2] in_array() expects parameter 2 to be array, null given E:\xampp\htdocs\zwj\App\Admin\Controller\PublicController.class.php 第 275 行.
NOTIC: [2] in_array() expects parameter 2 to be array, null given E:\xampp\htdocs\zwj\App\Admin\Controller\PublicController.class.php 第 275 行.
NOTIC: [2] in_array() expects parameter 2 to be array, null given E:\xampp\htdocs\zwj\App\Admin\Controller\PublicController.class.php 第 275 行.
NOTIC: [2] in_array() expects parameter 2 to be array, null given E:\xampp\htdocs\zwj\App\Admin\Controller\PublicController.class.php 第 275 行.
NOTIC: [8] Undefined variable: td_list E:\xampp\htdocs\zwj\App\Admin\Controller\PublicController.class.php 第 279 行.
NOTIC: [2] in_array() expects parameter 2 to be array, null given E:\xampp\htdocs\zwj\App\Admin\Controller\PublicController.class.php 第 275 行.
NOTIC: [2] in_array() expects parameter 2 to be array, null given E:\xampp\htdocs\zwj\App\Admin\Controller\PublicController.class.php 第 275 行.
NOTIC: [2] in_array() expects parameter 2 to be array, null given E:\xampp\htdocs\zwj\App\Admin\Controller\PublicController.class.php 第 275 行.
NOTIC: [2] in_array() expects parameter 2 to be array, null given E:\xampp\htdocs\zwj\App\Admin\Controller\PublicController.class.php 第 275 行.
NOTIC: [2] in_array() expects parameter 2 to be array, null given E:\xampp\htdocs\zwj\App\Admin\Controller\PublicController.class.php 第 275 行.
NOTIC: [8] Undefined offset: 0 E:\xampp\htdocs\zwj\App\Admin\Controller\PublicController.class.php(278) : eval()'d code 第 1 行.
INFO: [ view_parse ] --START--
INFO: [ template_filter ] --START--
INFO: Run Behavior\ContentReplaceBehavior [ RunTime:0.000118s ]
INFO: [ template_filter ] --END-- [ RunTime:0.000188s ]
INFO: Run Behavior\ParseTemplateBehavior [ RunTime:0.012696s ]
INFO: [ view_parse ] --END-- [ RunTime:0.012767s ]
INFO: [ view_filter ] --START--
INFO: Run Behavior\WriteHtmlCacheBehavior [ RunTime:0.000531s ]
INFO: [ view_filter ] --END-- [ RunTime:0.000583s ]
INFO: [ app_end ] --START--
INFO: Run Behavior\ShowPageTraceBehavior [ RunTime:0.000921s ]
INFO: [ app_end ] --END-- [ RunTime:0.000977s ]

[ 2016-07-23T09:48:26+08:00 ] ::1 /zwj/admin.php/good_cate/index/menu_id/32.html
INFO: [ app_init ] --START--
INFO: Run Behavior\BuildLiteBehavior [ RunTime:0.000013s ]
INFO: Run Common\Behavior\InitHookBehavior [ RunTime:0.001400s ]
INFO: [ app_init ] --END-- [ RunTime:0.001751s ]
INFO: [ app_begin ] --START--
INFO: Run Behavior\ReadHtmlCacheBehavior [ RunTime:0.000507s ]
INFO: Run Behavior\CheckLangBehavior [ RunTime:0.001641s ]
INFO: [ app_begin ] --END-- [ RunTime:0.002233s ]
SQL: SHOW COLUMNS FROM `lyh_good_cate` [ RunTime:0.0034s ]
SQL: SHOW COLUMNS FROM `lyh_table` [ RunTime:0.0048s ]
SQL: SELECT * FROM `lyh_table` WHERE `table` = 'Good_cate' ORDER BY sort asc  [ RunTime:0.0008s ]
SQL: SELECT `type`,`field` FROM `lyh_table` WHERE `table` = 'Good_cate'  [ RunTime:0.0005s ]
SQL: SELECT COUNT(id) AS tp_count FROM `lyh_good_cate` LIMIT 1   [ RunTime:0.0004s ]
SQL: SELECT * FROM `lyh_good_cate` ORDER BY id DESC LIMIT 0,20   [ RunTime:0.0005s ]
SQL: SELECT * FROM `lyh_table` WHERE `table` = 'good_cate' AND `show` = 1 ORDER BY sort asc  [ RunTime:0.0011s ]
SQL: SHOW COLUMNS FROM `lyh_operate` [ RunTime:0.0039s ]
SQL: SELECT * FROM `lyh_operate` WHERE `table` = 'good_cate' AND `menu_id` = 32 AND `show` = 1 ORDER BY sort asc  [ RunTime:0.0012s ]
SQL: SHOW COLUMNS FROM `lyh_good_cate` [ RunTime:0.0039s ]
SQL: SELECT `id`,`name` FROM `lyh_good_cate`  [ RunTime:0.0004s ]
SQL: SELECT `field` FROM `lyh_table` WHERE `table` = 'good_cate' AND `type` = 15  [ RunTime:0.0005s ]
SQL: SELECT `field` FROM `lyh_table` WHERE `table` = 'good_cate' AND `type` = 14  [ RunTime:0.0004s ]
NOTIC: [2] in_array() expects parameter 2 to be array, null given E:\xampp\htdocs\zwj\App\Admin\Controller\PublicController.class.php 第 275 行.
NOTIC: [2] in_array() expects parameter 2 to be array, null given E:\xampp\htdocs\zwj\App\Admin\Controller\PublicController.class.php 第 275 行.
NOTIC: [2] in_array() expects parameter 2 to be array, null given E:\xampp\htdocs\zwj\App\Admin\Controller\PublicController.class.php 第 275 行.
NOTIC: [2] in_array() expects parameter 2 to be array, null given E:\xampp\htdocs\zwj\App\Admin\Controller\PublicController.class.php 第 275 行.
NOTIC: [2] in_array() expects parameter 2 to be array, null given E:\xampp\htdocs\zwj\App\Admin\Controller\PublicController.class.php 第 275 行.
NOTIC: [8] Undefined variable: td_list E:\xampp\htdocs\zwj\App\Admin\Controller\PublicController.class.php 第 279 行.
NOTIC: [2] in_array() expects parameter 2 to be array, null given E:\xampp\htdocs\zwj\App\Admin\Controller\PublicController.class.php 第 275 行.
NOTIC: [2] in_array() expects parameter 2 to be array, null given E:\xampp\htdocs\zwj\App\Admin\Controller\PublicController.class.php 第 275 行.
NOTIC: [2] in_array() expects parameter 2 to be array, null given E:\xampp\htdocs\zwj\App\Admin\Controller\PublicController.class.php 第 275 行.
NOTIC: [2] in_array() expects parameter 2 to be array, null given E:\xampp\htdocs\zwj\App\Admin\Controller\PublicController.class.php 第 275 行.
NOTIC: [2] in_array() expects parameter 2 to be array, null given E:\xampp\htdocs\zwj\App\Admin\Controller\PublicController.class.php 第 275 行.
NOTIC: [8] Undefined offset: 0 E:\xampp\htdocs\zwj\App\Admin\Controller\PublicController.class.php(278) : eval()'d code 第 1 行.
INFO: [ view_parse ] --START--
INFO: [ template_filter ] --START--
INFO: Run Behavior\ContentReplaceBehavior [ RunTime:0.000086s ]
INFO: [ template_filter ] --END-- [ RunTime:0.000140s ]
INFO: Run Behavior\ParseTemplateBehavior [ RunTime:0.012285s ]
INFO: [ view_parse ] --END-- [ RunTime:0.012355s ]
INFO: [ view_filter ] --START--
INFO: Run Behavior\WriteHtmlCacheBehavior [ RunTime:0.000389s ]
INFO: [ view_filter ] --END-- [ RunTime:0.000427s ]
INFO: [ app_end ] --START--
INFO: Run Behavior\ShowPageTraceBehavior [ RunTime:0.000660s ]
INFO: [ app_end ] --END-- [ RunTime:0.000700s ]

[ 2016-07-23T09:49:49+08:00 ] ::1 /zwj/admin.php/good_cate/index/menu_id/32.html
INFO: [ app_init ] --START--
INFO: Run Behavior\BuildLiteBehavior [ RunTime:0.000014s ]
INFO: Run Common\Behavior\InitHookBehavior [ RunTime:0.001943s ]
INFO: [ app_init ] --END-- [ RunTime:0.002357s ]
INFO: [ app_begin ] --START--
INFO: Run Behavior\ReadHtmlCacheBehavior [ RunTime:0.001389s ]
INFO: Run Behavior\CheckLangBehavior [ RunTime:0.003071s ]
INFO: [ app_begin ] --END-- [ RunTime:0.004582s ]
SQL: SHOW COLUMNS FROM `lyh_good_cate` [ RunTime:0.0039s ]
SQL: SHOW COLUMNS FROM `lyh_table` [ RunTime:0.0043s ]
SQL: SELECT * FROM `lyh_table` WHERE `table` = 'Good_cate' ORDER BY sort asc  [ RunTime:0.0010s ]
SQL: SELECT `type`,`field` FROM `lyh_table` WHERE `table` = 'Good_cate'  [ RunTime:0.0006s ]
SQL: SELECT COUNT(id) AS tp_count FROM `lyh_good_cate` LIMIT 1   [ RunTime:0.0005s ]
SQL: SELECT * FROM `lyh_good_cate` ORDER BY id DESC LIMIT 0,20   [ RunTime:0.0006s ]
SQL: SELECT * FROM `lyh_table` WHERE `table` = 'good_cate' AND `show` = 1 ORDER BY sort asc  [ RunTime:0.0005s ]
SQL: SHOW COLUMNS FROM `lyh_operate` [ RunTime:0.0023s ]
SQL: SELECT * FROM `lyh_operate` WHERE `table` = 'good_cate' AND `menu_id` = 32 AND `show` = 1 ORDER BY sort asc  [ RunTime:0.0004s ]
SQL: SHOW COLUMNS FROM `lyh_good_cate` [ RunTime:0.0020s ]
SQL: SELECT `id`,`name` FROM `lyh_good_cate`  [ RunTime:0.0003s ]
SQL: SELECT `field` FROM `lyh_table` WHERE `table` = 'good_cate' AND `type` = 15  [ RunTime:0.0005s ]
SQL: SELECT `field` FROM `lyh_table` WHERE `table` = 'good_cate' AND `type` = 14  [ RunTime:0.0003s ]
NOTIC: [2] in_array() expects parameter 2 to be array, null given E:\xampp\htdocs\zwj\App\Admin\Controller\PublicController.class.php 第 276 行.
NOTIC: [2] in_array() expects parameter 2 to be array, null given E:\xampp\htdocs\zwj\App\Admin\Controller\PublicController.class.php 第 276 行.
NOTIC: [2] in_array() expects parameter 2 to be array, null given E:\xampp\htdocs\zwj\App\Admin\Controller\PublicController.class.php 第 276 行.
NOTIC: [2] in_array() expects parameter 2 to be array, null given E:\xampp\htdocs\zwj\App\Admin\Controller\PublicController.class.php 第 276 行.
NOTIC: [2] in_array() expects parameter 2 to be array, null given E:\xampp\htdocs\zwj\App\Admin\Controller\PublicController.class.php 第 276 行.
NOTIC: [8] Undefined variable: td_list E:\xampp\htdocs\zwj\App\Admin\Controller\PublicController.class.php 第 280 行.
NOTIC: [2] in_array() expects parameter 2 to be array, null given E:\xampp\htdocs\zwj\App\Admin\Controller\PublicController.class.php 第 276 行.
NOTIC: [2] in_array() expects parameter 2 to be array, null given E:\xampp\htdocs\zwj\App\Admin\Controller\PublicController.class.php 第 276 行.
NOTIC: [2] in_array() expects parameter 2 to be array, null given E:\xampp\htdocs\zwj\App\Admin\Controller\PublicController.class.php 第 276 行.
NOTIC: [2] in_array() expects parameter 2 to be array, null given E:\xampp\htdocs\zwj\App\Admin\Controller\PublicController.class.php 第 276 行.
NOTIC: [2] in_array() expects parameter 2 to be array, null given E:\xampp\htdocs\zwj\App\Admin\Controller\PublicController.class.php 第 276 行.
NOTIC: [8] Undefined offset: 0 E:\xampp\htdocs\zwj\App\Admin\Controller\PublicController.class.php(279) : eval()'d code 第 1 行.
INFO: [ view_parse ] --START--
INFO: [ template_filter ] --START--
INFO: Run Behavior\ContentReplaceBehavior [ RunTime:0.000094s ]
INFO: [ template_filter ] --END-- [ RunTime:0.000154s ]
INFO: Run Behavior\ParseTemplateBehavior [ RunTime:0.010426s ]
INFO: [ view_parse ] --END-- [ RunTime:0.010488s ]
INFO: [ view_filter ] --START--
INFO: Run Behavior\WriteHtmlCacheBehavior [ RunTime:0.000435s ]
INFO: [ view_filter ] --END-- [ RunTime:0.000477s ]
INFO: [ app_end ] --START--
INFO: Run Behavior\ShowPageTraceBehavior [ RunTime:0.000747s ]
INFO: [ app_end ] --END-- [ RunTime:0.000789s ]

[ 2016-07-23T09:49:51+08:00 ] ::1 /zwj/admin.php/good_cate/index/menu_id/32.html
INFO: [ app_init ] --START--
INFO: Run Behavior\BuildLiteBehavior [ RunTime:0.000013s ]
INFO: Run Common\Behavior\InitHookBehavior [ RunTime:0.001321s ]
INFO: [ app_init ] --END-- [ RunTime:0.001651s ]
INFO: [ app_begin ] --START--
INFO: Run Behavior\ReadHtmlCacheBehavior [ RunTime:0.000546s ]
INFO: Run Behavior\CheckLangBehavior [ RunTime:0.001569s ]
INFO: [ app_begin ] --END-- [ RunTime:0.002202s ]
SQL: SHOW COLUMNS FROM `lyh_good_cate` [ RunTime:0.0017s ]
SQL: SHOW COLUMNS FROM `lyh_table` [ RunTime:0.0024s ]
SQL: SELECT * FROM `lyh_table` WHERE `table` = 'Good_cate' ORDER BY sort asc  [ RunTime:0.0005s ]
SQL: SELECT `type`,`field` FROM `lyh_table` WHERE `table` = 'Good_cate'  [ RunTime:0.0002s ]
SQL: SELECT COUNT(id) AS tp_count FROM `lyh_good_cate` LIMIT 1   [ RunTime:0.0002s ]
SQL: SELECT * FROM `lyh_good_cate` ORDER BY id DESC LIMIT 0,20   [ RunTime:0.0003s ]
SQL: SELECT * FROM `lyh_table` WHERE `table` = 'good_cate' AND `show` = 1 ORDER BY sort asc  [ RunTime:0.0004s ]
SQL: SHOW COLUMNS FROM `lyh_operate` [ RunTime:0.0019s ]
SQL: SELECT * FROM `lyh_operate` WHERE `table` = 'good_cate' AND `menu_id` = 32 AND `show` = 1 ORDER BY sort asc  [ RunTime:0.0004s ]
SQL: SHOW COLUMNS FROM `lyh_good_cate` [ RunTime:0.0019s ]
SQL: SELECT `id`,`name` FROM `lyh_good_cate`  [ RunTime:0.0003s ]
SQL: SELECT `field` FROM `lyh_table` WHERE `table` = 'good_cate' AND `type` = 15  [ RunTime:0.0003s ]
SQL: SELECT `field` FROM `lyh_table` WHERE `table` = 'good_cate' AND `type` = 14  [ RunTime:0.0003s ]
NOTIC: [2] in_array() expects parameter 2 to be array, null given E:\xampp\htdocs\zwj\App\Admin\Controller\PublicController.class.php 第 276 行.
NOTIC: [2] in_array() expects parameter 2 to be array, null given E:\xampp\htdocs\zwj\App\Admin\Controller\PublicController.class.php 第 276 行.
NOTIC: [2] in_array() expects parameter 2 to be array, null given E:\xampp\htdocs\zwj\App\Admin\Controller\PublicController.class.php 第 276 行.
NOTIC: [2] in_array() expects parameter 2 to be array, null given E:\xampp\htdocs\zwj\App\Admin\Controller\PublicController.class.php 第 276 行.
NOTIC: [2] in_array() expects parameter 2 to be array, null given E:\xampp\htdocs\zwj\App\Admin\Controller\PublicController.class.php 第 276 行.
NOTIC: [8] Undefined variable: td_list E:\xampp\htdocs\zwj\App\Admin\Controller\PublicController.class.php 第 280 行.
NOTIC: [2] in_array() expects parameter 2 to be array, null given E:\xampp\htdocs\zwj\App\Admin\Controller\PublicController.class.php 第 276 行.
NOTIC: [2] in_array() expects parameter 2 to be array, null given E:\xampp\htdocs\zwj\App\Admin\Controller\PublicController.class.php 第 276 行.
NOTIC: [2] in_array() expects parameter 2 to be array, null given E:\xampp\htdocs\zwj\App\Admin\Controller\PublicController.class.php 第 276 行.
NOTIC: [2] in_array() expects parameter 2 to be array, null given E:\xampp\htdocs\zwj\App\Admin\Controller\PublicController.class.php 第 276 行.
NOTIC: [2] in_array() expects parameter 2 to be array, null given E:\xampp\htdocs\zwj\App\Admin\Controller\PublicController.class.php 第 276 行.
NOTIC: [8] Undefined offset: 0 E:\xampp\htdocs\zwj\App\Admin\Controller\PublicController.class.php(279) : eval()'d code 第 1 行.
INFO: [ view_parse ] --START--
INFO: [ template_filter ] --START--
INFO: Run Behavior\ContentReplaceBehavior [ RunTime:0.000075s ]
INFO: [ template_filter ] --END-- [ RunTime:0.000123s ]
INFO: Run Behavior\ParseTemplateBehavior [ RunTime:0.008126s ]
INFO: [ view_parse ] --END-- [ RunTime:0.008177s ]
INFO: [ view_filter ] --START--
INFO: Run Behavior\WriteHtmlCacheBehavior [ RunTime:0.000348s ]
INFO: [ view_filter ] --END-- [ RunTime:0.000385s ]
INFO: [ app_end ] --START--
INFO: Run Behavior\ShowPageTraceBehavior [ RunTime:0.000585s ]
INFO: [ app_end ] --END-- [ RunTime:0.000621s ]

[ 2016-07-23T09:50:13+08:00 ] ::1 /zwj/admin.php/good_cate/index/menu_id/32.html
INFO: [ app_init ] --START--
INFO: Run Behavior\BuildLiteBehavior [ RunTime:0.000013s ]
INFO: Run Common\Behavior\InitHookBehavior [ RunTime:0.001378s ]
INFO: [ app_init ] --END-- [ RunTime:0.001733s ]
INFO: [ app_begin ] --START--
INFO: Run Behavior\ReadHtmlCacheBehavior [ RunTime:0.000452s ]
INFO: Run Behavior\CheckLangBehavior [ RunTime:0.003198s ]
INFO: [ app_begin ] --END-- [ RunTime:0.003737s ]
SQL: SHOW COLUMNS FROM `lyh_good_cate` [ RunTime:0.0040s ]
SQL: SHOW COLUMNS FROM `lyh_table` [ RunTime:0.0043s ]
SQL: SELECT * FROM `lyh_table` WHERE `table` = 'Good_cate' ORDER BY sort asc  [ RunTime:0.0009s ]
SQL: SELECT `type`,`field` FROM `lyh_table` WHERE `table` = 'Good_cate'  [ RunTime:0.0005s ]
SQL: SELECT COUNT(id) AS tp_count FROM `lyh_good_cate` LIMIT 1   [ RunTime:0.0012s ]
SQL: SELECT * FROM `lyh_good_cate` ORDER BY id DESC LIMIT 0,20   [ RunTime:0.0012s ]
SQL: SELECT * FROM `lyh_table` WHERE `table` = 'good_cate' AND `show` = 1 ORDER BY sort asc  [ RunTime:0.0008s ]
SQL: SHOW COLUMNS FROM `lyh_operate` [ RunTime:0.0049s ]
SQL: SELECT * FROM `lyh_operate` WHERE `table` = 'good_cate' AND `menu_id` = 32 AND `show` = 1 ORDER BY sort asc  [ RunTime:0.0007s ]
SQL: SHOW COLUMNS FROM `lyh_good_cate` [ RunTime:0.0037s ]
SQL: SELECT `id`,`name` FROM `lyh_good_cate`  [ RunTime:0.0005s ]
SQL: SELECT `field` FROM `lyh_table` WHERE `table` = 'good_cate' AND `type` = 15  [ RunTime:0.0006s ]
SQL: SELECT `field` FROM `lyh_table` WHERE `table` = 'good_cate' AND `type` = 14  [ RunTime:0.0005s ]
NOTIC: [2] in_array() expects parameter 2 to be array, null given E:\xampp\htdocs\zwj\App\Admin\Controller\PublicController.class.php 第 276 行.
NOTIC: [2] in_array() expects parameter 2 to be array, null given E:\xampp\htdocs\zwj\App\Admin\Controller\PublicController.class.php 第 276 行.
NOTIC: [2] in_array() expects parameter 2 to be array, null given E:\xampp\htdocs\zwj\App\Admin\Controller\PublicController.class.php 第 276 行.
NOTIC: [2] in_array() expects parameter 2 to be array, null given E:\xampp\htdocs\zwj\App\Admin\Controller\PublicController.class.php 第 276 行.
NOTIC: [2] in_array() expects parameter 2 to be array, null given E:\xampp\htdocs\zwj\App\Admin\Controller\PublicController.class.php 第 276 行.
NOTIC: [8] Undefined variable: td_list E:\xampp\htdocs\zwj\App\Admin\Controller\PublicController.class.php 第 280 行.
NOTIC: [2] in_array() expects parameter 2 to be array, null given E:\xampp\htdocs\zwj\App\Admin\Controller\PublicController.class.php 第 276 行.
NOTIC: [2] in_array() expects parameter 2 to be array, null given E:\xampp\htdocs\zwj\App\Admin\Controller\PublicController.class.php 第 276 行.
NOTIC: [2] in_array() expects parameter 2 to be array, null given E:\xampp\htdocs\zwj\App\Admin\Controller\PublicController.class.php 第 276 行.
NOTIC: [2] in_array() expects parameter 2 to be array, null given E:\xampp\htdocs\zwj\App\Admin\Controller\PublicController.class.php 第 276 行.
NOTIC: [2] in_array() expects parameter 2 to be array, null given E:\xampp\htdocs\zwj\App\Admin\Controller\PublicController.class.php 第 276 行.
INFO: [ view_parse ] --START--
INFO: [ template_filter ] --START--
INFO: Run Behavior\ContentReplaceBehavior [ RunTime:0.000093s ]
INFO: [ template_filter ] --END-- [ RunTime:0.000151s ]
INFO: Run Behavior\ParseTemplateBehavior [ RunTime:0.009633s ]
INFO: [ view_parse ] --END-- [ RunTime:0.009695s ]
INFO: [ view_filter ] --START--
INFO: Run Behavior\WriteHtmlCacheBehavior [ RunTime:0.000406s ]
INFO: [ view_filter ] --END-- [ RunTime:0.000446s ]
INFO: [ app_end ] --START--
INFO: Run Behavior\ShowPageTraceBehavior [ RunTime:0.000906s ]
INFO: [ app_end ] --END-- [ RunTime:0.000980s ]

