[ 2016-07-26T09:28:40+08:00 ] ::1 /zwj/admin.php
INFO: [ app_init ] --START--
INFO: Run Behavior\BuildLiteBehavior [ RunTime:0.000016s ]
INFO: Run Common\Behavior\InitHookBehavior [ RunTime:0.034519s ]
INFO: [ app_init ] --END-- [ RunTime:0.057259s ]
INFO: [ app_begin ] --START--
INFO: Run Behavior\ReadHtmlCacheBehavior [ RunTime:0.000908s ]
INFO: Run Behavior\CheckLangBehavior [ RunTime:0.032675s ]
INFO: [ app_begin ] --END-- [ RunTime:0.033695s ]

[ 2016-07-26T09:28:40+08:00 ] ::1 /zwj/admin.php/index/login.html
INFO: [ app_init ] --START--
INFO: Run Behavior\BuildLiteBehavior [ RunTime:0.000012s ]
INFO: Run Common\Behavior\InitHookBehavior [ RunTime:0.001738s ]
INFO: [ app_init ] --END-- [ RunTime:0.002071s ]
INFO: [ app_begin ] --START--
INFO: Run Behavior\ReadHtmlCacheBehavior [ RunTime:0.000478s ]
INFO: Run Behavior\CheckLangBehavior [ RunTime:0.001504s ]
INFO: [ app_begin ] --END-- [ RunTime:0.002102s ]
INFO: [ view_parse ] --START--
INFO: [ template_filter ] --START--
INFO: Run Behavior\ContentReplaceBehavior [ RunTime:0.000050s ]
INFO: [ template_filter ] --END-- [ RunTime:0.000107s ]
INFO: Run Behavior\ParseTemplateBehavior [ RunTime:0.053777s ]
INFO: [ view_parse ] --END-- [ RunTime:0.053845s ]
INFO: [ view_filter ] --START--
INFO: Run Behavior\WriteHtmlCacheBehavior [ RunTime:0.012649s ]
INFO: [ view_filter ] --END-- [ RunTime:0.012697s ]
INFO: [ app_end ] --START--
INFO: Run Behavior\ShowPageTraceBehavior [ RunTime:0.001277s ]
INFO: [ app_end ] --END-- [ RunTime:0.001319s ]

[ 2016-07-26T09:28:49+08:00 ] ::1 /zwj/admin.php/index/login.html
INFO: [ app_init ] --START--
INFO: Run Behavior\BuildLiteBehavior [ RunTime:0.000013s ]
INFO: Run Common\Behavior\InitHookBehavior [ RunTime:0.001905s ]
INFO: [ app_init ] --END-- [ RunTime:0.002324s ]
INFO: [ app_begin ] --START--
INFO: Run Behavior\ReadHtmlCacheBehavior [ RunTime:0.000562s ]
INFO: Run Behavior\CheckLangBehavior [ RunTime:0.001730s ]
INFO: [ app_begin ] --END-- [ RunTime:0.002381s ]
SQL: SHOW COLUMNS FROM `lyh_admin` [ RunTime:0.1526s ]
SQL: SELECT * FROM `lyh_admin` WHERE `adm_user` = 'admin' AND `is_effect` = 1 AND `is_delete` = 0 LIMIT 1   [ RunTime:0.0087s ]
SQL: SHOW COLUMNS FROM `lyh_log` [ RunTime:0.0395s ]
SQL: INSERT INTO `lyh_log` (`log_info`,`log_time`,`log_admin`,`log_ip`,`log_status`,`module`,`action`) VALUES ('admin登陆成功！','1469496529','1','0.0.0.0','1','Index','login') [ RunTime:0.0484s ]
SQL: SHOW COLUMNS FROM `lyh_admin` [ RunTime:0.0019s ]
SQL: UPDATE `lyh_admin` SET `adm_user`='admin',`adm_password`='3c086f596b4aee58e1d71b3626fefc87',`is_effect`='1',`is_delete`='0',`role_id`='1',`login_time`='1469496529',`login_ip`='0.0.0.0' WHERE `id` = 1 [ RunTime:0.0023s ]
INFO: [ view_parse ] --START--
INFO: [ template_filter ] --START--
INFO: Run Behavior\ContentReplaceBehavior [ RunTime:0.000046s ]
INFO: [ template_filter ] --END-- [ RunTime:0.000097s ]
INFO: Run Behavior\ParseTemplateBehavior [ RunTime:0.056816s ]
INFO: [ view_parse ] --END-- [ RunTime:0.056880s ]
INFO: [ view_filter ] --START--
INFO: Run Behavior\WriteHtmlCacheBehavior [ RunTime:0.000367s ]
INFO: [ view_filter ] --END-- [ RunTime:0.000400s ]
INFO: [ app_end ] --START--
INFO: Run Behavior\ShowPageTraceBehavior [ RunTime:0.000548s ]
INFO: [ app_end ] --END-- [ RunTime:0.000583s ]

[ 2016-07-26T09:28:51+08:00 ] ::1 /zwj/admin.php/Index/index.html
INFO: [ app_init ] --START--
INFO: Run Behavior\BuildLiteBehavior [ RunTime:0.000016s ]
INFO: Run Common\Behavior\InitHookBehavior [ RunTime:0.002352s ]
INFO: [ app_init ] --END-- [ RunTime:0.002805s ]
INFO: [ app_begin ] --START--
INFO: Run Behavior\ReadHtmlCacheBehavior [ RunTime:0.000824s ]
INFO: Run Behavior\CheckLangBehavior [ RunTime:0.002495s ]
INFO: [ app_begin ] --END-- [ RunTime:0.003439s ]
SQL: SHOW COLUMNS FROM `lyh_menu` [ RunTime:0.0429s ]
SQL: SELECT * FROM `lyh_menu` WHERE ( status = 1 and pid = 0 ) ORDER BY num asc  [ RunTime:0.0013s ]
SQL: SELECT * FROM `lyh_menu` WHERE ( status = 1 and pid = 1 ) ORDER BY num asc  [ RunTime:0.0007s ]
SQL: SELECT * FROM `lyh_menu` WHERE ( status = 1 and pid = 19 ) ORDER BY num asc  [ RunTime:0.0006s ]
SQL: SELECT * FROM `lyh_menu` WHERE ( status = 1 and pid = 21 ) ORDER BY num asc  [ RunTime:0.0005s ]
SQL: SELECT * FROM `lyh_menu` WHERE ( status = 1 and pid = 14 ) ORDER BY num asc  [ RunTime:0.0006s ]
SQL: SELECT * FROM `lyh_menu` WHERE ( status = 1 and pid = 4 ) ORDER BY num asc  [ RunTime:0.0005s ]
SQL: SELECT * FROM `lyh_menu` WHERE ( status = 1 and pid = 24 ) ORDER BY num asc  [ RunTime:0.0005s ]
SQL: SELECT * FROM `lyh_menu` WHERE ( status = 1 and pid = 2 ) ORDER BY num asc  [ RunTime:0.0005s ]
SQL: SELECT * FROM `lyh_menu` WHERE ( status = 1 and pid = 7 ) ORDER BY num asc  [ RunTime:0.0005s ]
SQL: SELECT * FROM `lyh_menu` WHERE ( status = 1 and pid = 8 ) ORDER BY num asc  [ RunTime:0.0005s ]
SQL: SELECT * FROM `lyh_menu` WHERE ( status = 1 and pid = 12 ) ORDER BY num asc  [ RunTime:0.0005s ]
SQL: SELECT * FROM `lyh_menu` WHERE ( status = 1 and pid = 26 ) ORDER BY num asc  [ RunTime:0.0007s ]
SQL: SELECT * FROM `lyh_menu` WHERE ( status = 1 and pid = 30 ) ORDER BY num asc  [ RunTime:0.0009s ]
SQL: SELECT * FROM `lyh_menu` WHERE ( status = 1 and pid = 31 ) ORDER BY num asc  [ RunTime:0.0007s ]
SQL: SELECT * FROM `lyh_menu` WHERE ( status = 1 and pid = 33 ) ORDER BY num asc  [ RunTime:0.0006s ]
INFO: [ view_parse ] --START--
INFO: [ template_filter ] --START--
INFO: Run Behavior\ContentReplaceBehavior [ RunTime:0.000095s ]
INFO: [ template_filter ] --END-- [ RunTime:0.000172s ]
INFO: Run Behavior\ParseTemplateBehavior [ RunTime:0.070919s ]
INFO: [ view_parse ] --END-- [ RunTime:0.071021s ]
INFO: [ view_filter ] --START--
INFO: Run Behavior\WriteHtmlCacheBehavior [ RunTime:0.000648s ]
INFO: [ view_filter ] --END-- [ RunTime:0.000712s ]
INFO: [ app_end ] --START--
INFO: Run Behavior\ShowPageTraceBehavior [ RunTime:0.001124s ]
INFO: [ app_end ] --END-- [ RunTime:0.001190s ]

[ 2016-07-26T09:28:53+08:00 ] ::1 /zwj/admin.php/index/home/menu_id/20.html
INFO: [ app_init ] --START--
INFO: Run Behavior\BuildLiteBehavior [ RunTime:0.000016s ]
INFO: Run Common\Behavior\InitHookBehavior [ RunTime:0.002149s ]
INFO: [ app_init ] --END-- [ RunTime:0.002602s ]
INFO: [ app_begin ] --START--
INFO: Run Behavior\ReadHtmlCacheBehavior [ RunTime:0.000587s ]
INFO: Run Behavior\CheckLangBehavior [ RunTime:0.001733s ]
INFO: [ app_begin ] --END-- [ RunTime:0.002422s ]
SQL: set interactive_timeout=24*3600 [ RunTime:0.0933s ]
INFO: [ view_parse ] --START--
INFO: [ template_filter ] --START--
INFO: Run Behavior\ContentReplaceBehavior [ RunTime:0.000141s ]
INFO: [ template_filter ] --END-- [ RunTime:0.000235s ]
NOTIC: [8] Use of undefined constant SYSTEM_VER - assumed 'SYSTEM_VER' E:\xampp\htdocs\zwj\Runtime\Cache\Admin\8aaadb31f2d26d849cb400504e368c01.php 第 60 行.
INFO: Run Behavior\ParseTemplateBehavior [ RunTime:0.097751s ]
INFO: [ view_parse ] --END-- [ RunTime:0.097851s ]
INFO: [ view_filter ] --START--
INFO: Run Behavior\WriteHtmlCacheBehavior [ RunTime:0.000396s ]
INFO: [ view_filter ] --END-- [ RunTime:0.000431s ]
INFO: [ app_end ] --START--
INFO: Run Behavior\ShowPageTraceBehavior [ RunTime:0.000610s ]
INFO: [ app_end ] --END-- [ RunTime:0.000647s ]

[ 2016-07-26T13:56:34+08:00 ] ::1 /zwj/admin.php/index/home/menu_id/20.html
INFO: [ app_init ] --START--
INFO: Run Behavior\BuildLiteBehavior [ RunTime:0.000016s ]
INFO: Run Common\Behavior\InitHookBehavior [ RunTime:0.002410s ]
INFO: [ app_init ] --END-- [ RunTime:0.002996s ]
INFO: [ app_begin ] --START--
INFO: Run Behavior\ReadHtmlCacheBehavior [ RunTime:0.001655s ]
INFO: Run Behavior\CheckLangBehavior [ RunTime:0.002215s ]
INFO: [ app_begin ] --END-- [ RunTime:0.003996s ]

[ 2016-07-26T13:56:34+08:00 ] ::1 /zwj/admin.php/index/login.html
INFO: [ app_init ] --START--
INFO: Run Behavior\BuildLiteBehavior [ RunTime:0.000018s ]
INFO: Run Common\Behavior\InitHookBehavior [ RunTime:0.001795s ]
INFO: [ app_init ] --END-- [ RunTime:0.002492s ]
INFO: [ app_begin ] --START--
INFO: Run Behavior\ReadHtmlCacheBehavior [ RunTime:0.000662s ]
INFO: Run Behavior\CheckLangBehavior [ RunTime:0.001729s ]
INFO: [ app_begin ] --END-- [ RunTime:0.002503s ]
INFO: [ view_parse ] --START--
INFO: [ template_filter ] --START--
INFO: Run Behavior\ContentReplaceBehavior [ RunTime:0.000049s ]
INFO: [ template_filter ] --END-- [ RunTime:0.000101s ]
INFO: Run Behavior\ParseTemplateBehavior [ RunTime:0.006850s ]
INFO: [ view_parse ] --END-- [ RunTime:0.006911s ]
INFO: [ view_filter ] --START--
INFO: Run Behavior\WriteHtmlCacheBehavior [ RunTime:0.000372s ]
INFO: [ view_filter ] --END-- [ RunTime:0.000407s ]
INFO: [ app_end ] --START--
INFO: Run Behavior\ShowPageTraceBehavior [ RunTime:0.000591s ]
INFO: [ app_end ] --END-- [ RunTime:0.000630s ]

