[ 2016-11-10T16:30:32+08:00 ] ::1 /zwj/admin.php
INFO: [ app_init ] --START--
INFO: Run Behavior\BuildLiteBehavior [ RunTime:0.000016s ]
INFO: Run Common\Behavior\InitHookBehavior [ RunTime:0.014551s ]
INFO: [ app_init ] --END-- [ RunTime:0.015791s ]
INFO: [ app_begin ] --START--
INFO: Run Behavior\ReadHtmlCacheBehavior [ RunTime:0.002321s ]
INFO: Run Behavior\CheckLangBehavior [ RunTime:0.024252s ]
INFO: [ app_begin ] --END-- [ RunTime:0.026691s ]

[ 2016-11-10T16:30:32+08:00 ] ::1 /zwj/admin.php/index/login.html
INFO: [ app_init ] --START--
INFO: Run Behavior\BuildLiteBehavior [ RunTime:0.000014s ]
INFO: Run Common\Behavior\InitHookBehavior [ RunTime:0.002733s ]
INFO: [ app_init ] --END-- [ RunTime:0.003359s ]
INFO: [ app_begin ] --START--
INFO: Run Behavior\ReadHtmlCacheBehavior [ RunTime:0.000800s ]
INFO: Run Behavior\CheckLangBehavior [ RunTime:0.002316s ]
INFO: [ app_begin ] --END-- [ RunTime:0.003215s ]
INFO: [ view_parse ] --START--
INFO: [ template_filter ] --START--
INFO: Run Behavior\ContentReplaceBehavior [ RunTime:0.000044s ]
INFO: [ template_filter ] --END-- [ RunTime:0.000092s ]
INFO: Run Behavior\ParseTemplateBehavior [ RunTime:0.041152s ]
INFO: [ view_parse ] --END-- [ RunTime:0.041218s ]
INFO: [ view_filter ] --START--
INFO: Run Behavior\WriteHtmlCacheBehavior [ RunTime:0.008683s ]
INFO: [ view_filter ] --END-- [ RunTime:0.008725s ]
INFO: [ app_end ] --START--
INFO: Run Behavior\ShowPageTraceBehavior [ RunTime:0.001539s ]
INFO: [ app_end ] --END-- [ RunTime:0.001581s ]

[ 2016-11-10T16:30:35+08:00 ] ::1 /zwj/admin.php/index/login.html
INFO: [ app_init ] --START--
INFO: Run Behavior\BuildLiteBehavior [ RunTime:0.000013s ]
INFO: Run Common\Behavior\InitHookBehavior [ RunTime:0.002782s ]
INFO: [ app_init ] --END-- [ RunTime:0.003270s ]
INFO: [ app_begin ] --START--
INFO: Run Behavior\ReadHtmlCacheBehavior [ RunTime:0.001019s ]
INFO: Run Behavior\CheckLangBehavior [ RunTime:0.002319s ]
INFO: [ app_begin ] --END-- [ RunTime:0.003473s ]
SQL: SHOW COLUMNS FROM `lyh_admin` [ RunTime:0.0289s ]
SQL: SELECT * FROM `lyh_admin` WHERE `adm_user` = 'admin' AND `is_effect` = 1 AND `is_delete` = 0 LIMIT 1   [ RunTime:0.0009s ]
SQL: SHOW COLUMNS FROM `lyh_log` [ RunTime:0.0041s ]
SQL: INSERT INTO `lyh_log` (`log_info`,`log_time`,`log_admin`,`log_ip`,`log_status`,`module`,`action`) VALUES ('admin登陆成功！','1478766635','1','0.0.0.0','1','Index','login') [ RunTime:0.0053s ]
SQL: SHOW COLUMNS FROM `lyh_admin` [ RunTime:0.0047s ]
SQL: UPDATE `lyh_admin` SET `adm_user`='admin',`adm_password`='3c086f596b4aee58e1d71b3626fefc87',`is_effect`='1',`is_delete`='0',`role_id`='1',`login_time`='1478766635',`login_ip`='0.0.0.0' WHERE `id` = 1 [ RunTime:0.0009s ]
INFO: [ view_parse ] --START--
INFO: [ template_filter ] --START--
INFO: Run Behavior\ContentReplaceBehavior [ RunTime:0.000099s ]
INFO: [ template_filter ] --END-- [ RunTime:0.000199s ]
INFO: Run Behavior\ParseTemplateBehavior [ RunTime:0.029368s ]
INFO: [ view_parse ] --END-- [ RunTime:0.029486s ]
INFO: [ view_filter ] --START--
INFO: Run Behavior\WriteHtmlCacheBehavior [ RunTime:0.001328s ]
INFO: [ view_filter ] --END-- [ RunTime:0.001404s ]
INFO: [ app_end ] --START--
INFO: Run Behavior\ShowPageTraceBehavior [ RunTime:0.001662s ]
INFO: [ app_end ] --END-- [ RunTime:0.001739s ]

[ 2016-11-10T16:30:37+08:00 ] ::1 /zwj/admin.php/Index/index.html
INFO: [ app_init ] --START--
INFO: Run Behavior\BuildLiteBehavior [ RunTime:0.000020s ]
INFO: Run Common\Behavior\InitHookBehavior [ RunTime:0.002403s ]
INFO: [ app_init ] --END-- [ RunTime:0.003101s ]
INFO: [ app_begin ] --START--
INFO: Run Behavior\ReadHtmlCacheBehavior [ RunTime:0.000674s ]
INFO: Run Behavior\CheckLangBehavior [ RunTime:0.001949s ]
INFO: [ app_begin ] --END-- [ RunTime:0.002708s ]
SQL: SHOW COLUMNS FROM `lyh_menu` [ RunTime:0.0053s ]
SQL: SELECT * FROM `lyh_menu` WHERE ( status = 1 and pid = 0 ) ORDER BY num asc  [ RunTime:0.0014s ]
SQL: SELECT * FROM `lyh_menu` WHERE ( status = 1 and pid = 1 ) ORDER BY num asc  [ RunTime:0.0008s ]
SQL: SELECT * FROM `lyh_menu` WHERE ( status = 1 and pid = 19 ) ORDER BY num asc  [ RunTime:0.0007s ]
SQL: SELECT * FROM `lyh_menu` WHERE ( status = 1 and pid = 21 ) ORDER BY num asc  [ RunTime:0.0007s ]
SQL: SELECT * FROM `lyh_menu` WHERE ( status = 1 and pid = 14 ) ORDER BY num asc  [ RunTime:0.0007s ]
SQL: SELECT * FROM `lyh_menu` WHERE ( status = 1 and pid = 4 ) ORDER BY num asc  [ RunTime:0.0007s ]
SQL: SELECT * FROM `lyh_menu` WHERE ( status = 1 and pid = 24 ) ORDER BY num asc  [ RunTime:0.0008s ]
SQL: SELECT * FROM `lyh_menu` WHERE ( status = 1 and pid = 2 ) ORDER BY num asc  [ RunTime:0.0007s ]
SQL: SELECT * FROM `lyh_menu` WHERE ( status = 1 and pid = 7 ) ORDER BY num asc  [ RunTime:0.0012s ]
SQL: SELECT * FROM `lyh_menu` WHERE ( status = 1 and pid = 8 ) ORDER BY num asc  [ RunTime:0.0005s ]
SQL: SELECT * FROM `lyh_menu` WHERE ( status = 1 and pid = 12 ) ORDER BY num asc  [ RunTime:0.0005s ]
SQL: SELECT * FROM `lyh_menu` WHERE ( status = 1 and pid = 26 ) ORDER BY num asc  [ RunTime:0.0004s ]
SQL: SELECT * FROM `lyh_menu` WHERE ( status = 1 and pid = 30 ) ORDER BY num asc  [ RunTime:0.0004s ]
SQL: SELECT * FROM `lyh_menu` WHERE ( status = 1 and pid = 31 ) ORDER BY num asc  [ RunTime:0.0004s ]
SQL: SELECT * FROM `lyh_menu` WHERE ( status = 1 and pid = 33 ) ORDER BY num asc  [ RunTime:0.0004s ]
INFO: [ view_parse ] --START--
INFO: [ template_filter ] --START--
INFO: Run Behavior\ContentReplaceBehavior [ RunTime:0.000074s ]
INFO: [ template_filter ] --END-- [ RunTime:0.000127s ]
INFO: Run Behavior\ParseTemplateBehavior [ RunTime:0.020516s ]
INFO: [ view_parse ] --END-- [ RunTime:0.020600s ]
INFO: [ view_filter ] --START--
INFO: Run Behavior\WriteHtmlCacheBehavior [ RunTime:0.000563s ]
INFO: [ view_filter ] --END-- [ RunTime:0.000608s ]
INFO: [ app_end ] --START--
INFO: Run Behavior\ShowPageTraceBehavior [ RunTime:0.000863s ]
INFO: [ app_end ] --END-- [ RunTime:0.000906s ]

[ 2016-11-10T16:30:39+08:00 ] ::1 /zwj/admin.php/index/home/menu_id/20.html
INFO: [ app_init ] --START--
INFO: Run Behavior\BuildLiteBehavior [ RunTime:0.000017s ]
INFO: Run Common\Behavior\InitHookBehavior [ RunTime:0.002182s ]
INFO: [ app_init ] --END-- [ RunTime:0.002707s ]
INFO: [ app_begin ] --START--
INFO: Run Behavior\ReadHtmlCacheBehavior [ RunTime:0.000782s ]
INFO: Run Behavior\CheckLangBehavior [ RunTime:0.002094s ]
INFO: [ app_begin ] --END-- [ RunTime:0.003113s ]
SQL: set interactive_timeout=24*3600 [ RunTime:0.0002s ]
INFO: [ view_parse ] --START--
INFO: [ template_filter ] --START--
INFO: Run Behavior\ContentReplaceBehavior [ RunTime:0.000120s ]
INFO: [ template_filter ] --END-- [ RunTime:0.000197s ]
NOTIC: [8] Use of undefined constant SYSTEM_VER - assumed 'SYSTEM_VER' E:\xampp\htdocs\zwj\Runtime\Cache\Admin\8aaadb31f2d26d849cb400504e368c01.php 第 60 行.
INFO: Run Behavior\ParseTemplateBehavior [ RunTime:0.078580s ]
INFO: [ view_parse ] --END-- [ RunTime:0.078666s ]
INFO: [ view_filter ] --START--
INFO: Run Behavior\WriteHtmlCacheBehavior [ RunTime:0.001123s ]
INFO: [ view_filter ] --END-- [ RunTime:0.001186s ]
INFO: [ app_end ] --START--
INFO: Run Behavior\ShowPageTraceBehavior [ RunTime:0.001262s ]
INFO: [ app_end ] --END-- [ RunTime:0.001327s ]

[ 2016-11-10T16:30:44+08:00 ] ::1 /zwj/admin.php/Menu/index/menu_id/3.html
INFO: [ app_init ] --START--
INFO: Run Behavior\BuildLiteBehavior [ RunTime:0.000029s ]
INFO: Run Common\Behavior\InitHookBehavior [ RunTime:0.003580s ]
INFO: [ app_init ] --END-- [ RunTime:0.004219s ]
INFO: [ app_begin ] --START--
INFO: Run Behavior\ReadHtmlCacheBehavior [ RunTime:0.000723s ]
INFO: Run Behavior\CheckLangBehavior [ RunTime:0.002317s ]
INFO: [ app_begin ] --END-- [ RunTime:0.003153s ]
SQL: SHOW COLUMNS FROM `lyh_menu` [ RunTime:0.0065s ]
NOTIC: [8] Undefined variable: where E:\xampp\htdocs\zwj\App\Admin\Controller\MenuController.class.php 第 19 行.
SQL: SELECT * FROM `lyh_menu` ORDER BY num  [ RunTime:0.0022s ]
NOTIC: [8] Undefined index: pid E:\xampp\htdocs\zwj\App\Admin\Controller\MenuController.class.php 第 23 行.
NOTIC: [8] Undefined index: pid E:\xampp\htdocs\zwj\App\Admin\Controller\MenuController.class.php 第 23 行.
NOTIC: [8] Undefined index: pid E:\xampp\htdocs\zwj\App\Admin\Controller\MenuController.class.php 第 23 行.
NOTIC: [8] Undefined index: pid E:\xampp\htdocs\zwj\App\Admin\Controller\MenuController.class.php 第 23 行.
NOTIC: [8] Undefined index: pid E:\xampp\htdocs\zwj\App\Admin\Controller\MenuController.class.php 第 23 行.
NOTIC: [8] Undefined index: pid E:\xampp\htdocs\zwj\App\Admin\Controller\MenuController.class.php 第 23 行.
NOTIC: [8] Undefined index: pid E:\xampp\htdocs\zwj\App\Admin\Controller\MenuController.class.php 第 23 行.
NOTIC: [8] Undefined index: pid E:\xampp\htdocs\zwj\App\Admin\Controller\MenuController.class.php 第 23 行.
NOTIC: [8] Undefined index: pid E:\xampp\htdocs\zwj\App\Admin\Controller\MenuController.class.php 第 23 行.
NOTIC: [8] Undefined index: pid E:\xampp\htdocs\zwj\App\Admin\Controller\MenuController.class.php 第 23 行.
NOTIC: [8] Undefined index: pid E:\xampp\htdocs\zwj\App\Admin\Controller\MenuController.class.php 第 23 行.
NOTIC: [8] Undefined index: pid E:\xampp\htdocs\zwj\App\Admin\Controller\MenuController.class.php 第 23 行.
NOTIC: [8] Undefined index: pid E:\xampp\htdocs\zwj\App\Admin\Controller\MenuController.class.php 第 23 行.
NOTIC: [8] Undefined index: pid E:\xampp\htdocs\zwj\App\Admin\Controller\MenuController.class.php 第 23 行.
NOTIC: [8] Undefined index: pid E:\xampp\htdocs\zwj\App\Admin\Controller\MenuController.class.php 第 23 行.
NOTIC: [8] Undefined index: pid E:\xampp\htdocs\zwj\App\Admin\Controller\MenuController.class.php 第 23 行.
NOTIC: [8] Undefined index: pid E:\xampp\htdocs\zwj\App\Admin\Controller\MenuController.class.php 第 23 行.
NOTIC: [8] Undefined index: pid E:\xampp\htdocs\zwj\App\Admin\Controller\MenuController.class.php 第 23 行.
NOTIC: [8] Undefined index: pid E:\xampp\htdocs\zwj\App\Admin\Controller\MenuController.class.php 第 23 行.
NOTIC: [8] Undefined index: pid E:\xampp\htdocs\zwj\App\Admin\Controller\MenuController.class.php 第 23 行.
NOTIC: [8] Undefined index: pid E:\xampp\htdocs\zwj\App\Admin\Controller\MenuController.class.php 第 23 行.
NOTIC: [8] Undefined index: pid E:\xampp\htdocs\zwj\App\Admin\Controller\MenuController.class.php 第 23 行.
NOTIC: [8] Undefined index: pid E:\xampp\htdocs\zwj\App\Admin\Controller\MenuController.class.php 第 23 行.
NOTIC: [8] Undefined index: pid E:\xampp\htdocs\zwj\App\Admin\Controller\MenuController.class.php 第 23 行.
NOTIC: [8] Undefined index: pid E:\xampp\htdocs\zwj\App\Admin\Controller\MenuController.class.php 第 23 行.
NOTIC: [8] Undefined index: pid E:\xampp\htdocs\zwj\App\Admin\Controller\MenuController.class.php 第 23 行.
NOTIC: [8] Undefined index: pid E:\xampp\htdocs\zwj\App\Admin\Controller\MenuController.class.php 第 23 行.
NOTIC: [8] Undefined index: pid E:\xampp\htdocs\zwj\App\Admin\Controller\MenuController.class.php 第 23 行.
NOTIC: [8] Undefined index: pid E:\xampp\htdocs\zwj\App\Admin\Controller\MenuController.class.php 第 23 行.
NOTIC: [8] Undefined index: pid E:\xampp\htdocs\zwj\App\Admin\Controller\MenuController.class.php 第 23 行.
NOTIC: [8] Undefined index: pid E:\xampp\htdocs\zwj\App\Admin\Controller\MenuController.class.php 第 23 行.
NOTIC: [8] Undefined index: pid E:\xampp\htdocs\zwj\App\Admin\Controller\MenuController.class.php 第 23 行.
NOTIC: [8] Undefined index: pid E:\xampp\htdocs\zwj\App\Admin\Controller\MenuController.class.php 第 23 行.
NOTIC: [8] Undefined index: pid E:\xampp\htdocs\zwj\App\Admin\Controller\MenuController.class.php 第 23 行.
NOTIC: [8] Undefined index: pid E:\xampp\htdocs\zwj\App\Admin\Controller\MenuController.class.php 第 23 行.
NOTIC: [8] Undefined variable: parentid E:\xampp\htdocs\zwj\ThinkPHP\Library\Think\Tree.class.php 第 123 行.
NOTIC: [8] Undefined variable: parentid E:\xampp\htdocs\zwj\ThinkPHP\Library\Think\Tree.class.php 第 123 行.
NOTIC: [8] Undefined variable: parentid E:\xampp\htdocs\zwj\ThinkPHP\Library\Think\Tree.class.php 第 123 行.
NOTIC: [8] Undefined variable: parentid E:\xampp\htdocs\zwj\ThinkPHP\Library\Think\Tree.class.php 第 123 行.
NOTIC: [8] Undefined variable: parentid E:\xampp\htdocs\zwj\ThinkPHP\Library\Think\Tree.class.php 第 123 行.
NOTIC: [8] Undefined variable: parentid E:\xampp\htdocs\zwj\ThinkPHP\Library\Think\Tree.class.php 第 123 行.
NOTIC: [8] Undefined variable: parentid E:\xampp\htdocs\zwj\ThinkPHP\Library\Think\Tree.class.php 第 123 行.
NOTIC: [8] Undefined variable: parentid E:\xampp\htdocs\zwj\ThinkPHP\Library\Think\Tree.class.php 第 123 行.
NOTIC: [8] Undefined variable: parentid E:\xampp\htdocs\zwj\ThinkPHP\Library\Think\Tree.class.php 第 123 行.
NOTIC: [8] Undefined variable: parentid E:\xampp\htdocs\zwj\ThinkPHP\Library\Think\Tree.class.php 第 123 行.
NOTIC: [8] Undefined variable: parentid E:\xampp\htdocs\zwj\ThinkPHP\Library\Think\Tree.class.php 第 123 行.
NOTIC: [8] Undefined variable: parentid E:\xampp\htdocs\zwj\ThinkPHP\Library\Think\Tree.class.php 第 123 行.
NOTIC: [8] Undefined variable: parentid E:\xampp\htdocs\zwj\ThinkPHP\Library\Think\Tree.class.php 第 123 行.
NOTIC: [8] Undefined variable: parentid E:\xampp\htdocs\zwj\ThinkPHP\Library\Think\Tree.class.php 第 123 行.
NOTIC: [8] Undefined variable: parentid E:\xampp\htdocs\zwj\ThinkPHP\Library\Think\Tree.class.php 第 123 行.
NOTIC: [8] Undefined variable: parentid E:\xampp\htdocs\zwj\ThinkPHP\Library\Think\Tree.class.php 第 123 行.
NOTIC: [8] Undefined variable: parentid E:\xampp\htdocs\zwj\ThinkPHP\Library\Think\Tree.class.php 第 123 行.
NOTIC: [8] Undefined variable: parentid E:\xampp\htdocs\zwj\ThinkPHP\Library\Think\Tree.class.php 第 123 行.
NOTIC: [8] Undefined variable: parentid E:\xampp\htdocs\zwj\ThinkPHP\Library\Think\Tree.class.php 第 123 行.
NOTIC: [8] Undefined variable: parentid E:\xampp\htdocs\zwj\ThinkPHP\Library\Think\Tree.class.php 第 123 行.
NOTIC: [8] Undefined variable: parentid E:\xampp\htdocs\zwj\ThinkPHP\Library\Think\Tree.class.php 第 123 行.
NOTIC: [8] Undefined variable: parentid E:\xampp\htdocs\zwj\ThinkPHP\Library\Think\Tree.class.php 第 123 行.
NOTIC: [8] Undefined variable: parentid E:\xampp\htdocs\zwj\ThinkPHP\Library\Think\Tree.class.php 第 123 行.
NOTIC: [8] Undefined variable: parentid E:\xampp\htdocs\zwj\ThinkPHP\Library\Think\Tree.class.php 第 123 行.
NOTIC: [8] Undefined variable: parentid E:\xampp\htdocs\zwj\ThinkPHP\Library\Think\Tree.class.php 第 123 行.
NOTIC: [8] Undefined variable: parentid E:\xampp\htdocs\zwj\ThinkPHP\Library\Think\Tree.class.php 第 123 行.
NOTIC: [8] Undefined variable: parentid E:\xampp\htdocs\zwj\ThinkPHP\Library\Think\Tree.class.php 第 123 行.
NOTIC: [8] Undefined variable: parentid E:\xampp\htdocs\zwj\ThinkPHP\Library\Think\Tree.class.php 第 123 行.
NOTIC: [8] Undefined variable: parentid E:\xampp\htdocs\zwj\ThinkPHP\Library\Think\Tree.class.php 第 123 行.
NOTIC: [8] Undefined variable: parentid E:\xampp\htdocs\zwj\ThinkPHP\Library\Think\Tree.class.php 第 123 行.
NOTIC: [8] Undefined variable: parentid E:\xampp\htdocs\zwj\ThinkPHP\Library\Think\Tree.class.php 第 123 行.
NOTIC: [8] Undefined variable: parentid E:\xampp\htdocs\zwj\ThinkPHP\Library\Think\Tree.class.php 第 123 行.
NOTIC: [8] Undefined variable: parentid E:\xampp\htdocs\zwj\ThinkPHP\Library\Think\Tree.class.php 第 123 行.
NOTIC: [8] Undefined variable: parentid E:\xampp\htdocs\zwj\ThinkPHP\Library\Think\Tree.class.php 第 123 行.
NOTIC: [8] Undefined variable: parentid E:\xampp\htdocs\zwj\ThinkPHP\Library\Think\Tree.class.php 第 123 行.
INFO: [ view_parse ] --START--
INFO: [ template_filter ] --START--
INFO: Run Behavior\ContentReplaceBehavior [ RunTime:0.000105s ]
INFO: [ template_filter ] --END-- [ RunTime:0.000169s ]
NOTIC: [8] Undefined variable: menuname E:\xampp\htdocs\zwj\Runtime\Cache\Admin\5a1d71dcf039f1b3725a8d8d96ae9d91.php 第 54 行.
INFO: Run Behavior\ParseTemplateBehavior [ RunTime:0.050372s ]
INFO: [ view_parse ] --END-- [ RunTime:0.050432s ]
INFO: [ view_filter ] --START--
INFO: Run Behavior\WriteHtmlCacheBehavior [ RunTime:0.000666s ]
INFO: [ view_filter ] --END-- [ RunTime:0.000725s ]
INFO: [ app_end ] --START--
INFO: Run Behavior\ShowPageTraceBehavior [ RunTime:0.001968s ]
INFO: [ app_end ] --END-- [ RunTime:0.002078s ]

[ 2016-11-10T16:30:48+08:00 ] ::1 /zwj/admin.php/menu/table/pid/25.html
INFO: [ app_init ] --START--
INFO: Run Behavior\BuildLiteBehavior [ RunTime:0.000012s ]
INFO: Run Common\Behavior\InitHookBehavior [ RunTime:0.001709s ]
INFO: [ app_init ] --END-- [ RunTime:0.002124s ]
INFO: [ app_begin ] --START--
INFO: Run Behavior\ReadHtmlCacheBehavior [ RunTime:0.000739s ]
INFO: Run Behavior\CheckLangBehavior [ RunTime:0.001787s ]
INFO: [ app_begin ] --END-- [ RunTime:0.002613s ]
SQL: SHOW COLUMNS FROM `lyh_menu` [ RunTime:0.0037s ]
SQL: SELECT `model` FROM `lyh_menu` WHERE ( id = 25 ) LIMIT 1   [ RunTime:0.0006s ]
SQL: SHOW COLUMNS FROM `lyh_table` [ RunTime:0.0046s ]
SQL: SELECT * FROM `lyh_table` WHERE `table` = 'User' ORDER BY sort asc  [ RunTime:0.0009s ]
SQL: SELECT `id` FROM `lyh_table` WHERE `table` = 'User' ORDER BY id desc LIMIT 1   [ RunTime:0.0005s ]
SQL: SHOW COLUMNS FROM `lyh_operate` [ RunTime:0.0035s ]
SQL: SELECT * FROM `lyh_operate` WHERE `table` = 'User' AND `menu_id` = 25 ORDER BY sort asc  [ RunTime:0.0011s ]
SQL: SELECT `id` FROM `lyh_operate` WHERE `table` = 'User' AND `menu_id` = 25 ORDER BY id desc LIMIT 1   [ RunTime:0.0005s ]
SQL: SELECT DISTINCT  `table` FROM `lyh_table`  [ RunTime:0.0007s ]
SQL: SHOW COLUMNS FROM `lyh_menu` [ RunTime:0.0029s ]
SQL: SELECT `name` FROM `lyh_menu` WHERE `model` = 'adv' LIMIT 1   [ RunTime:0.0003s ]
SQL: SELECT `name` FROM `lyh_menu` WHERE `model` = 'user' LIMIT 1   [ RunTime:0.0003s ]
SQL: SELECT `name` FROM `lyh_menu` WHERE `model` = 'record' LIMIT 1   [ RunTime:0.0003s ]
SQL: SELECT `name` FROM `lyh_menu` WHERE `model` = 'good_cate' LIMIT 1   [ RunTime:0.0003s ]
SQL: SELECT `name` FROM `lyh_menu` WHERE `model` = 'goods' LIMIT 1   [ RunTime:0.0004s ]
SQL: SELECT `name` FROM `lyh_menu` WHERE `model` = 'cart' LIMIT 1   [ RunTime:0.0003s ]
INFO: [ view_parse ] --START--
INFO: [ template_filter ] --START--
INFO: Run Behavior\ContentReplaceBehavior [ RunTime:0.000176s ]
INFO: [ template_filter ] --END-- [ RunTime:0.000226s ]
INFO: Run Behavior\ParseTemplateBehavior [ RunTime:0.032862s ]
INFO: [ view_parse ] --END-- [ RunTime:0.032943s ]
INFO: [ view_filter ] --START--
INFO: Run Behavior\WriteHtmlCacheBehavior [ RunTime:0.000811s ]
INFO: [ view_filter ] --END-- [ RunTime:0.000864s ]
INFO: [ app_end ] --START--
INFO: Run Behavior\ShowPageTraceBehavior [ RunTime:0.001091s ]
INFO: [ app_end ] --END-- [ RunTime:0.001161s ]

