[ 2016-11-30T14:05:31+08:00 ] ::1 /zwj/admin.php/index/login.html
INFO: [ app_init ] --START--
INFO: Run Behavior\BuildLiteBehavior [ RunTime:0.000026s ]
INFO: Run Common\Behavior\InitHookBehavior [ RunTime:0.044236s ]
INFO: [ app_init ] --END-- [ RunTime:0.045772s ]
INFO: [ app_begin ] --START--
INFO: Run Behavior\ReadHtmlCacheBehavior [ RunTime:0.002027s ]
INFO: Run Behavior\CheckLangBehavior [ RunTime:0.032457s ]
INFO: [ app_begin ] --END-- [ RunTime:0.034598s ]
INFO: [ view_parse ] --START--
INFO: [ template_filter ] --START--
INFO: Run Behavior\ContentReplaceBehavior [ RunTime:0.000060s ]
INFO: [ template_filter ] --END-- [ RunTime:0.000123s ]
INFO: Run Behavior\ParseTemplateBehavior [ RunTime:0.062232s ]
INFO: [ view_parse ] --END-- [ RunTime:0.062332s ]
INFO: [ view_filter ] --START--
INFO: Run Behavior\WriteHtmlCacheBehavior [ RunTime:0.020769s ]
INFO: [ view_filter ] --END-- [ RunTime:0.020824s ]
INFO: [ app_end ] --START--
INFO: Run Behavior\ShowPageTraceBehavior [ RunTime:0.008559s ]
INFO: [ app_end ] --END-- [ RunTime:0.008694s ]

[ 2016-11-30T14:05:36+08:00 ] ::1 /zwj/admin.php/index/login.html
INFO: [ app_init ] --START--
INFO: Run Behavior\BuildLiteBehavior [ RunTime:0.000014s ]
INFO: Run Common\Behavior\InitHookBehavior [ RunTime:0.002100s ]
INFO: [ app_init ] --END-- [ RunTime:0.002544s ]
INFO: [ app_begin ] --START--
INFO: Run Behavior\ReadHtmlCacheBehavior [ RunTime:0.000645s ]
INFO: Run Behavior\CheckLangBehavior [ RunTime:0.001819s ]
INFO: [ app_begin ] --END-- [ RunTime:0.002543s ]
SQL: SHOW COLUMNS FROM `lyh_admin` [ RunTime:0.0569s ]
SQL: SELECT * FROM `lyh_admin` WHERE `adm_user` = 'admin' AND `is_effect` = 1 AND `is_delete` = 0 LIMIT 1   [ RunTime:0.0012s ]
SQL: SHOW COLUMNS FROM `lyh_log` [ RunTime:0.0243s ]
SQL: INSERT INTO `lyh_log` (`log_info`,`log_time`,`log_admin`,`log_ip`,`log_status`,`module`,`action`) VALUES ('admin登陆成功！','1480485936','1','0.0.0.0','1','Index','login') [ RunTime:0.0208s ]
SQL: SHOW COLUMNS FROM `lyh_admin` [ RunTime:0.0031s ]
SQL: UPDATE `lyh_admin` SET `adm_user`='admin',`adm_password`='3c086f596b4aee58e1d71b3626fefc87',`is_effect`='1',`is_delete`='0',`role_id`='1',`login_time`='1480485936',`login_ip`='0.0.0.0' WHERE `id` = 1 [ RunTime:0.0004s ]
INFO: [ view_parse ] --START--
INFO: [ template_filter ] --START--
INFO: Run Behavior\ContentReplaceBehavior [ RunTime:0.000073s ]
INFO: [ template_filter ] --END-- [ RunTime:0.000145s ]
INFO: Run Behavior\ParseTemplateBehavior [ RunTime:0.034506s ]
INFO: [ view_parse ] --END-- [ RunTime:0.034591s ]
INFO: [ view_filter ] --START--
INFO: Run Behavior\WriteHtmlCacheBehavior [ RunTime:0.000670s ]
INFO: [ view_filter ] --END-- [ RunTime:0.000725s ]
INFO: [ app_end ] --START--
INFO: Run Behavior\ShowPageTraceBehavior [ RunTime:0.001183s ]
INFO: [ app_end ] --END-- [ RunTime:0.001245s ]

[ 2016-11-30T14:05:38+08:00 ] ::1 /zwj/admin.php/Index/index.html
INFO: [ app_init ] --START--
INFO: Run Behavior\BuildLiteBehavior [ RunTime:0.000020s ]
INFO: Run Common\Behavior\InitHookBehavior [ RunTime:0.003846s ]
INFO: [ app_init ] --END-- [ RunTime:0.004488s ]
INFO: [ app_begin ] --START--
INFO: Run Behavior\ReadHtmlCacheBehavior [ RunTime:0.000721s ]
INFO: Run Behavior\CheckLangBehavior [ RunTime:0.002013s ]
INFO: [ app_begin ] --END-- [ RunTime:0.002843s ]
SQL: SHOW COLUMNS FROM `lyh_menu` [ RunTime:0.0447s ]
SQL: SELECT * FROM `lyh_menu` WHERE ( status = 1 and pid = 0 ) ORDER BY num asc  [ RunTime:0.0007s ]
SQL: SELECT * FROM `lyh_menu` WHERE ( status = 1 and pid = 1 ) ORDER BY num asc  [ RunTime:0.0006s ]
SQL: SELECT * FROM `lyh_menu` WHERE ( status = 1 and pid = 19 ) ORDER BY num asc  [ RunTime:0.0006s ]
SQL: SELECT * FROM `lyh_menu` WHERE ( status = 1 and pid = 21 ) ORDER BY num asc  [ RunTime:0.0007s ]
SQL: SELECT * FROM `lyh_menu` WHERE ( status = 1 and pid = 14 ) ORDER BY num asc  [ RunTime:0.0007s ]
SQL: SELECT * FROM `lyh_menu` WHERE ( status = 1 and pid = 4 ) ORDER BY num asc  [ RunTime:0.0008s ]
SQL: SELECT * FROM `lyh_menu` WHERE ( status = 1 and pid = 24 ) ORDER BY num asc  [ RunTime:0.0006s ]
SQL: SELECT * FROM `lyh_menu` WHERE ( status = 1 and pid = 2 ) ORDER BY num asc  [ RunTime:0.0005s ]
SQL: SELECT * FROM `lyh_menu` WHERE ( status = 1 and pid = 7 ) ORDER BY num asc  [ RunTime:0.0006s ]
SQL: SELECT * FROM `lyh_menu` WHERE ( status = 1 and pid = 8 ) ORDER BY num asc  [ RunTime:0.0006s ]
SQL: SELECT * FROM `lyh_menu` WHERE ( status = 1 and pid = 12 ) ORDER BY num asc  [ RunTime:0.0005s ]
SQL: SELECT * FROM `lyh_menu` WHERE ( status = 1 and pid = 26 ) ORDER BY num asc  [ RunTime:0.0005s ]
SQL: SELECT * FROM `lyh_menu` WHERE ( status = 1 and pid = 30 ) ORDER BY num asc  [ RunTime:0.0005s ]
SQL: SELECT * FROM `lyh_menu` WHERE ( status = 1 and pid = 31 ) ORDER BY num asc  [ RunTime:0.0005s ]
SQL: SELECT * FROM `lyh_menu` WHERE ( status = 1 and pid = 33 ) ORDER BY num asc  [ RunTime:0.0006s ]
INFO: [ view_parse ] --START--
INFO: [ template_filter ] --START--
INFO: Run Behavior\ContentReplaceBehavior [ RunTime:0.000111s ]
INFO: [ template_filter ] --END-- [ RunTime:0.000201s ]
INFO: Run Behavior\ParseTemplateBehavior [ RunTime:0.029831s ]
INFO: [ view_parse ] --END-- [ RunTime:0.029947s ]
INFO: [ view_filter ] --START--
INFO: Run Behavior\WriteHtmlCacheBehavior [ RunTime:0.001341s ]
INFO: [ view_filter ] --END-- [ RunTime:0.001428s ]
INFO: [ app_end ] --START--
INFO: Run Behavior\ShowPageTraceBehavior [ RunTime:0.001470s ]
INFO: [ app_end ] --END-- [ RunTime:0.001546s ]

[ 2016-11-30T14:05:40+08:00 ] ::1 /zwj/admin.php/index/home/menu_id/20.html
INFO: [ app_init ] --START--
INFO: Run Behavior\BuildLiteBehavior [ RunTime:0.000016s ]
INFO: Run Common\Behavior\InitHookBehavior [ RunTime:0.003324s ]
INFO: [ app_init ] --END-- [ RunTime:0.003939s ]
INFO: [ app_begin ] --START--
INFO: Run Behavior\ReadHtmlCacheBehavior [ RunTime:0.000937s ]
INFO: Run Behavior\CheckLangBehavior [ RunTime:0.002340s ]
INFO: [ app_begin ] --END-- [ RunTime:0.003415s ]
SQL: set interactive_timeout=24*3600 [ RunTime:0.0002s ]
INFO: [ view_parse ] --START--
INFO: [ template_filter ] --START--
INFO: Run Behavior\ContentReplaceBehavior [ RunTime:0.000105s ]
INFO: [ template_filter ] --END-- [ RunTime:0.000180s ]
NOTIC: [8] Use of undefined constant SYSTEM_VER - assumed 'SYSTEM_VER' E:\xampp\htdocs\zwj\Runtime\Cache\Admin\8aaadb31f2d26d849cb400504e368c01.php 第 60 行.
INFO: Run Behavior\ParseTemplateBehavior [ RunTime:0.043697s ]
INFO: [ view_parse ] --END-- [ RunTime:0.043790s ]
INFO: [ view_filter ] --START--
INFO: Run Behavior\WriteHtmlCacheBehavior [ RunTime:0.000839s ]
INFO: [ view_filter ] --END-- [ RunTime:0.000905s ]
INFO: [ app_end ] --START--
INFO: Run Behavior\ShowPageTraceBehavior [ RunTime:0.001215s ]
INFO: [ app_end ] --END-- [ RunTime:0.001278s ]

[ 2016-11-30T14:05:56+08:00 ] ::1 /zwj/admin.php/Ceshi/index.html
INFO: [ app_init ] --START--
INFO: Run Behavior\BuildLiteBehavior [ RunTime:0.000012s ]
INFO: Run Common\Behavior\InitHookBehavior [ RunTime:0.002414s ]
INFO: [ app_init ] --END-- [ RunTime:0.002777s ]
INFO: [ app_begin ] --START--
INFO: Run Behavior\ReadHtmlCacheBehavior [ RunTime:0.000710s ]
INFO: Run Behavior\CheckLangBehavior [ RunTime:0.001917s ]
INFO: [ app_begin ] --END-- [ RunTime:0.002719s ]
ERR: SQLSTATE[42S02]: Base table or view not found: 1146 Table 'zwjlyh.lyh_ceshi' doesn't exist

[ 2016-11-30T14:06:06+08:00 ] ::1 /zwj/admin.php/Index/index.html
INFO: [ app_init ] --START--
INFO: Run Behavior\BuildLiteBehavior [ RunTime:0.000013s ]
INFO: Run Common\Behavior\InitHookBehavior [ RunTime:0.002154s ]
INFO: [ app_init ] --END-- [ RunTime:0.002537s ]
INFO: [ app_begin ] --START--
INFO: Run Behavior\ReadHtmlCacheBehavior [ RunTime:0.000605s ]
INFO: Run Behavior\CheckLangBehavior [ RunTime:0.002586s ]
INFO: [ app_begin ] --END-- [ RunTime:0.003317s ]
SQL: SHOW COLUMNS FROM `lyh_menu` [ RunTime:0.0051s ]
SQL: SELECT * FROM `lyh_menu` WHERE ( status = 1 and pid = 0 ) ORDER BY num asc  [ RunTime:0.0012s ]
SQL: SELECT * FROM `lyh_menu` WHERE ( status = 1 and pid = 1 ) ORDER BY num asc  [ RunTime:0.0011s ]
SQL: SELECT * FROM `lyh_menu` WHERE ( status = 1 and pid = 19 ) ORDER BY num asc  [ RunTime:0.0009s ]
SQL: SELECT * FROM `lyh_menu` WHERE ( status = 1 and pid = 21 ) ORDER BY num asc  [ RunTime:0.0008s ]
SQL: SELECT * FROM `lyh_menu` WHERE ( status = 1 and pid = 14 ) ORDER BY num asc  [ RunTime:0.0007s ]
SQL: SELECT * FROM `lyh_menu` WHERE ( status = 1 and pid = 4 ) ORDER BY num asc  [ RunTime:0.0007s ]
SQL: SELECT * FROM `lyh_menu` WHERE ( status = 1 and pid = 24 ) ORDER BY num asc  [ RunTime:0.0008s ]
SQL: SELECT * FROM `lyh_menu` WHERE ( status = 1 and pid = 2 ) ORDER BY num asc  [ RunTime:0.0007s ]
SQL: SELECT * FROM `lyh_menu` WHERE ( status = 1 and pid = 7 ) ORDER BY num asc  [ RunTime:0.0007s ]
SQL: SELECT * FROM `lyh_menu` WHERE ( status = 1 and pid = 8 ) ORDER BY num asc  [ RunTime:0.0007s ]
SQL: SELECT * FROM `lyh_menu` WHERE ( status = 1 and pid = 12 ) ORDER BY num asc  [ RunTime:0.0007s ]
SQL: SELECT * FROM `lyh_menu` WHERE ( status = 1 and pid = 26 ) ORDER BY num asc  [ RunTime:0.0008s ]
SQL: SELECT * FROM `lyh_menu` WHERE ( status = 1 and pid = 30 ) ORDER BY num asc  [ RunTime:0.0006s ]
SQL: SELECT * FROM `lyh_menu` WHERE ( status = 1 and pid = 31 ) ORDER BY num asc  [ RunTime:0.0006s ]
SQL: SELECT * FROM `lyh_menu` WHERE ( status = 1 and pid = 33 ) ORDER BY num asc  [ RunTime:0.0005s ]
INFO: [ view_parse ] --START--
INFO: [ template_filter ] --START--
INFO: Run Behavior\ContentReplaceBehavior [ RunTime:0.000083s ]
INFO: [ template_filter ] --END-- [ RunTime:0.000160s ]
INFO: Run Behavior\ParseTemplateBehavior [ RunTime:0.011099s ]
INFO: [ view_parse ] --END-- [ RunTime:0.011166s ]
INFO: [ view_filter ] --START--
INFO: Run Behavior\WriteHtmlCacheBehavior [ RunTime:0.000561s ]
INFO: [ view_filter ] --END-- [ RunTime:0.000613s ]
INFO: [ app_end ] --START--
INFO: Run Behavior\ShowPageTraceBehavior [ RunTime:0.001349s ]
INFO: [ app_end ] --END-- [ RunTime:0.001412s ]

[ 2016-11-30T14:06:06+08:00 ] ::1 /zwj/admin.php/index/login.html
INFO: [ app_init ] --START--
INFO: Run Behavior\BuildLiteBehavior [ RunTime:0.000013s ]
INFO: Run Common\Behavior\InitHookBehavior [ RunTime:0.002397s ]
INFO: [ app_init ] --END-- [ RunTime:0.002769s ]
INFO: [ app_begin ] --START--
INFO: Run Behavior\ReadHtmlCacheBehavior [ RunTime:0.000643s ]
INFO: Run Behavior\CheckLangBehavior [ RunTime:0.001908s ]
INFO: [ app_begin ] --END-- [ RunTime:0.002626s ]
INFO: [ view_parse ] --START--
INFO: [ template_filter ] --START--
INFO: Run Behavior\ContentReplaceBehavior [ RunTime:0.000045s ]
INFO: [ template_filter ] --END-- [ RunTime:0.000094s ]
INFO: Run Behavior\ParseTemplateBehavior [ RunTime:0.007563s ]
INFO: [ view_parse ] --END-- [ RunTime:0.007696s ]
INFO: [ view_filter ] --START--
INFO: Run Behavior\WriteHtmlCacheBehavior [ RunTime:0.000683s ]
INFO: [ view_filter ] --END-- [ RunTime:0.000721s ]
INFO: [ app_end ] --START--
INFO: Run Behavior\ShowPageTraceBehavior [ RunTime:0.000682s ]
INFO: [ app_end ] --END-- [ RunTime:0.000721s ]

